[2026-05-19T15:21:02.300+0000] {local_task_job_runner.py:120} INFO - ::group::Pre task execution logs
[2026-05-19T15:21:02.318+0000] {taskinstance.py:2076} INFO - Dependencies all met for dep_context=non-requeueable deps ti=<TaskInstance: cifar10_training_pipeline.check_environment manual__2026-05-19T15:21:00.627251+00:00 [queued]>
[2026-05-19T15:21:02.324+0000] {taskinstance.py:2076} INFO - Dependencies all met for dep_context=requeueable deps ti=<TaskInstance: cifar10_training_pipeline.check_environment manual__2026-05-19T15:21:00.627251+00:00 [queued]>
[2026-05-19T15:21:02.324+0000] {taskinstance.py:2306} INFO - Starting attempt 1 of 1
[2026-05-19T15:21:02.335+0000] {taskinstance.py:2330} INFO - Executing <Task(BashOperator): check_environment> on 2026-05-19 15:21:00.627251+00:00
[2026-05-19T15:21:02.341+0000] {warnings.py:112} WARNING - /home/***/.local/lib/python3.12/site-packages/***/task/task_runner/standard_task_runner.py:62: DeprecationWarning: This process (pid=42) is multi-threaded, use of fork() may lead to deadlocks in the child.
  pid = os.fork()

[2026-05-19T15:21:02.342+0000] {standard_task_runner.py:64} INFO - Started process 43 to run task
[2026-05-19T15:21:02.342+0000] {standard_task_runner.py:90} INFO - Running: ['***', 'tasks', 'run', 'cifar10_training_pipeline', 'check_environment', 'manual__2026-05-19T15:21:00.627251+00:00', '--job-id', '11', '--raw', '--subdir', 'DAGS_FOLDER/cifar10_training_dag.py', '--cfg-path', '/tmp/tmp83aewywe']
[2026-05-19T15:21:02.343+0000] {standard_task_runner.py:91} INFO - Job 11: Subtask check_environment
[2026-05-19T15:21:02.379+0000] {task_command.py:426} INFO - Running <TaskInstance: cifar10_training_pipeline.check_environment manual__2026-05-19T15:21:00.627251+00:00 [running]> on host 3b73f61fe421
[2026-05-19T15:21:02.470+0000] {taskinstance.py:2648} INFO - Exporting env vars: AIRFLOW_CTX_DAG_OWNER='jeevan' AIRFLOW_CTX_DAG_ID='cifar10_training_pipeline' AIRFLOW_CTX_TASK_ID='check_environment' AIRFLOW_CTX_EXECUTION_DATE='2026-05-19T15:21:00.627251+00:00' AIRFLOW_CTX_TRY_NUMBER='1' AIRFLOW_CTX_DAG_RUN_ID='manual__2026-05-19T15:21:00.627251+00:00'
[2026-05-19T15:21:02.470+0000] {taskinstance.py:430} INFO - ::endgroup::
[2026-05-19T15:21:02.503+0000] {subprocess.py:63} INFO - Tmp dir root location: /tmp
[2026-05-19T15:21:02.504+0000] {subprocess.py:75} INFO - Running command: ['/usr/bin/bash', '-c', '\n        cd /opt/***/project &&         python --version &&         python -c "import torch, mlflow; print(\'Environment OK\')"\n        ']
[2026-05-19T15:21:02.518+0000] {subprocess.py:86} INFO - Output:
[2026-05-19T15:21:02.523+0000] {subprocess.py:93} INFO - Python 3.12.4
[2026-05-19T15:21:13.135+0000] {subprocess.py:93} INFO - Environment OK
[2026-05-19T15:21:16.467+0000] {subprocess.py:97} INFO - Command exited with return code 0
[2026-05-19T15:21:16.467+0000] {taskinstance.py:441} INFO - ::group::Post task execution logs
[2026-05-19T15:21:16.487+0000] {taskinstance.py:1206} INFO - Marking task as SUCCESS. dag_id=cifar10_training_pipeline, task_id=check_environment, run_id=manual__2026-05-19T15:21:00.627251+00:00, execution_date=20260519T152100, start_date=20260519T152102, end_date=20260519T152116
[2026-05-19T15:21:16.505+0000] {local_task_job_runner.py:243} INFO - Task exited with return code 0
[2026-05-19T15:21:16.524+0000] {taskinstance.py:3503} INFO - 1 downstream tasks scheduled from follow-on schedule check
[2026-05-19T15:21:16.525+0000] {local_task_job_runner.py:222} INFO - ::endgroup::
