[2026-05-19T15:22:08.784+0000] {local_task_job_runner.py:120} INFO - ::group::Pre task execution logs
[2026-05-19T15:22:08.838+0000] {taskinstance.py:2076} INFO - Dependencies all met for dep_context=non-requeueable deps ti=<TaskInstance: cifar10_training_pipeline.check_environment manual__2026-05-19T15:22:06.738092+00:00 [queued]>
[2026-05-19T15:22:08.856+0000] {taskinstance.py:2076} INFO - Dependencies all met for dep_context=requeueable deps ti=<TaskInstance: cifar10_training_pipeline.check_environment manual__2026-05-19T15:22:06.738092+00:00 [queued]>
[2026-05-19T15:22:08.856+0000] {taskinstance.py:2306} INFO - Starting attempt 1 of 1
[2026-05-19T15:22:08.889+0000] {taskinstance.py:2330} INFO - Executing <Task(BashOperator): check_environment> on 2026-05-19 15:22:06.738092+00:00
[2026-05-19T15:22:08.906+0000] {warnings.py:112} WARNING - /home/***/.local/lib/python3.12/site-packages/***/task/task_runner/standard_task_runner.py:62: DeprecationWarning: This process (pid=86) is multi-threaded, use of fork() may lead to deadlocks in the child.
  pid = os.fork()

[2026-05-19T15:22:08.907+0000] {standard_task_runner.py:64} INFO - Started process 87 to run task
[2026-05-19T15:22:08.909+0000] {standard_task_runner.py:90} INFO - Running: ['***', 'tasks', 'run', 'cifar10_training_pipeline', 'check_environment', 'manual__2026-05-19T15:22:06.738092+00:00', '--job-id', '16', '--raw', '--subdir', 'DAGS_FOLDER/cifar10_training_dag.py', '--cfg-path', '/tmp/tmpavlz2apx']
[2026-05-19T15:22:08.911+0000] {standard_task_runner.py:91} INFO - Job 16: Subtask check_environment
[2026-05-19T15:22:08.993+0000] {task_command.py:426} INFO - Running <TaskInstance: cifar10_training_pipeline.check_environment manual__2026-05-19T15:22:06.738092+00:00 [running]> on host 3b73f61fe421
[2026-05-19T15:22:09.147+0000] {taskinstance.py:2648} INFO - Exporting env vars: AIRFLOW_CTX_DAG_OWNER='jeevan' AIRFLOW_CTX_DAG_ID='cifar10_training_pipeline' AIRFLOW_CTX_TASK_ID='check_environment' AIRFLOW_CTX_EXECUTION_DATE='2026-05-19T15:22:06.738092+00:00' AIRFLOW_CTX_TRY_NUMBER='1' AIRFLOW_CTX_DAG_RUN_ID='manual__2026-05-19T15:22:06.738092+00:00'
[2026-05-19T15:22:09.147+0000] {taskinstance.py:430} INFO - ::endgroup::
[2026-05-19T15:22:09.180+0000] {subprocess.py:63} INFO - Tmp dir root location: /tmp
[2026-05-19T15:22:09.181+0000] {subprocess.py:75} INFO - Running command: ['/usr/bin/bash', '-c', '\n        cd /opt/***/project &&         python --version &&         python -c "import torch, mlflow; print(\'Environment OK\')"\n        ']
[2026-05-19T15:22:09.212+0000] {subprocess.py:86} INFO - Output:
[2026-05-19T15:22:09.226+0000] {subprocess.py:93} INFO - Python 3.12.4
[2026-05-19T15:22:16.556+0000] {subprocess.py:93} INFO - Environment OK
[2026-05-19T15:22:17.764+0000] {subprocess.py:97} INFO - Command exited with return code 0
[2026-05-19T15:22:17.769+0000] {taskinstance.py:441} INFO - ::group::Post task execution logs
[2026-05-19T15:22:17.842+0000] {taskinstance.py:1206} INFO - Marking task as SUCCESS. dag_id=cifar10_training_pipeline, task_id=check_environment, run_id=manual__2026-05-19T15:22:06.738092+00:00, execution_date=20260519T152206, start_date=20260519T152208, end_date=20260519T152217
[2026-05-19T15:22:17.892+0000] {local_task_job_runner.py:243} INFO - Task exited with return code 0
[2026-05-19T15:22:17.946+0000] {taskinstance.py:3503} INFO - 1 downstream tasks scheduled from follow-on schedule check
[2026-05-19T15:22:17.949+0000] {local_task_job_runner.py:222} INFO - ::endgroup::
