[2026-05-20T01:53:20.518+0000] {local_task_job_runner.py:120} INFO - ::group::Pre task execution logs
[2026-05-20T01:53:20.545+0000] {taskinstance.py:2076} INFO - Dependencies all met for dep_context=non-requeueable deps ti=<TaskInstance: cifar10_training_pipeline.check_environment scheduled__2026-05-19T00:00:00+00:00 [queued]>
[2026-05-20T01:53:20.555+0000] {taskinstance.py:2076} INFO - Dependencies all met for dep_context=requeueable deps ti=<TaskInstance: cifar10_training_pipeline.check_environment scheduled__2026-05-19T00:00:00+00:00 [queued]>
[2026-05-20T01:53:20.555+0000] {taskinstance.py:2306} INFO - Starting attempt 1 of 1
[2026-05-20T01:53:20.570+0000] {taskinstance.py:2330} INFO - Executing <Task(BashOperator): check_environment> on 2026-05-19 00:00:00+00:00
[2026-05-20T01:53:20.579+0000] {warnings.py:112} WARNING - /home/***/.local/lib/python3.12/site-packages/***/task/task_runner/standard_task_runner.py:62: DeprecationWarning: This process (pid=42) is multi-threaded, use of fork() may lead to deadlocks in the child.
  pid = os.fork()

[2026-05-20T01:53:20.580+0000] {standard_task_runner.py:64} INFO - Started process 43 to run task
[2026-05-20T01:53:20.580+0000] {standard_task_runner.py:90} INFO - Running: ['***', 'tasks', 'run', 'cifar10_training_pipeline', 'check_environment', 'scheduled__2026-05-19T00:00:00+00:00', '--job-id', '29', '--raw', '--subdir', 'DAGS_FOLDER/cifar10_training_dag.py', '--cfg-path', '/tmp/tmpbchau6ax']
[2026-05-20T01:53:20.581+0000] {standard_task_runner.py:91} INFO - Job 29: Subtask check_environment
[2026-05-20T01:53:20.626+0000] {task_command.py:426} INFO - Running <TaskInstance: cifar10_training_pipeline.check_environment scheduled__2026-05-19T00:00:00+00:00 [running]> on host 3b73f61fe421
[2026-05-20T01:53:20.720+0000] {taskinstance.py:2648} INFO - Exporting env vars: AIRFLOW_CTX_DAG_OWNER='jeevan' AIRFLOW_CTX_DAG_ID='cifar10_training_pipeline' AIRFLOW_CTX_TASK_ID='check_environment' AIRFLOW_CTX_EXECUTION_DATE='2026-05-19T00:00:00+00:00' AIRFLOW_CTX_TRY_NUMBER='1' AIRFLOW_CTX_DAG_RUN_ID='scheduled__2026-05-19T00:00:00+00:00'
[2026-05-20T01:53:20.721+0000] {taskinstance.py:430} INFO - ::endgroup::
[2026-05-20T01:53:20.746+0000] {subprocess.py:63} INFO - Tmp dir root location: /tmp
[2026-05-20T01:53:20.747+0000] {subprocess.py:75} INFO - Running command: ['/usr/bin/bash', '-c', '\n        cd /opt/***/project &&         python --version &&         python -c "import torch, mlflow; print(\'Environment OK\')"\n        ']
[2026-05-20T01:53:20.758+0000] {subprocess.py:86} INFO - Output:
[2026-05-20T01:53:20.763+0000] {subprocess.py:93} INFO - Python 3.12.4
[2026-05-20T01:53:31.227+0000] {subprocess.py:93} INFO - Environment OK
[2026-05-20T01:53:34.821+0000] {subprocess.py:97} INFO - Command exited with return code 0
[2026-05-20T01:53:34.822+0000] {taskinstance.py:441} INFO - ::group::Post task execution logs
[2026-05-20T01:53:34.843+0000] {taskinstance.py:1206} INFO - Marking task as SUCCESS. dag_id=cifar10_training_pipeline, task_id=check_environment, run_id=scheduled__2026-05-19T00:00:00+00:00, execution_date=20260519T000000, start_date=20260520T015320, end_date=20260520T015334
[2026-05-20T01:53:34.871+0000] {local_task_job_runner.py:243} INFO - Task exited with return code 0
[2026-05-20T01:53:34.891+0000] {taskinstance.py:3503} INFO - 1 downstream tasks scheduled from follow-on schedule check
[2026-05-20T01:53:34.893+0000] {local_task_job_runner.py:222} INFO - ::endgroup::
