[2026-06-04T02:19:31.933+0000] {local_task_job_runner.py:120} INFO - ::group::Pre task execution logs
[2026-06-04T02:19:31.953+0000] {taskinstance.py:2076} INFO - Dependencies all met for dep_context=non-requeueable deps ti=<TaskInstance: cifar10_training_pipeline.verify_model_artifact scheduled__2026-06-03T00:00:00+00:00 [queued]>
[2026-06-04T02:19:31.960+0000] {taskinstance.py:2076} INFO - Dependencies all met for dep_context=requeueable deps ti=<TaskInstance: cifar10_training_pipeline.verify_model_artifact scheduled__2026-06-03T00:00:00+00:00 [queued]>
[2026-06-04T02:19:31.961+0000] {taskinstance.py:2306} INFO - Starting attempt 1 of 1
[2026-06-04T02:19:31.972+0000] {taskinstance.py:2330} INFO - Executing <Task(BashOperator): verify_model_artifact> on 2026-06-03 00:00:00+00:00
[2026-06-04T02:19:31.979+0000] {warnings.py:112} WARNING - /home/***/.local/lib/python3.12/site-packages/***/task/task_runner/standard_task_runner.py:62: DeprecationWarning: This process (pid=67) is multi-threaded, use of fork() may lead to deadlocks in the child.
  pid = os.fork()

[2026-06-04T02:19:31.980+0000] {standard_task_runner.py:64} INFO - Started process 68 to run task
[2026-06-04T02:19:31.981+0000] {standard_task_runner.py:90} INFO - Running: ['***', 'tasks', 'run', 'cifar10_training_pipeline', 'verify_model_artifact', 'scheduled__2026-06-03T00:00:00+00:00', '--job-id', '65', '--raw', '--subdir', 'DAGS_FOLDER/cifar10_training_dag.py', '--cfg-path', '/tmp/tmp0z87ct3c']
[2026-06-04T02:19:31.982+0000] {standard_task_runner.py:91} INFO - Job 65: Subtask verify_model_artifact
[2026-06-04T02:19:32.021+0000] {task_command.py:426} INFO - Running <TaskInstance: cifar10_training_pipeline.verify_model_artifact scheduled__2026-06-03T00:00:00+00:00 [running]> on host c01fc564bfa6
[2026-06-04T02:19:32.093+0000] {taskinstance.py:2648} INFO - Exporting env vars: AIRFLOW_CTX_DAG_OWNER='jeevan' AIRFLOW_CTX_DAG_ID='cifar10_training_pipeline' AIRFLOW_CTX_TASK_ID='verify_model_artifact' AIRFLOW_CTX_EXECUTION_DATE='2026-06-03T00:00:00+00:00' AIRFLOW_CTX_TRY_NUMBER='1' AIRFLOW_CTX_DAG_RUN_ID='scheduled__2026-06-03T00:00:00+00:00'
[2026-06-04T02:19:32.094+0000] {taskinstance.py:430} INFO - ::endgroup::
[2026-06-04T02:19:32.105+0000] {subprocess.py:63} INFO - Tmp dir root location: /tmp
[2026-06-04T02:19:32.106+0000] {subprocess.py:75} INFO - Running command: ['/usr/bin/bash', '-c', "\n        cd /opt/***/project &&         test -f models/cifar10_cnn.pth && echo 'Model artifact exists'\n        "]
[2026-06-04T02:19:32.116+0000] {subprocess.py:86} INFO - Output:
[2026-06-04T02:19:32.117+0000] {subprocess.py:93} INFO - Model artifact exists
[2026-06-04T02:19:32.118+0000] {subprocess.py:97} INFO - Command exited with return code 0
[2026-06-04T02:19:32.118+0000] {taskinstance.py:441} INFO - ::group::Post task execution logs
[2026-06-04T02:19:32.139+0000] {taskinstance.py:1206} INFO - Marking task as SUCCESS. dag_id=cifar10_training_pipeline, task_id=verify_model_artifact, run_id=scheduled__2026-06-03T00:00:00+00:00, execution_date=20260603T000000, start_date=20260604T021931, end_date=20260604T021932
[2026-06-04T02:19:32.154+0000] {local_task_job_runner.py:243} INFO - Task exited with return code 0
[2026-06-04T02:19:32.170+0000] {taskinstance.py:3503} INFO - 1 downstream tasks scheduled from follow-on schedule check
[2026-06-04T02:19:32.172+0000] {local_task_job_runner.py:222} INFO - ::endgroup::
