[2026-05-19T10:54:46.253+0000] {local_task_job_runner.py:120} INFO - ::group::Pre task execution logs
[2026-05-19T10:54:46.284+0000] {taskinstance.py:2076} INFO - Dependencies all met for dep_context=non-requeueable deps ti=<TaskInstance: cifar10_training_pipeline.train_cifar10_model manual__2026-05-19T10:54:45.189630+00:00 [queued]>
[2026-05-19T10:54:46.293+0000] {taskinstance.py:2076} INFO - Dependencies all met for dep_context=requeueable deps ti=<TaskInstance: cifar10_training_pipeline.train_cifar10_model manual__2026-05-19T10:54:45.189630+00:00 [queued]>
[2026-05-19T10:54:46.294+0000] {taskinstance.py:2306} INFO - Starting attempt 1 of 1
[2026-05-19T10:54:46.312+0000] {taskinstance.py:2330} INFO - Executing <Task(BashOperator): train_cifar10_model> on 2026-05-19 10:54:45.189630+00:00
[2026-05-19T10:54:46.321+0000] {warnings.py:112} WARNING - /home/***/.local/lib/python3.12/site-packages/***/task/task_runner/standard_task_runner.py:62: DeprecationWarning: This process (pid=44) is multi-threaded, use of fork() may lead to deadlocks in the child.
  pid = os.fork()

[2026-05-19T10:54:46.323+0000] {standard_task_runner.py:64} INFO - Started process 46 to run task
[2026-05-19T10:54:46.324+0000] {standard_task_runner.py:90} INFO - Running: ['***', 'tasks', 'run', 'cifar10_training_pipeline', 'train_cifar10_model', 'manual__2026-05-19T10:54:45.189630+00:00', '--job-id', '3', '--raw', '--subdir', 'DAGS_FOLDER/cifar10_training_dag.py', '--cfg-path', '/tmp/tmpqucgxyjt']
[2026-05-19T10:54:46.326+0000] {standard_task_runner.py:91} INFO - Job 3: Subtask train_cifar10_model
[2026-05-19T10:54:46.386+0000] {task_command.py:426} INFO - Running <TaskInstance: cifar10_training_pipeline.train_cifar10_model manual__2026-05-19T10:54:45.189630+00:00 [running]> on host 110dc3732e8c
[2026-05-19T10:54:46.484+0000] {taskinstance.py:2648} INFO - Exporting env vars: AIRFLOW_CTX_DAG_OWNER='jeevan' AIRFLOW_CTX_DAG_ID='cifar10_training_pipeline' AIRFLOW_CTX_TASK_ID='train_cifar10_model' AIRFLOW_CTX_EXECUTION_DATE='2026-05-19T10:54:45.189630+00:00' AIRFLOW_CTX_TRY_NUMBER='1' AIRFLOW_CTX_DAG_RUN_ID='manual__2026-05-19T10:54:45.189630+00:00'
[2026-05-19T10:54:46.485+0000] {taskinstance.py:430} INFO - ::endgroup::
[2026-05-19T10:54:46.518+0000] {subprocess.py:63} INFO - Tmp dir root location: /tmp
[2026-05-19T10:54:46.519+0000] {subprocess.py:75} INFO - Running command: ['/usr/bin/bash', '-c', '\n        cd /opt/***/project &&         source venv/bin/activate &&         python -m app.training.train\n        ']
[2026-05-19T10:54:46.534+0000] {subprocess.py:86} INFO - Output:
[2026-05-19T10:54:46.638+0000] {subprocess.py:93} INFO - Traceback (most recent call last):
[2026-05-19T10:54:46.638+0000] {subprocess.py:93} INFO -   File "<frozen runpy>", line 198, in _run_module_as_main
[2026-05-19T10:54:46.638+0000] {subprocess.py:93} INFO -   File "<frozen runpy>", line 88, in _run_code
[2026-05-19T10:54:46.639+0000] {subprocess.py:93} INFO -   File "/opt/***/project/app/training/train.py", line 3, in <module>
[2026-05-19T10:54:46.641+0000] {subprocess.py:93} INFO -     import mlflow
[2026-05-19T10:54:46.641+0000] {subprocess.py:93} INFO - ModuleNotFoundError: No module named 'mlflow'
[2026-05-19T10:54:46.644+0000] {subprocess.py:97} INFO - Command exited with return code 1
[2026-05-19T10:54:46.644+0000] {taskinstance.py:441} INFO - ::group::Post task execution logs
[2026-05-19T10:54:46.664+0000] {taskinstance.py:2905} ERROR - Task failed with exception
Traceback (most recent call last):
  File "/home/airflow/.local/lib/python3.12/site-packages/airflow/models/taskinstance.py", line 465, in _execute_task
    result = _execute_callable(context=context, **execute_callable_kwargs)
             ^^^^^^^^^^^^^^^^^^^^^^^^^^^^^^^^^^^^^^^^^^^^^^^^^^^^^^^^^^^^^
  File "/home/airflow/.local/lib/python3.12/site-packages/airflow/models/taskinstance.py", line 432, in _execute_callable
    return execute_callable(context=context, **execute_callable_kwargs)
           ^^^^^^^^^^^^^^^^^^^^^^^^^^^^^^^^^^^^^^^^^^^^^^^^^^^^^^^^^^^^
  File "/home/airflow/.local/lib/python3.12/site-packages/airflow/models/baseoperator.py", line 401, in wrapper
    return func(self, *args, **kwargs)
           ^^^^^^^^^^^^^^^^^^^^^^^^^^^
  File "/home/airflow/.local/lib/python3.12/site-packages/airflow/operators/bash.py", line 243, in execute
    raise AirflowException(
airflow.exceptions.AirflowException: Bash command failed. The command returned a non-zero exit code 1.
[2026-05-19T10:54:46.674+0000] {taskinstance.py:1206} INFO - Marking task as FAILED. dag_id=cifar10_training_pipeline, task_id=train_cifar10_model, run_id=manual__2026-05-19T10:54:45.189630+00:00, execution_date=20260519T105445, start_date=20260519T105446, end_date=20260519T105446
[2026-05-19T10:54:46.687+0000] {standard_task_runner.py:110} ERROR - Failed to execute job 3 for task train_cifar10_model (Bash command failed. The command returned a non-zero exit code 1.; 46)
[2026-05-19T10:54:46.703+0000] {local_task_job_runner.py:243} INFO - Task exited with return code 1
[2026-05-19T10:54:46.722+0000] {taskinstance.py:3503} INFO - 0 downstream tasks scheduled from follow-on schedule check
[2026-05-19T10:54:46.724+0000] {local_task_job_runner.py:222} INFO - ::endgroup::
