[2026-06-07T00:00:06.369+0000] {local_task_job_runner.py:120} INFO - ::group::Pre task execution logs
[2026-06-07T00:00:06.385+0000] {taskinstance.py:2076} INFO - Dependencies all met for dep_context=non-requeueable deps ti=<TaskInstance: cifar10_training_pipeline.ingest_data scheduled__2026-06-06T00:00:00+00:00 [queued]>
[2026-06-07T00:00:06.390+0000] {taskinstance.py:2076} INFO - Dependencies all met for dep_context=requeueable deps ti=<TaskInstance: cifar10_training_pipeline.ingest_data scheduled__2026-06-06T00:00:00+00:00 [queued]>
[2026-06-07T00:00:06.391+0000] {taskinstance.py:2306} INFO - Starting attempt 1 of 1
[2026-06-07T00:00:06.400+0000] {taskinstance.py:2330} INFO - Executing <Task(BashOperator): ingest_data> on 2026-06-06 00:00:00+00:00
[2026-06-07T00:00:06.406+0000] {warnings.py:112} WARNING - /home/***/.local/lib/python3.12/site-packages/***/task/task_runner/standard_task_runner.py:62: DeprecationWarning: This process (pid=104) is multi-threaded, use of fork() may lead to deadlocks in the child.
  pid = os.fork()

[2026-06-07T00:00:06.407+0000] {standard_task_runner.py:64} INFO - Started process 105 to run task
[2026-06-07T00:00:06.408+0000] {standard_task_runner.py:90} INFO - Running: ['***', 'tasks', 'run', 'cifar10_training_pipeline', 'ingest_data', 'scheduled__2026-06-06T00:00:00+00:00', '--job-id', '77', '--raw', '--subdir', 'DAGS_FOLDER/cifar10_training_dag.py', '--cfg-path', '/tmp/tmphcz_ugkr']
[2026-06-07T00:00:06.408+0000] {standard_task_runner.py:91} INFO - Job 77: Subtask ingest_data
[2026-06-07T00:00:06.438+0000] {task_command.py:426} INFO - Running <TaskInstance: cifar10_training_pipeline.ingest_data scheduled__2026-06-06T00:00:00+00:00 [running]> on host c01fc564bfa6
[2026-06-07T00:00:06.495+0000] {taskinstance.py:2648} INFO - Exporting env vars: AIRFLOW_CTX_DAG_OWNER='jeevan' AIRFLOW_CTX_DAG_ID='cifar10_training_pipeline' AIRFLOW_CTX_TASK_ID='ingest_data' AIRFLOW_CTX_EXECUTION_DATE='2026-06-06T00:00:00+00:00' AIRFLOW_CTX_TRY_NUMBER='1' AIRFLOW_CTX_DAG_RUN_ID='scheduled__2026-06-06T00:00:00+00:00'
[2026-06-07T00:00:06.495+0000] {taskinstance.py:430} INFO - ::endgroup::
[2026-06-07T00:00:06.504+0000] {subprocess.py:63} INFO - Tmp dir root location: /tmp
[2026-06-07T00:00:06.505+0000] {subprocess.py:75} INFO - Running command: ['/usr/bin/bash', '-c', '\n        cd /opt/***/project &&         POSTGRES_HOST=host.docker.internal REDIS_HOST=host.docker.internal MLFLOW_TRACKING_URI=http://host.docker.internal:5000 python -m app.ingestion.ingest\n        ']
[2026-06-07T00:00:06.513+0000] {subprocess.py:86} INFO - Output:
[2026-06-07T00:00:26.751+0000] {subprocess.py:93} INFO - Schema applied from /opt/***/project/app/database/schema.sql
[2026-06-07T00:00:26.752+0000] {subprocess.py:93} INFO - Ingested 50000 images for split='train'
[2026-06-07T00:00:26.752+0000] {subprocess.py:93} INFO - Ingested 10000 images for split='test'
[2026-06-07T00:00:27.265+0000] {subprocess.py:97} INFO - Command exited with return code 0
[2026-06-07T00:00:27.265+0000] {taskinstance.py:441} INFO - ::group::Post task execution logs
[2026-06-07T00:00:27.286+0000] {taskinstance.py:1206} INFO - Marking task as SUCCESS. dag_id=cifar10_training_pipeline, task_id=ingest_data, run_id=scheduled__2026-06-06T00:00:00+00:00, execution_date=20260606T000000, start_date=20260607T000006, end_date=20260607T000027
[2026-06-07T00:00:27.336+0000] {local_task_job_runner.py:243} INFO - Task exited with return code 0
[2026-06-07T00:00:27.359+0000] {taskinstance.py:3503} INFO - 1 downstream tasks scheduled from follow-on schedule check
[2026-06-07T00:00:27.361+0000] {local_task_job_runner.py:222} INFO - ::endgroup::
