[2026-05-19T16:10:22.328+0000] {local_task_job_runner.py:120} INFO - ::group::Pre task execution logs
[2026-05-19T16:10:22.346+0000] {taskinstance.py:2076} INFO - Dependencies all met for dep_context=non-requeueable deps ti=<TaskInstance: cifar10_training_pipeline.train_model manual__2026-05-19T16:10:11.691907+00:00 [queued]>
[2026-05-19T16:10:22.352+0000] {taskinstance.py:2076} INFO - Dependencies all met for dep_context=requeueable deps ti=<TaskInstance: cifar10_training_pipeline.train_model manual__2026-05-19T16:10:11.691907+00:00 [queued]>
[2026-05-19T16:10:22.353+0000] {taskinstance.py:2306} INFO - Starting attempt 1 of 1
[2026-05-19T16:10:22.364+0000] {taskinstance.py:2330} INFO - Executing <Task(BashOperator): train_model> on 2026-05-19 16:10:11.691907+00:00
[2026-05-19T16:10:22.370+0000] {warnings.py:112} WARNING - /home/***/.local/lib/python3.12/site-packages/***/task/task_runner/standard_task_runner.py:62: DeprecationWarning: This process (pid=177) is multi-threaded, use of fork() may lead to deadlocks in the child.
  pid = os.fork()

[2026-05-19T16:10:22.372+0000] {standard_task_runner.py:64} INFO - Started process 178 to run task
[2026-05-19T16:10:22.372+0000] {standard_task_runner.py:90} INFO - Running: ['***', 'tasks', 'run', 'cifar10_training_pipeline', 'train_model', 'manual__2026-05-19T16:10:11.691907+00:00', '--job-id', '25', '--raw', '--subdir', 'DAGS_FOLDER/cifar10_training_dag.py', '--cfg-path', '/tmp/tmpfs_1oapf']
[2026-05-19T16:10:22.373+0000] {standard_task_runner.py:91} INFO - Job 25: Subtask train_model
[2026-05-19T16:10:22.406+0000] {task_command.py:426} INFO - Running <TaskInstance: cifar10_training_pipeline.train_model manual__2026-05-19T16:10:11.691907+00:00 [running]> on host 3b73f61fe421
[2026-05-19T16:10:22.464+0000] {taskinstance.py:2648} INFO - Exporting env vars: AIRFLOW_CTX_DAG_OWNER='jeevan' AIRFLOW_CTX_DAG_ID='cifar10_training_pipeline' AIRFLOW_CTX_TASK_ID='train_model' AIRFLOW_CTX_EXECUTION_DATE='2026-05-19T16:10:11.691907+00:00' AIRFLOW_CTX_TRY_NUMBER='1' AIRFLOW_CTX_DAG_RUN_ID='manual__2026-05-19T16:10:11.691907+00:00'
[2026-05-19T16:10:22.464+0000] {taskinstance.py:430} INFO - ::endgroup::
[2026-05-19T16:10:22.474+0000] {subprocess.py:63} INFO - Tmp dir root location: /tmp
[2026-05-19T16:10:22.475+0000] {subprocess.py:75} INFO - Running command: ['/usr/bin/bash', '-c', '\n        cd /opt/***/project &&         python -m app.training.train\n        ']
[2026-05-19T16:10:22.484+0000] {subprocess.py:86} INFO - Output:
[2026-05-19T16:10:27.898+0000] {subprocess.py:93} INFO - 2026/05/19 16:10:27 WARNING mlflow.utils.git_utils: Failed to import Git (the Git executable is probably not on your PATH), so Git SHA is not available. Error: Failed to initialize: Bad git executable.
[2026-05-19T16:10:27.899+0000] {subprocess.py:93} INFO - The git executable must be specified in one of the following ways:
[2026-05-19T16:10:27.899+0000] {subprocess.py:93} INFO -     - be included in your $PATH
[2026-05-19T16:10:27.899+0000] {subprocess.py:93} INFO -     - be set via $GIT_PYTHON_GIT_EXECUTABLE
[2026-05-19T16:10:27.899+0000] {subprocess.py:93} INFO -     - explicitly set via git.refresh(<full-path-to-git-executable>)
[2026-05-19T16:10:27.899+0000] {subprocess.py:93} INFO - 
[2026-05-19T16:10:27.900+0000] {subprocess.py:93} INFO - All git commands will error until this is rectified.
[2026-05-19T16:10:27.900+0000] {subprocess.py:93} INFO - 
[2026-05-19T16:10:27.900+0000] {subprocess.py:93} INFO - This initial message can be silenced or aggravated in the future by setting the
[2026-05-19T16:10:27.900+0000] {subprocess.py:93} INFO - $GIT_PYTHON_REFRESH environment variable. Use one of the following values:
[2026-05-19T16:10:27.900+0000] {subprocess.py:93} INFO -     - quiet|q|silence|s|silent|none|n|0: for no message or exception
[2026-05-19T16:10:27.900+0000] {subprocess.py:93} INFO -     - warn|w|warning|log|l|1: for a warning message (logging level CRITICAL, displayed by default)
[2026-05-19T16:10:27.900+0000] {subprocess.py:93} INFO -     - error|e|exception|raise|r|2: for a raised exception
[2026-05-19T16:10:27.901+0000] {subprocess.py:93} INFO - 
[2026-05-19T16:10:27.901+0000] {subprocess.py:93} INFO - Example:
[2026-05-19T16:10:27.901+0000] {subprocess.py:93} INFO -     export GIT_PYTHON_REFRESH=quiet
[2026-05-19T16:10:27.901+0000] {subprocess.py:93} INFO - 
[2026-05-19T16:21:58.572+0000] {subprocess.py:93} INFO - Epoch [1/10] Loss: 1.5310 Accuracy: 58.24%
[2026-05-19T16:21:58.573+0000] {subprocess.py:93} INFO - Epoch [2/10] Loss: 1.2198 Accuracy: 61.10%
[2026-05-19T16:21:58.573+0000] {subprocess.py:93} INFO - Epoch [3/10] Loss: 1.0869 Accuracy: 64.07%
[2026-05-19T16:21:58.573+0000] {subprocess.py:93} INFO - Epoch [4/10] Loss: 1.0092 Accuracy: 70.18%
[2026-05-19T16:21:58.573+0000] {subprocess.py:93} INFO - Epoch [5/10] Loss: 0.9496 Accuracy: 71.96%
[2026-05-19T16:21:58.573+0000] {subprocess.py:93} INFO - Epoch [6/10] Loss: 0.9001 Accuracy: 73.33%
[2026-05-19T16:21:58.573+0000] {subprocess.py:93} INFO - Epoch [7/10] Loss: 0.8551 Accuracy: 73.22%
[2026-05-19T16:21:58.574+0000] {subprocess.py:93} INFO - Epoch [8/10] Loss: 0.8244 Accuracy: 75.68%
[2026-05-19T16:21:58.574+0000] {subprocess.py:93} INFO - Epoch [9/10] Loss: 0.7956 Accuracy: 73.25%
[2026-05-19T16:21:58.574+0000] {subprocess.py:93} INFO - Epoch [10/10] Loss: 0.7703 Accuracy: 77.88%
[2026-05-19T16:21:58.574+0000] {subprocess.py:93} INFO - Training completed!
[2026-05-19T16:21:58.574+0000] {subprocess.py:93} INFO - 🏃 View run awesome-moth-579 at: http://host.docker.internal:5000/#/experiments/1/runs/0e83ab97b0474c8da50bb0b42c0d5e7f
[2026-05-19T16:21:58.574+0000] {subprocess.py:93} INFO - 🧪 View experiment at: http://host.docker.internal:5000/#/experiments/1
[2026-05-19T16:21:59.561+0000] {subprocess.py:97} INFO - Command exited with return code 0
[2026-05-19T16:21:59.562+0000] {taskinstance.py:441} INFO - ::group::Post task execution logs
[2026-05-19T16:21:59.585+0000] {taskinstance.py:1206} INFO - Marking task as SUCCESS. dag_id=cifar10_training_pipeline, task_id=train_model, run_id=manual__2026-05-19T16:10:11.691907+00:00, execution_date=20260519T161011, start_date=20260519T161022, end_date=20260519T162159
[2026-05-19T16:21:59.630+0000] {local_task_job_runner.py:243} INFO - Task exited with return code 0
[2026-05-19T16:21:59.648+0000] {taskinstance.py:3503} INFO - 1 downstream tasks scheduled from follow-on schedule check
[2026-05-19T16:21:59.650+0000] {local_task_job_runner.py:222} INFO - ::endgroup::
