[2026-06-01T11:12:26.360+0000] {local_task_job_runner.py:120} INFO - ::group::Pre task execution logs
[2026-06-01T11:12:26.379+0000] {taskinstance.py:2076} INFO - Dependencies all met for dep_context=non-requeueable deps ti=<TaskInstance: cifar10_training_pipeline.verify_model_artifact manual__2026-06-01T11:09:42+00:00 [queued]>
[2026-06-01T11:12:26.386+0000] {taskinstance.py:2076} INFO - Dependencies all met for dep_context=requeueable deps ti=<TaskInstance: cifar10_training_pipeline.verify_model_artifact manual__2026-06-01T11:09:42+00:00 [queued]>
[2026-06-01T11:12:26.386+0000] {taskinstance.py:2306} INFO - Starting attempt 1 of 1
[2026-06-01T11:12:26.398+0000] {taskinstance.py:2330} INFO - Executing <Task(BashOperator): verify_model_artifact> on 2026-06-01 11:09:42+00:00
[2026-06-01T11:12:26.404+0000] {warnings.py:112} WARNING - /home/***/.local/lib/python3.12/site-packages/***/task/task_runner/standard_task_runner.py:62: DeprecationWarning: This process (pid=106) is multi-threaded, use of fork() may lead to deadlocks in the child.
  pid = os.fork()

[2026-06-01T11:12:26.406+0000] {standard_task_runner.py:64} INFO - Started process 107 to run task
[2026-06-01T11:12:26.406+0000] {standard_task_runner.py:90} INFO - Running: ['***', 'tasks', 'run', 'cifar10_training_pipeline', 'verify_model_artifact', 'manual__2026-06-01T11:09:42+00:00', '--job-id', '43', '--raw', '--subdir', 'DAGS_FOLDER/cifar10_training_dag.py', '--cfg-path', '/tmp/tmpknf8c714']
[2026-06-01T11:12:26.407+0000] {standard_task_runner.py:91} INFO - Job 43: Subtask verify_model_artifact
[2026-06-01T11:12:26.441+0000] {task_command.py:426} INFO - Running <TaskInstance: cifar10_training_pipeline.verify_model_artifact manual__2026-06-01T11:09:42+00:00 [running]> on host b9dcb14f88e9
[2026-06-01T11:12:26.509+0000] {taskinstance.py:2648} INFO - Exporting env vars: AIRFLOW_CTX_DAG_OWNER='jeevan' AIRFLOW_CTX_DAG_ID='cifar10_training_pipeline' AIRFLOW_CTX_TASK_ID='verify_model_artifact' AIRFLOW_CTX_EXECUTION_DATE='2026-06-01T11:09:42+00:00' AIRFLOW_CTX_TRY_NUMBER='1' AIRFLOW_CTX_DAG_RUN_ID='manual__2026-06-01T11:09:42+00:00'
[2026-06-01T11:12:26.510+0000] {taskinstance.py:430} INFO - ::endgroup::
[2026-06-01T11:12:26.520+0000] {subprocess.py:63} INFO - Tmp dir root location: /tmp
[2026-06-01T11:12:26.521+0000] {subprocess.py:75} INFO - Running command: ['/usr/bin/bash', '-c', "\n        cd /opt/***/project &&         test -f models/cifar10_cnn.pth && echo 'Model artifact exists'\n        "]
[2026-06-01T11:12:26.531+0000] {subprocess.py:86} INFO - Output:
[2026-06-01T11:12:26.533+0000] {subprocess.py:93} INFO - Model artifact exists
[2026-06-01T11:12:26.533+0000] {subprocess.py:97} INFO - Command exited with return code 0
[2026-06-01T11:12:26.533+0000] {taskinstance.py:441} INFO - ::group::Post task execution logs
[2026-06-01T11:12:26.553+0000] {taskinstance.py:1206} INFO - Marking task as SUCCESS. dag_id=cifar10_training_pipeline, task_id=verify_model_artifact, run_id=manual__2026-06-01T11:09:42+00:00, execution_date=20260601T110942, start_date=20260601T111226, end_date=20260601T111226
[2026-06-01T11:12:26.579+0000] {local_task_job_runner.py:243} INFO - Task exited with return code 0
[2026-06-01T11:12:26.595+0000] {taskinstance.py:3503} INFO - 1 downstream tasks scheduled from follow-on schedule check
[2026-06-01T11:12:26.597+0000] {local_task_job_runner.py:222} INFO - ::endgroup::
