[2026-06-07T00:00:01.455+0000] {local_task_job_runner.py:120} INFO - ::group::Pre task execution logs
[2026-06-07T00:00:01.477+0000] {taskinstance.py:2076} INFO - Dependencies all met for dep_context=non-requeueable deps ti=<TaskInstance: cifar10_training_pipeline.check_environment scheduled__2026-06-06T00:00:00+00:00 [queued]>
[2026-06-07T00:00:01.484+0000] {taskinstance.py:2076} INFO - Dependencies all met for dep_context=requeueable deps ti=<TaskInstance: cifar10_training_pipeline.check_environment scheduled__2026-06-06T00:00:00+00:00 [queued]>
[2026-06-07T00:00:01.484+0000] {taskinstance.py:2306} INFO - Starting attempt 1 of 1
[2026-06-07T00:00:01.495+0000] {taskinstance.py:2330} INFO - Executing <Task(BashOperator): check_environment> on 2026-06-06 00:00:00+00:00
[2026-06-07T00:00:01.503+0000] {warnings.py:112} WARNING - /home/***/.local/lib/python3.12/site-packages/***/task/task_runner/standard_task_runner.py:62: DeprecationWarning: This process (pid=95) is multi-threaded, use of fork() may lead to deadlocks in the child.
  pid = os.fork()

[2026-06-07T00:00:01.504+0000] {standard_task_runner.py:64} INFO - Started process 96 to run task
[2026-06-07T00:00:01.504+0000] {standard_task_runner.py:90} INFO - Running: ['***', 'tasks', 'run', 'cifar10_training_pipeline', 'check_environment', 'scheduled__2026-06-06T00:00:00+00:00', '--job-id', '76', '--raw', '--subdir', 'DAGS_FOLDER/cifar10_training_dag.py', '--cfg-path', '/tmp/tmpv9vdedtw']
[2026-06-07T00:00:01.505+0000] {standard_task_runner.py:91} INFO - Job 76: Subtask check_environment
[2026-06-07T00:00:01.535+0000] {task_command.py:426} INFO - Running <TaskInstance: cifar10_training_pipeline.check_environment scheduled__2026-06-06T00:00:00+00:00 [running]> on host c01fc564bfa6
[2026-06-07T00:00:01.593+0000] {taskinstance.py:2648} INFO - Exporting env vars: AIRFLOW_CTX_DAG_OWNER='jeevan' AIRFLOW_CTX_DAG_ID='cifar10_training_pipeline' AIRFLOW_CTX_TASK_ID='check_environment' AIRFLOW_CTX_EXECUTION_DATE='2026-06-06T00:00:00+00:00' AIRFLOW_CTX_TRY_NUMBER='1' AIRFLOW_CTX_DAG_RUN_ID='scheduled__2026-06-06T00:00:00+00:00'
[2026-06-07T00:00:01.594+0000] {taskinstance.py:430} INFO - ::endgroup::
[2026-06-07T00:00:01.603+0000] {subprocess.py:63} INFO - Tmp dir root location: /tmp
[2026-06-07T00:00:01.603+0000] {subprocess.py:75} INFO - Running command: ['/usr/bin/bash', '-c', '\n        cd /opt/***/project &&         python -c "import torch, mlflow; print(\'Environment OK\')" &&         POSTGRES_HOST=host.docker.internal REDIS_HOST=host.docker.internal MLFLOW_TRACKING_URI=http://host.docker.internal:5000 python -c "from app.database.db import engine; from sqlalchemy import text; c=engine.connect(); c.execute(text(\'SELECT 1\')); c.close(); print(\'Store reachable\')"\n        ']
[2026-06-07T00:00:01.612+0000] {subprocess.py:86} INFO - Output:
[2026-06-07T00:00:04.185+0000] {subprocess.py:93} INFO - Environment OK
[2026-06-07T00:00:05.205+0000] {subprocess.py:93} INFO - Store reachable
[2026-06-07T00:00:05.242+0000] {subprocess.py:97} INFO - Command exited with return code 0
[2026-06-07T00:00:05.243+0000] {taskinstance.py:441} INFO - ::group::Post task execution logs
[2026-06-07T00:00:05.263+0000] {taskinstance.py:1206} INFO - Marking task as SUCCESS. dag_id=cifar10_training_pipeline, task_id=check_environment, run_id=scheduled__2026-06-06T00:00:00+00:00, execution_date=20260606T000000, start_date=20260607T000001, end_date=20260607T000005
[2026-06-07T00:00:05.291+0000] {local_task_job_runner.py:243} INFO - Task exited with return code 0
[2026-06-07T00:00:05.310+0000] {taskinstance.py:3503} INFO - 1 downstream tasks scheduled from follow-on schedule check
[2026-06-07T00:00:05.312+0000] {local_task_job_runner.py:222} INFO - ::endgroup::
