[2026-05-19T15:22:18.299+0000] {local_task_job_runner.py:120} INFO - ::group::Pre task execution logs
[2026-05-19T15:22:18.329+0000] {taskinstance.py:2076} INFO - Dependencies all met for dep_context=non-requeueable deps ti=<TaskInstance: cifar10_training_pipeline.train_model manual__2026-05-19T15:21:58.113417+00:00 [queued]>
[2026-05-19T15:22:18.338+0000] {taskinstance.py:2076} INFO - Dependencies all met for dep_context=requeueable deps ti=<TaskInstance: cifar10_training_pipeline.train_model manual__2026-05-19T15:21:58.113417+00:00 [queued]>
[2026-05-19T15:22:18.339+0000] {taskinstance.py:2306} INFO - Starting attempt 1 of 1
[2026-05-19T15:22:18.359+0000] {taskinstance.py:2330} INFO - Executing <Task(BashOperator): train_model> on 2026-05-19 15:21:58.113417+00:00
[2026-05-19T15:22:18.369+0000] {warnings.py:112} WARNING - /home/***/.local/lib/python3.12/site-packages/***/task/task_runner/standard_task_runner.py:62: DeprecationWarning: This process (pid=96) is multi-threaded, use of fork() may lead to deadlocks in the child.
  pid = os.fork()

[2026-05-19T15:22:18.372+0000] {standard_task_runner.py:64} INFO - Started process 97 to run task
[2026-05-19T15:22:18.374+0000] {standard_task_runner.py:90} INFO - Running: ['***', 'tasks', 'run', 'cifar10_training_pipeline', 'train_model', 'manual__2026-05-19T15:21:58.113417+00:00', '--job-id', '17', '--raw', '--subdir', 'DAGS_FOLDER/cifar10_training_dag.py', '--cfg-path', '/tmp/tmpxrhg9xvq']
[2026-05-19T15:22:18.376+0000] {standard_task_runner.py:91} INFO - Job 17: Subtask train_model
[2026-05-19T15:22:18.430+0000] {task_command.py:426} INFO - Running <TaskInstance: cifar10_training_pipeline.train_model manual__2026-05-19T15:21:58.113417+00:00 [running]> on host 3b73f61fe421
[2026-05-19T15:22:18.525+0000] {taskinstance.py:2648} INFO - Exporting env vars: AIRFLOW_CTX_DAG_OWNER='jeevan' AIRFLOW_CTX_DAG_ID='cifar10_training_pipeline' AIRFLOW_CTX_TASK_ID='train_model' AIRFLOW_CTX_EXECUTION_DATE='2026-05-19T15:21:58.113417+00:00' AIRFLOW_CTX_TRY_NUMBER='1' AIRFLOW_CTX_DAG_RUN_ID='manual__2026-05-19T15:21:58.113417+00:00'
[2026-05-19T15:22:18.526+0000] {taskinstance.py:430} INFO - ::endgroup::
[2026-05-19T15:22:18.540+0000] {subprocess.py:63} INFO - Tmp dir root location: /tmp
[2026-05-19T15:22:18.541+0000] {subprocess.py:75} INFO - Running command: ['/usr/bin/bash', '-c', '\n        cd /opt/***/project &&         python -m app.training.train\n        ']
[2026-05-19T15:22:18.556+0000] {subprocess.py:86} INFO - Output:
[2026-05-19T15:22:31.713+0000] {subprocess.py:93} INFO - 2026/05/19 15:22:31 WARNING mlflow.utils.git_utils: Failed to import Git (the Git executable is probably not on your PATH), so Git SHA is not available. Error: Failed to initialize: Bad git executable.
[2026-05-19T15:22:31.714+0000] {subprocess.py:93} INFO - The git executable must be specified in one of the following ways:
[2026-05-19T15:22:31.714+0000] {subprocess.py:93} INFO -     - be included in your $PATH
[2026-05-19T15:22:31.714+0000] {subprocess.py:93} INFO -     - be set via $GIT_PYTHON_GIT_EXECUTABLE
[2026-05-19T15:22:31.714+0000] {subprocess.py:93} INFO -     - explicitly set via git.refresh(<full-path-to-git-executable>)
[2026-05-19T15:22:31.714+0000] {subprocess.py:93} INFO - 
[2026-05-19T15:22:31.714+0000] {subprocess.py:93} INFO - All git commands will error until this is rectified.
[2026-05-19T15:22:31.715+0000] {subprocess.py:93} INFO - 
[2026-05-19T15:22:31.715+0000] {subprocess.py:93} INFO - This initial message can be silenced or aggravated in the future by setting the
[2026-05-19T15:22:31.715+0000] {subprocess.py:93} INFO - $GIT_PYTHON_REFRESH environment variable. Use one of the following values:
[2026-05-19T15:22:31.715+0000] {subprocess.py:93} INFO -     - quiet|q|silence|s|silent|none|n|0: for no message or exception
[2026-05-19T15:22:31.715+0000] {subprocess.py:93} INFO -     - warn|w|warning|log|l|1: for a warning message (logging level CRITICAL, displayed by default)
[2026-05-19T15:22:31.715+0000] {subprocess.py:93} INFO -     - error|e|exception|raise|r|2: for a raised exception
[2026-05-19T15:22:31.719+0000] {subprocess.py:93} INFO - 
[2026-05-19T15:22:31.719+0000] {subprocess.py:93} INFO - Example:
[2026-05-19T15:22:31.719+0000] {subprocess.py:93} INFO -     export GIT_PYTHON_REFRESH=quiet
[2026-05-19T15:22:31.719+0000] {subprocess.py:93} INFO - 
[2026-05-19T15:50:33.901+0000] {subprocess.py:93} INFO - Traceback (most recent call last):
[2026-05-19T15:50:33.903+0000] {subprocess.py:93} INFO -   File "<frozen runpy>", line 198, in _run_module_as_main
[2026-05-19T15:50:33.903+0000] {subprocess.py:93} INFO -   File "<frozen runpy>", line 88, in _run_code
[2026-05-19T15:50:33.903+0000] {subprocess.py:93} INFO -   File "/opt/***/project/app/training/train.py", line 101, in <module>
[2026-05-19T15:50:33.903+0000] {subprocess.py:93} INFO -     mlflow.log_artifact(model_path)
[2026-05-19T15:50:33.903+0000] {subprocess.py:93} INFO -   File "/home/***/.local/lib/python3.12/site-packages/mlflow/tracking/fluent.py", line 1646, in log_artifact
[2026-05-19T15:50:33.904+0000] {subprocess.py:93} INFO -     MlflowClient().log_artifact(run_id, local_path, artifact_path)
[2026-05-19T15:50:33.904+0000] {subprocess.py:93} INFO -   File "/home/***/.local/lib/python3.12/site-packages/mlflow/tracking/client.py", line 2774, in log_artifact
[2026-05-19T15:50:33.904+0000] {subprocess.py:93} INFO -     self._tracking_client.log_artifact(run_id, local_path, artifact_path)
[2026-05-19T15:50:33.904+0000] {subprocess.py:93} INFO -   File "/home/***/.local/lib/python3.12/site-packages/mlflow/tracking/_tracking_service/client.py", line 678, in log_artifact
[2026-05-19T15:50:33.904+0000] {subprocess.py:93} INFO -     artifact_repo.log_artifact(local_path, artifact_path)
[2026-05-19T15:50:33.904+0000] {subprocess.py:93} INFO -   File "/home/***/.local/lib/python3.12/site-packages/mlflow/store/artifact/local_artifact_repo.py", line 48, in log_artifact
[2026-05-19T15:50:33.904+0000] {subprocess.py:93} INFO -     mkdir(artifact_dir)
[2026-05-19T15:50:33.905+0000] {subprocess.py:93} INFO -   File "/home/***/.local/lib/python3.12/site-packages/mlflow/utils/file_utils.py", line 209, in mkdir
[2026-05-19T15:50:33.905+0000] {subprocess.py:93} INFO -     raise e
[2026-05-19T15:50:33.905+0000] {subprocess.py:93} INFO -   File "/home/***/.local/lib/python3.12/site-packages/mlflow/utils/file_utils.py", line 206, in mkdir
[2026-05-19T15:50:33.905+0000] {subprocess.py:93} INFO -     os.makedirs(target, exist_ok=True)
[2026-05-19T15:50:33.905+0000] {subprocess.py:93} INFO -   File "<frozen os>", line 215, in makedirs
[2026-05-19T15:50:33.905+0000] {subprocess.py:93} INFO -   File "<frozen os>", line 215, in makedirs
[2026-05-19T15:50:33.906+0000] {subprocess.py:93} INFO -   File "<frozen os>", line 215, in makedirs
[2026-05-19T15:50:33.906+0000] {subprocess.py:93} INFO -   [Previous line repeated 2 more times]
[2026-05-19T15:50:33.906+0000] {subprocess.py:93} INFO -   File "<frozen os>", line 225, in makedirs
[2026-05-19T15:50:33.906+0000] {subprocess.py:93} INFO - PermissionError: [Errno 13] Permission denied: '/home/ubuntu'
[2026-05-19T15:50:33.913+0000] {subprocess.py:93} INFO - Epoch [1/10] Loss: 1.5301 Accuracy: 59.97%
[2026-05-19T15:50:33.914+0000] {subprocess.py:93} INFO - Epoch [2/10] Loss: 1.2024 Accuracy: 63.66%
[2026-05-19T15:50:33.914+0000] {subprocess.py:93} INFO - Epoch [3/10] Loss: 1.0760 Accuracy: 68.10%
[2026-05-19T15:50:33.914+0000] {subprocess.py:93} INFO - Epoch [4/10] Loss: 0.9822 Accuracy: 69.99%
[2026-05-19T15:50:33.914+0000] {subprocess.py:93} INFO - Epoch [5/10] Loss: 0.9238 Accuracy: 73.95%
[2026-05-19T15:50:33.914+0000] {subprocess.py:93} INFO - Epoch [6/10] Loss: 0.8727 Accuracy: 74.85%
[2026-05-19T15:50:33.914+0000] {subprocess.py:93} INFO - Epoch [7/10] Loss: 0.8244 Accuracy: 75.79%
[2026-05-19T15:50:33.914+0000] {subprocess.py:93} INFO - Epoch [8/10] Loss: 0.7964 Accuracy: 77.07%
[2026-05-19T15:50:33.914+0000] {subprocess.py:93} INFO - Epoch [9/10] Loss: 0.7705 Accuracy: 77.28%
[2026-05-19T15:50:33.915+0000] {subprocess.py:93} INFO - Epoch [10/10] Loss: 0.7447 Accuracy: 77.21%
[2026-05-19T15:50:33.915+0000] {subprocess.py:93} INFO - 🏃 View run dashing-bug-884 at: http://host.docker.internal:5000/#/experiments/1/runs/4f65f90c462146338c2c2825c420740c
[2026-05-19T15:50:33.915+0000] {subprocess.py:93} INFO - 🧪 View experiment at: http://host.docker.internal:5000/#/experiments/1
[2026-05-19T15:50:34.822+0000] {subprocess.py:97} INFO - Command exited with return code 1
[2026-05-19T15:50:34.824+0000] {taskinstance.py:441} INFO - ::group::Post task execution logs
[2026-05-19T15:50:34.832+0000] {taskinstance.py:2905} ERROR - Task failed with exception
Traceback (most recent call last):
  File "/home/airflow/.local/lib/python3.12/site-packages/airflow/models/taskinstance.py", line 465, in _execute_task
    result = _execute_callable(context=context, **execute_callable_kwargs)
             ^^^^^^^^^^^^^^^^^^^^^^^^^^^^^^^^^^^^^^^^^^^^^^^^^^^^^^^^^^^^^
  File "/home/airflow/.local/lib/python3.12/site-packages/airflow/models/taskinstance.py", line 432, in _execute_callable
    return execute_callable(context=context, **execute_callable_kwargs)
           ^^^^^^^^^^^^^^^^^^^^^^^^^^^^^^^^^^^^^^^^^^^^^^^^^^^^^^^^^^^^
  File "/home/airflow/.local/lib/python3.12/site-packages/airflow/models/baseoperator.py", line 401, in wrapper
    return func(self, *args, **kwargs)
           ^^^^^^^^^^^^^^^^^^^^^^^^^^^
  File "/home/airflow/.local/lib/python3.12/site-packages/airflow/operators/bash.py", line 243, in execute
    raise AirflowException(
airflow.exceptions.AirflowException: Bash command failed. The command returned a non-zero exit code 1.
[2026-05-19T15:50:34.836+0000] {taskinstance.py:1206} INFO - Marking task as FAILED. dag_id=cifar10_training_pipeline, task_id=train_model, run_id=manual__2026-05-19T15:21:58.113417+00:00, execution_date=20260519T152158, start_date=20260519T152218, end_date=20260519T155034
[2026-05-19T15:50:34.847+0000] {standard_task_runner.py:110} ERROR - Failed to execute job 17 for task train_model (Bash command failed. The command returned a non-zero exit code 1.; 97)
[2026-05-19T15:50:34.855+0000] {local_task_job_runner.py:243} INFO - Task exited with return code 1
[2026-05-19T15:50:34.870+0000] {taskinstance.py:3503} INFO - 0 downstream tasks scheduled from follow-on schedule check
[2026-05-19T15:50:34.873+0000] {local_task_job_runner.py:222} INFO - ::endgroup::
