[2026-06-01T11:33:00.229+0000] {local_task_job_runner.py:120} INFO - ::group::Pre task execution logs
[2026-06-01T11:33:00.249+0000] {taskinstance.py:2076} INFO - Dependencies all met for dep_context=non-requeueable deps ti=<TaskInstance: cifar10_training_pipeline.ingest_data manual__2026-06-01T11:32:53.280137+00:00 [queued]>
[2026-06-01T11:33:00.256+0000] {taskinstance.py:2076} INFO - Dependencies all met for dep_context=requeueable deps ti=<TaskInstance: cifar10_training_pipeline.ingest_data manual__2026-06-01T11:32:53.280137+00:00 [queued]>
[2026-06-01T11:33:00.256+0000] {taskinstance.py:2306} INFO - Starting attempt 1 of 1
[2026-06-01T11:33:00.268+0000] {taskinstance.py:2330} INFO - Executing <Task(BashOperator): ingest_data> on 2026-06-01 11:32:53.280137+00:00
[2026-06-01T11:33:00.275+0000] {warnings.py:112} WARNING - /home/***/.local/lib/python3.12/site-packages/***/task/task_runner/standard_task_runner.py:62: DeprecationWarning: This process (pid=115) is multi-threaded, use of fork() may lead to deadlocks in the child.
  pid = os.fork()

[2026-06-01T11:33:00.276+0000] {standard_task_runner.py:64} INFO - Started process 116 to run task
[2026-06-01T11:33:00.277+0000] {standard_task_runner.py:90} INFO - Running: ['***', 'tasks', 'run', 'cifar10_training_pipeline', 'ingest_data', 'manual__2026-06-01T11:32:53.280137+00:00', '--job-id', '57', '--raw', '--subdir', 'DAGS_FOLDER/cifar10_training_dag.py', '--cfg-path', '/tmp/tmpaplbrcv3']
[2026-06-01T11:33:00.278+0000] {standard_task_runner.py:91} INFO - Job 57: Subtask ingest_data
[2026-06-01T11:33:00.316+0000] {task_command.py:426} INFO - Running <TaskInstance: cifar10_training_pipeline.ingest_data manual__2026-06-01T11:32:53.280137+00:00 [running]> on host c01fc564bfa6
[2026-06-01T11:33:00.399+0000] {taskinstance.py:2648} INFO - Exporting env vars: AIRFLOW_CTX_DAG_OWNER='jeevan' AIRFLOW_CTX_DAG_ID='cifar10_training_pipeline' AIRFLOW_CTX_TASK_ID='ingest_data' AIRFLOW_CTX_EXECUTION_DATE='2026-06-01T11:32:53.280137+00:00' AIRFLOW_CTX_TRY_NUMBER='1' AIRFLOW_CTX_DAG_RUN_ID='manual__2026-06-01T11:32:53.280137+00:00'
[2026-06-01T11:33:00.399+0000] {taskinstance.py:430} INFO - ::endgroup::
[2026-06-01T11:33:00.410+0000] {subprocess.py:63} INFO - Tmp dir root location: /tmp
[2026-06-01T11:33:00.411+0000] {subprocess.py:75} INFO - Running command: ['/usr/bin/bash', '-c', '\n        cd /opt/***/project &&         POSTGRES_HOST=host.docker.internal REDIS_HOST=host.docker.internal MLFLOW_TRACKING_URI=http://host.docker.internal:5000 python -m app.ingestion.ingest\n        ']
[2026-06-01T11:33:00.422+0000] {subprocess.py:86} INFO - Output:
[2026-06-01T11:33:24.490+0000] {subprocess.py:93} INFO - Schema applied from /opt/***/project/app/database/schema.sql
[2026-06-01T11:33:24.491+0000] {subprocess.py:93} INFO - Ingested 50000 images for split='train'
[2026-06-01T11:33:24.491+0000] {subprocess.py:93} INFO - Ingested 10000 images for split='test'
[2026-06-01T11:33:25.157+0000] {subprocess.py:97} INFO - Command exited with return code 0
[2026-06-01T11:33:25.157+0000] {taskinstance.py:441} INFO - ::group::Post task execution logs
[2026-06-01T11:33:25.179+0000] {taskinstance.py:1206} INFO - Marking task as SUCCESS. dag_id=cifar10_training_pipeline, task_id=ingest_data, run_id=manual__2026-06-01T11:32:53.280137+00:00, execution_date=20260601T113253, start_date=20260601T113300, end_date=20260601T113325
[2026-06-01T11:33:25.217+0000] {local_task_job_runner.py:243} INFO - Task exited with return code 0
[2026-06-01T11:33:25.237+0000] {taskinstance.py:3503} INFO - 1 downstream tasks scheduled from follow-on schedule check
[2026-06-01T11:33:25.239+0000] {local_task_job_runner.py:222} INFO - ::endgroup::
