[2026-05-19T15:56:11.277+0000] {local_task_job_runner.py:120} INFO - ::group::Pre task execution logs
[2026-05-19T15:56:11.295+0000] {taskinstance.py:2076} INFO - Dependencies all met for dep_context=non-requeueable deps ti=<TaskInstance: cifar10_training_pipeline.train_model manual__2026-05-19T15:55:48.240451+00:00 [queued]>
[2026-05-19T15:56:11.301+0000] {taskinstance.py:2076} INFO - Dependencies all met for dep_context=requeueable deps ti=<TaskInstance: cifar10_training_pipeline.train_model manual__2026-05-19T15:55:48.240451+00:00 [queued]>
[2026-05-19T15:56:11.301+0000] {taskinstance.py:2306} INFO - Starting attempt 1 of 1
[2026-05-19T15:56:11.312+0000] {taskinstance.py:2330} INFO - Executing <Task(BashOperator): train_model> on 2026-05-19 15:55:48.240451+00:00
[2026-05-19T15:56:11.318+0000] {warnings.py:112} WARNING - /home/***/.local/lib/python3.12/site-packages/***/task/task_runner/standard_task_runner.py:62: DeprecationWarning: This process (pid=142) is multi-threaded, use of fork() may lead to deadlocks in the child.
  pid = os.fork()

[2026-05-19T15:56:11.320+0000] {standard_task_runner.py:64} INFO - Started process 143 to run task
[2026-05-19T15:56:11.320+0000] {standard_task_runner.py:90} INFO - Running: ['***', 'tasks', 'run', 'cifar10_training_pipeline', 'train_model', 'manual__2026-05-19T15:55:48.240451+00:00', '--job-id', '22', '--raw', '--subdir', 'DAGS_FOLDER/cifar10_training_dag.py', '--cfg-path', '/tmp/tmp9po323u4']
[2026-05-19T15:56:11.321+0000] {standard_task_runner.py:91} INFO - Job 22: Subtask train_model
[2026-05-19T15:56:11.354+0000] {task_command.py:426} INFO - Running <TaskInstance: cifar10_training_pipeline.train_model manual__2026-05-19T15:55:48.240451+00:00 [running]> on host 3b73f61fe421
[2026-05-19T15:56:11.411+0000] {taskinstance.py:2648} INFO - Exporting env vars: AIRFLOW_CTX_DAG_OWNER='jeevan' AIRFLOW_CTX_DAG_ID='cifar10_training_pipeline' AIRFLOW_CTX_TASK_ID='train_model' AIRFLOW_CTX_EXECUTION_DATE='2026-05-19T15:55:48.240451+00:00' AIRFLOW_CTX_TRY_NUMBER='1' AIRFLOW_CTX_DAG_RUN_ID='manual__2026-05-19T15:55:48.240451+00:00'
[2026-05-19T15:56:11.411+0000] {taskinstance.py:430} INFO - ::endgroup::
[2026-05-19T15:56:11.421+0000] {subprocess.py:63} INFO - Tmp dir root location: /tmp
[2026-05-19T15:56:11.422+0000] {subprocess.py:75} INFO - Running command: ['/usr/bin/bash', '-c', '\n        cd /opt/***/project &&         python -m app.training.train\n        ']
[2026-05-19T15:56:11.431+0000] {subprocess.py:86} INFO - Output:
[2026-05-19T15:56:16.978+0000] {subprocess.py:93} INFO - 2026/05/19 15:56:16 WARNING mlflow.utils.git_utils: Failed to import Git (the Git executable is probably not on your PATH), so Git SHA is not available. Error: Failed to initialize: Bad git executable.
[2026-05-19T15:56:16.979+0000] {subprocess.py:93} INFO - The git executable must be specified in one of the following ways:
[2026-05-19T15:56:16.979+0000] {subprocess.py:93} INFO -     - be included in your $PATH
[2026-05-19T15:56:16.979+0000] {subprocess.py:93} INFO -     - be set via $GIT_PYTHON_GIT_EXECUTABLE
[2026-05-19T15:56:16.979+0000] {subprocess.py:93} INFO -     - explicitly set via git.refresh(<full-path-to-git-executable>)
[2026-05-19T15:56:16.980+0000] {subprocess.py:93} INFO - 
[2026-05-19T15:56:16.980+0000] {subprocess.py:93} INFO - All git commands will error until this is rectified.
[2026-05-19T15:56:16.980+0000] {subprocess.py:93} INFO - 
[2026-05-19T15:56:16.980+0000] {subprocess.py:93} INFO - This initial message can be silenced or aggravated in the future by setting the
[2026-05-19T15:56:16.980+0000] {subprocess.py:93} INFO - $GIT_PYTHON_REFRESH environment variable. Use one of the following values:
[2026-05-19T15:56:16.980+0000] {subprocess.py:93} INFO -     - quiet|q|silence|s|silent|none|n|0: for no message or exception
[2026-05-19T15:56:16.980+0000] {subprocess.py:93} INFO -     - warn|w|warning|log|l|1: for a warning message (logging level CRITICAL, displayed by default)
[2026-05-19T15:56:16.981+0000] {subprocess.py:93} INFO -     - error|e|exception|raise|r|2: for a raised exception
[2026-05-19T15:56:16.981+0000] {subprocess.py:93} INFO - 
[2026-05-19T15:56:16.981+0000] {subprocess.py:93} INFO - Example:
[2026-05-19T15:56:16.981+0000] {subprocess.py:93} INFO -     export GIT_PYTHON_REFRESH=quiet
[2026-05-19T15:56:16.981+0000] {subprocess.py:93} INFO - 
[2026-05-19T16:07:41.138+0000] {subprocess.py:93} INFO - 2026/05/19 16:07:41 WARNING mlflow.models.model: `artifact_path` is deprecated. Please use `name` instead.
[2026-05-19T16:07:41.223+0000] {subprocess.py:93} INFO - 2026/05/19 16:07:41 WARNING mlflow.pytorch: Saving pytorch model by Pickle or CloudPickle format requires exercising caution because these formats rely on Python's object serialization mechanism, which can execute arbitrary code during deserialization. The recommended safe alternative is to set `serialization_format` to 'pt2' to save the PyTorch model using the safe graph model format.
[2026-05-19T16:07:47.360+0000] {subprocess.py:93} INFO - Traceback (most recent call last):
[2026-05-19T16:07:47.361+0000] {subprocess.py:93} INFO -   File "<frozen runpy>", line 198, in _run_module_as_main
[2026-05-19T16:07:47.361+0000] {subprocess.py:93} INFO -   File "<frozen runpy>", line 88, in _run_code
[2026-05-19T16:07:47.361+0000] {subprocess.py:93} INFO -   File "/opt/***/project/app/training/train.py", line 103, in <module>
[2026-05-19T16:07:47.361+0000] {subprocess.py:93} INFO -     mlflow.pytorch.log_model(
[2026-05-19T16:07:47.361+0000] {subprocess.py:93} INFO -   File "/home/***/.local/lib/python3.12/site-packages/mlflow/pytorch/__init__.py", line 304, in log_model
[2026-05-19T16:07:47.361+0000] {subprocess.py:93} INFO -     return Model.log(
[2026-05-19T16:07:47.361+0000] {subprocess.py:93} INFO -            ^^^^^^^^^^
[2026-05-19T16:07:47.361+0000] {subprocess.py:93} INFO -   File "/home/***/.local/lib/python3.12/site-packages/mlflow/models/model.py", line 1296, in log
[2026-05-19T16:07:47.362+0000] {subprocess.py:93} INFO -     client.log_model_artifacts(model.model_id, local_path)
[2026-05-19T16:07:47.362+0000] {subprocess.py:93} INFO -   File "/home/***/.local/lib/python3.12/site-packages/mlflow/tracking/client.py", line 5934, in log_model_artifacts
[2026-05-19T16:07:47.364+0000] {subprocess.py:93} INFO -     return self._tracking_client.log_model_artifacts(model_id, local_dir)
[2026-05-19T16:07:47.364+0000] {subprocess.py:93} INFO -            ^^^^^^^^^^^^^^^^^^^^^^^^^^^^^^^^^^^^^^^^^^^^^^^^^^^^^^^^^^^^^^
[2026-05-19T16:07:47.364+0000] {subprocess.py:93} INFO -   File "/home/***/.local/lib/python3.12/site-packages/mlflow/tracking/_tracking_service/client.py", line 920, in log_model_artifacts
[2026-05-19T16:07:47.364+0000] {subprocess.py:93} INFO -     self._get_artifact_repo(model_id, resource="logged_model").log_artifacts(local_dir)
[2026-05-19T16:07:47.364+0000] {subprocess.py:93} INFO -   File "/home/***/.local/lib/python3.12/site-packages/mlflow/store/artifact/local_artifact_repo.py", line 71, in log_artifacts
[2026-05-19T16:07:47.364+0000] {subprocess.py:93} INFO -     mkdir(artifact_dir)
[2026-05-19T16:07:47.365+0000] {subprocess.py:93} INFO -   File "/home/***/.local/lib/python3.12/site-packages/mlflow/utils/file_utils.py", line 209, in mkdir
[2026-05-19T16:07:47.365+0000] {subprocess.py:93} INFO -     raise e
[2026-05-19T16:07:47.365+0000] {subprocess.py:93} INFO -   File "/home/***/.local/lib/python3.12/site-packages/mlflow/utils/file_utils.py", line 206, in mkdir
[2026-05-19T16:07:47.365+0000] {subprocess.py:93} INFO -     os.makedirs(target, exist_ok=True)
[2026-05-19T16:07:47.365+0000] {subprocess.py:93} INFO -   File "<frozen os>", line 215, in makedirs
[2026-05-19T16:07:47.365+0000] {subprocess.py:93} INFO -   File "<frozen os>", line 215, in makedirs
[2026-05-19T16:07:47.365+0000] {subprocess.py:93} INFO -   File "<frozen os>", line 215, in makedirs
[2026-05-19T16:07:47.365+0000] {subprocess.py:93} INFO -   [Previous line repeated 3 more times]
[2026-05-19T16:07:47.366+0000] {subprocess.py:93} INFO -   File "<frozen os>", line 225, in makedirs
[2026-05-19T16:07:47.366+0000] {subprocess.py:93} INFO - PermissionError: [Errno 13] Permission denied: '/home/ubuntu'
[2026-05-19T16:07:47.374+0000] {subprocess.py:93} INFO - Epoch [1/10] Loss: 1.4973 Accuracy: 59.54%
[2026-05-19T16:07:47.374+0000] {subprocess.py:93} INFO - Epoch [2/10] Loss: 1.1822 Accuracy: 65.04%
[2026-05-19T16:07:47.375+0000] {subprocess.py:93} INFO - Epoch [3/10] Loss: 1.0638 Accuracy: 68.88%
[2026-05-19T16:07:47.375+0000] {subprocess.py:93} INFO - Epoch [4/10] Loss: 0.9842 Accuracy: 66.96%
[2026-05-19T16:07:47.375+0000] {subprocess.py:93} INFO - Epoch [5/10] Loss: 0.9225 Accuracy: 71.39%
[2026-05-19T16:07:47.375+0000] {subprocess.py:93} INFO - Epoch [6/10] Loss: 0.8869 Accuracy: 74.10%
[2026-05-19T16:07:47.375+0000] {subprocess.py:93} INFO - Epoch [7/10] Loss: 0.8411 Accuracy: 76.44%
[2026-05-19T16:07:47.375+0000] {subprocess.py:93} INFO - Epoch [8/10] Loss: 0.8039 Accuracy: 77.14%
[2026-05-19T16:07:47.375+0000] {subprocess.py:93} INFO - Epoch [9/10] Loss: 0.7729 Accuracy: 77.42%
[2026-05-19T16:07:47.375+0000] {subprocess.py:93} INFO - Epoch [10/10] Loss: 0.7492 Accuracy: 77.83%
[2026-05-19T16:07:47.376+0000] {subprocess.py:93} INFO - 🏃 View run luxuriant-steed-866 at: http://host.docker.internal:5000/#/experiments/1/runs/68a7294af09b4b8a835a85b50b884c9c
[2026-05-19T16:07:47.376+0000] {subprocess.py:93} INFO - 🧪 View experiment at: http://host.docker.internal:5000/#/experiments/1
[2026-05-19T16:07:48.311+0000] {subprocess.py:97} INFO - Command exited with return code 1
[2026-05-19T16:07:48.312+0000] {taskinstance.py:441} INFO - ::group::Post task execution logs
[2026-05-19T16:07:48.320+0000] {taskinstance.py:2905} ERROR - Task failed with exception
Traceback (most recent call last):
  File "/home/airflow/.local/lib/python3.12/site-packages/airflow/models/taskinstance.py", line 465, in _execute_task
    result = _execute_callable(context=context, **execute_callable_kwargs)
             ^^^^^^^^^^^^^^^^^^^^^^^^^^^^^^^^^^^^^^^^^^^^^^^^^^^^^^^^^^^^^
  File "/home/airflow/.local/lib/python3.12/site-packages/airflow/models/taskinstance.py", line 432, in _execute_callable
    return execute_callable(context=context, **execute_callable_kwargs)
           ^^^^^^^^^^^^^^^^^^^^^^^^^^^^^^^^^^^^^^^^^^^^^^^^^^^^^^^^^^^^
  File "/home/airflow/.local/lib/python3.12/site-packages/airflow/models/baseoperator.py", line 401, in wrapper
    return func(self, *args, **kwargs)
           ^^^^^^^^^^^^^^^^^^^^^^^^^^^
  File "/home/airflow/.local/lib/python3.12/site-packages/airflow/operators/bash.py", line 243, in execute
    raise AirflowException(
airflow.exceptions.AirflowException: Bash command failed. The command returned a non-zero exit code 1.
[2026-05-19T16:07:48.324+0000] {taskinstance.py:1206} INFO - Marking task as FAILED. dag_id=cifar10_training_pipeline, task_id=train_model, run_id=manual__2026-05-19T15:55:48.240451+00:00, execution_date=20260519T155548, start_date=20260519T155611, end_date=20260519T160748
[2026-05-19T16:07:48.336+0000] {standard_task_runner.py:110} ERROR - Failed to execute job 22 for task train_model (Bash command failed. The command returned a non-zero exit code 1.; 143)
[2026-05-19T16:07:48.370+0000] {local_task_job_runner.py:243} INFO - Task exited with return code 1
[2026-05-19T16:07:48.386+0000] {taskinstance.py:3503} INFO - 0 downstream tasks scheduled from follow-on schedule check
[2026-05-19T16:07:48.390+0000] {local_task_job_runner.py:222} INFO - ::endgroup::
