[2026-05-19T11:00:53.820+0000] {local_task_job_runner.py:120} INFO - ::group::Pre task execution logs
[2026-05-19T11:00:53.849+0000] {taskinstance.py:2076} INFO - Dependencies all met for dep_context=non-requeueable deps ti=<TaskInstance: cifar10_training_pipeline.train_cifar10_model manual__2026-05-19T11:00:52.604091+00:00 [queued]>
[2026-05-19T11:00:53.856+0000] {taskinstance.py:2076} INFO - Dependencies all met for dep_context=requeueable deps ti=<TaskInstance: cifar10_training_pipeline.train_cifar10_model manual__2026-05-19T11:00:52.604091+00:00 [queued]>
[2026-05-19T11:00:53.856+0000] {taskinstance.py:2306} INFO - Starting attempt 1 of 1
[2026-05-19T11:00:53.868+0000] {taskinstance.py:2330} INFO - Executing <Task(BashOperator): train_cifar10_model> on 2026-05-19 11:00:52.604091+00:00
[2026-05-19T11:00:53.879+0000] {warnings.py:112} WARNING - /home/***/.local/lib/python3.12/site-packages/***/task/task_runner/standard_task_runner.py:62: DeprecationWarning: This process (pid=125) is multi-threaded, use of fork() may lead to deadlocks in the child.
  pid = os.fork()

[2026-05-19T11:00:53.882+0000] {standard_task_runner.py:64} INFO - Started process 126 to run task
[2026-05-19T11:00:53.882+0000] {standard_task_runner.py:90} INFO - Running: ['***', 'tasks', 'run', 'cifar10_training_pipeline', 'train_cifar10_model', 'manual__2026-05-19T11:00:52.604091+00:00', '--job-id', '5', '--raw', '--subdir', 'DAGS_FOLDER/cifar10_training_dag.py', '--cfg-path', '/tmp/tmp0nv6_xg_']
[2026-05-19T11:00:53.884+0000] {standard_task_runner.py:91} INFO - Job 5: Subtask train_cifar10_model
[2026-05-19T11:00:53.936+0000] {task_command.py:426} INFO - Running <TaskInstance: cifar10_training_pipeline.train_cifar10_model manual__2026-05-19T11:00:52.604091+00:00 [running]> on host 110dc3732e8c
[2026-05-19T11:00:54.003+0000] {taskinstance.py:2648} INFO - Exporting env vars: AIRFLOW_CTX_DAG_OWNER='jeevan' AIRFLOW_CTX_DAG_ID='cifar10_training_pipeline' AIRFLOW_CTX_TASK_ID='train_cifar10_model' AIRFLOW_CTX_EXECUTION_DATE='2026-05-19T11:00:52.604091+00:00' AIRFLOW_CTX_TRY_NUMBER='1' AIRFLOW_CTX_DAG_RUN_ID='manual__2026-05-19T11:00:52.604091+00:00'
[2026-05-19T11:00:54.004+0000] {taskinstance.py:430} INFO - ::endgroup::
[2026-05-19T11:00:54.026+0000] {subprocess.py:63} INFO - Tmp dir root location: /tmp
[2026-05-19T11:00:54.026+0000] {subprocess.py:75} INFO - Running command: ['/usr/bin/bash', '-c', '\n        cd /opt/***/project &&         source venv/bin/activate &&         python -m app.training.train\n        ']
[2026-05-19T11:00:54.037+0000] {subprocess.py:86} INFO - Output:
[2026-05-19T11:05:05.524+0000] {subprocess.py:93} INFO - Traceback (most recent call last):
[2026-05-19T11:05:05.525+0000] {subprocess.py:93} INFO -   File "/home/***/.local/lib/python3.12/site-packages/urllib3/connection.py", line 203, in _new_conn
[2026-05-19T11:05:05.525+0000] {subprocess.py:93} INFO -     sock = connection.create_connection(
[2026-05-19T11:05:05.526+0000] {subprocess.py:93} INFO -            ^^^^^^^^^^^^^^^^^^^^^^^^^^^^^
[2026-05-19T11:05:05.526+0000] {subprocess.py:93} INFO -   File "/home/***/.local/lib/python3.12/site-packages/urllib3/util/connection.py", line 85, in create_connection
[2026-05-19T11:05:05.526+0000] {subprocess.py:93} INFO -     raise err
[2026-05-19T11:05:05.526+0000] {subprocess.py:93} INFO -   File "/home/***/.local/lib/python3.12/site-packages/urllib3/util/connection.py", line 73, in create_connection
[2026-05-19T11:05:05.526+0000] {subprocess.py:93} INFO -     sock.connect(sa)
[2026-05-19T11:05:05.527+0000] {subprocess.py:93} INFO - ConnectionRefusedError: [Errno 111] Connection refused
[2026-05-19T11:05:05.527+0000] {subprocess.py:93} INFO - 
[2026-05-19T11:05:05.527+0000] {subprocess.py:93} INFO - The above exception was the direct cause of the following exception:
[2026-05-19T11:05:05.527+0000] {subprocess.py:93} INFO - 
[2026-05-19T11:05:05.527+0000] {subprocess.py:93} INFO - Traceback (most recent call last):
[2026-05-19T11:05:05.527+0000] {subprocess.py:93} INFO -   File "/home/***/.local/lib/python3.12/site-packages/urllib3/connectionpool.py", line 791, in urlopen
[2026-05-19T11:05:05.528+0000] {subprocess.py:93} INFO -     response = self._make_request(
[2026-05-19T11:05:05.528+0000] {subprocess.py:93} INFO -                ^^^^^^^^^^^^^^^^^^^
[2026-05-19T11:05:05.528+0000] {subprocess.py:93} INFO -   File "/home/***/.local/lib/python3.12/site-packages/urllib3/connectionpool.py", line 497, in _make_request
[2026-05-19T11:05:05.528+0000] {subprocess.py:93} INFO -     conn.request(
[2026-05-19T11:05:05.528+0000] {subprocess.py:93} INFO -   File "/home/***/.local/lib/python3.12/site-packages/urllib3/connection.py", line 395, in request
[2026-05-19T11:05:05.529+0000] {subprocess.py:93} INFO -     self.endheaders()
[2026-05-19T11:05:05.529+0000] {subprocess.py:93} INFO -   File "/usr/local/lib/python3.12/http/client.py", line 1331, in endheaders
[2026-05-19T11:05:05.529+0000] {subprocess.py:93} INFO -     self._send_output(message_body, encode_chunked=encode_chunked)
[2026-05-19T11:05:05.529+0000] {subprocess.py:93} INFO -   File "/usr/local/lib/python3.12/http/client.py", line 1091, in _send_output
[2026-05-19T11:05:05.529+0000] {subprocess.py:93} INFO -     self.send(msg)
[2026-05-19T11:05:05.529+0000] {subprocess.py:93} INFO -   File "/usr/local/lib/python3.12/http/client.py", line 1035, in send
[2026-05-19T11:05:05.529+0000] {subprocess.py:93} INFO -     self.connect()
[2026-05-19T11:05:05.529+0000] {subprocess.py:93} INFO -   File "/home/***/.local/lib/python3.12/site-packages/urllib3/connection.py", line 243, in connect
[2026-05-19T11:05:05.529+0000] {subprocess.py:93} INFO -     self.sock = self._new_conn()
[2026-05-19T11:05:05.530+0000] {subprocess.py:93} INFO -                 ^^^^^^^^^^^^^^^^
[2026-05-19T11:05:05.530+0000] {subprocess.py:93} INFO -   File "/home/***/.local/lib/python3.12/site-packages/urllib3/connection.py", line 218, in _new_conn
[2026-05-19T11:05:05.530+0000] {subprocess.py:93} INFO -     raise NewConnectionError(
[2026-05-19T11:05:05.530+0000] {subprocess.py:93} INFO - urllib3.exceptions.NewConnectionError: <urllib3.connection.HTTPConnection object at 0x75fb8fb74e00>: Failed to establish a new connection: [Errno 111] Connection refused
[2026-05-19T11:05:05.530+0000] {subprocess.py:93} INFO - 
[2026-05-19T11:05:05.530+0000] {subprocess.py:93} INFO - The above exception was the direct cause of the following exception:
[2026-05-19T11:05:05.530+0000] {subprocess.py:93} INFO - 
[2026-05-19T11:05:05.531+0000] {subprocess.py:93} INFO - Traceback (most recent call last):
[2026-05-19T11:05:05.531+0000] {subprocess.py:93} INFO -   File "/home/***/.local/lib/python3.12/site-packages/requests/adapters.py", line 667, in send
[2026-05-19T11:05:05.532+0000] {subprocess.py:93} INFO -     resp = conn.urlopen(
[2026-05-19T11:05:05.533+0000] {subprocess.py:93} INFO -            ^^^^^^^^^^^^^
[2026-05-19T11:05:05.533+0000] {subprocess.py:93} INFO -   File "/home/***/.local/lib/python3.12/site-packages/urllib3/connectionpool.py", line 875, in urlopen
[2026-05-19T11:05:05.533+0000] {subprocess.py:93} INFO -     return self.urlopen(
[2026-05-19T11:05:05.533+0000] {subprocess.py:93} INFO -            ^^^^^^^^^^^^^
[2026-05-19T11:05:05.533+0000] {subprocess.py:93} INFO -   File "/home/***/.local/lib/python3.12/site-packages/urllib3/connectionpool.py", line 875, in urlopen
[2026-05-19T11:05:05.533+0000] {subprocess.py:93} INFO -     return self.urlopen(
[2026-05-19T11:05:05.533+0000] {subprocess.py:93} INFO -            ^^^^^^^^^^^^^
[2026-05-19T11:05:05.534+0000] {subprocess.py:93} INFO -   File "/home/***/.local/lib/python3.12/site-packages/urllib3/connectionpool.py", line 875, in urlopen
[2026-05-19T11:05:05.534+0000] {subprocess.py:93} INFO -     return self.urlopen(
[2026-05-19T11:05:05.534+0000] {subprocess.py:93} INFO -            ^^^^^^^^^^^^^
[2026-05-19T11:05:05.534+0000] {subprocess.py:93} INFO -   [Previous line repeated 4 more times]
[2026-05-19T11:05:05.534+0000] {subprocess.py:93} INFO -   File "/home/***/.local/lib/python3.12/site-packages/urllib3/connectionpool.py", line 845, in urlopen
[2026-05-19T11:05:05.535+0000] {subprocess.py:93} INFO -     retries = retries.increment(
[2026-05-19T11:05:05.535+0000] {subprocess.py:93} INFO -               ^^^^^^^^^^^^^^^^^^
[2026-05-19T11:05:05.536+0000] {subprocess.py:93} INFO -   File "/home/***/.local/lib/python3.12/site-packages/urllib3/util/retry.py", line 515, in increment
[2026-05-19T11:05:05.536+0000] {subprocess.py:93} INFO -     raise MaxRetryError(_pool, url, reason) from reason  # type: ignore[arg-type]
[2026-05-19T11:05:05.536+0000] {subprocess.py:93} INFO -     ^^^^^^^^^^^^^^^^^^^^^^^^^^^^^^^^^^^^^^^^^^^^^^^^^^^
[2026-05-19T11:05:05.538+0000] {subprocess.py:93} INFO - urllib3.exceptions.MaxRetryError: HTTPConnectionPool(host='localhost', port=5000): Max retries exceeded with url: /api/2.0/mlflow/experiments/get-by-name?experiment_name=cifar10_training (Caused by NewConnectionError('<urllib3.connection.HTTPConnection object at 0x75fb8fb74e00>: Failed to establish a new connection: [Errno 111] Connection refused'))
[2026-05-19T11:05:05.538+0000] {subprocess.py:93} INFO - 
[2026-05-19T11:05:05.538+0000] {subprocess.py:93} INFO - During handling of the above exception, another exception occurred:
[2026-05-19T11:05:05.538+0000] {subprocess.py:93} INFO - 
[2026-05-19T11:05:05.539+0000] {subprocess.py:93} INFO - Traceback (most recent call last):
[2026-05-19T11:05:05.539+0000] {subprocess.py:93} INFO -   File "/home/***/.local/lib/python3.12/site-packages/mlflow/utils/rest_utils.py", line 282, in http_request
[2026-05-19T11:05:05.539+0000] {subprocess.py:93} INFO -     return _get_http_response_with_retries(
[2026-05-19T11:05:05.539+0000] {subprocess.py:93} INFO -            ^^^^^^^^^^^^^^^^^^^^^^^^^^^^^^^^
[2026-05-19T11:05:05.539+0000] {subprocess.py:93} INFO -   File "/home/***/.local/lib/python3.12/site-packages/mlflow/utils/request_utils.py", line 282, in _get_http_response_with_retries
[2026-05-19T11:05:05.539+0000] {subprocess.py:93} INFO -     return session.request(method, url, allow_redirects=allow_redirects, **kwargs)
[2026-05-19T11:05:05.539+0000] {subprocess.py:93} INFO -            ^^^^^^^^^^^^^^^^^^^^^^^^^^^^^^^^^^^^^^^^^^^^^^^^^^^^^^^^^^^^^^^^^^^^^^^
[2026-05-19T11:05:05.540+0000] {subprocess.py:93} INFO -   File "/home/***/.local/lib/python3.12/site-packages/requests/sessions.py", line 589, in request
[2026-05-19T11:05:05.540+0000] {subprocess.py:93} INFO -     resp = self.send(prep, **send_kwargs)
[2026-05-19T11:05:05.542+0000] {subprocess.py:93} INFO -            ^^^^^^^^^^^^^^^^^^^^^^^^^^^^^^
[2026-05-19T11:05:05.542+0000] {subprocess.py:93} INFO -   File "/home/***/.local/lib/python3.12/site-packages/requests/sessions.py", line 703, in send
[2026-05-19T11:05:05.542+0000] {subprocess.py:93} INFO -     r = adapter.send(request, **kwargs)
[2026-05-19T11:05:05.543+0000] {subprocess.py:93} INFO -         ^^^^^^^^^^^^^^^^^^^^^^^^^^^^^^^
[2026-05-19T11:05:05.543+0000] {subprocess.py:93} INFO -   File "/home/***/.local/lib/python3.12/site-packages/requests/adapters.py", line 700, in send
[2026-05-19T11:05:05.543+0000] {subprocess.py:93} INFO -     raise ConnectionError(e, request=request)
[2026-05-19T11:05:05.543+0000] {subprocess.py:93} INFO - requests.exceptions.ConnectionError: HTTPConnectionPool(host='localhost', port=5000): Max retries exceeded with url: /api/2.0/mlflow/experiments/get-by-name?experiment_name=cifar10_training (Caused by NewConnectionError('<urllib3.connection.HTTPConnection object at 0x75fb8fb74e00>: Failed to establish a new connection: [Errno 111] Connection refused'))
[2026-05-19T11:05:05.543+0000] {subprocess.py:93} INFO - 
[2026-05-19T11:05:05.543+0000] {subprocess.py:93} INFO - During handling of the above exception, another exception occurred:
[2026-05-19T11:05:05.543+0000] {subprocess.py:93} INFO - 
[2026-05-19T11:05:05.544+0000] {subprocess.py:93} INFO - Traceback (most recent call last):
[2026-05-19T11:05:05.544+0000] {subprocess.py:93} INFO -   File "<frozen runpy>", line 198, in _run_module_as_main
[2026-05-19T11:05:05.545+0000] {subprocess.py:93} INFO -   File "<frozen runpy>", line 88, in _run_code
[2026-05-19T11:05:05.546+0000] {subprocess.py:93} INFO -   File "/opt/***/project/app/training/train.py", line 16, in <module>
[2026-05-19T11:05:05.546+0000] {subprocess.py:93} INFO -     mlflow.set_experiment("cifar10_training")
[2026-05-19T11:05:05.546+0000] {subprocess.py:93} INFO -   File "/home/***/.local/lib/python3.12/site-packages/mlflow/tracking/fluent.py", line 207, in set_experiment
[2026-05-19T11:05:05.546+0000] {subprocess.py:93} INFO -     experiment = client.get_experiment_by_name(experiment_name)
[2026-05-19T11:05:05.546+0000] {subprocess.py:93} INFO -                  ^^^^^^^^^^^^^^^^^^^^^^^^^^^^^^^^^^^^^^^^^^^^^^
[2026-05-19T11:05:05.546+0000] {subprocess.py:93} INFO -   File "/home/***/.local/lib/python3.12/site-packages/mlflow/tracking/_tracking_service/client.py", line 283, in get_experiment_by_name
[2026-05-19T11:05:05.547+0000] {subprocess.py:93} INFO -     return self.store.get_experiment_by_name(name)
[2026-05-19T11:05:05.548+0000] {subprocess.py:93} INFO -            ^^^^^^^^^^^^^^^^^^^^^^^^^^^^^^^^^^^^^^^
[2026-05-19T11:05:05.548+0000] {subprocess.py:93} INFO -   File "/home/***/.local/lib/python3.12/site-packages/mlflow/store/tracking/rest_store.py", line 1120, in get_experiment_by_name
[2026-05-19T11:05:05.548+0000] {subprocess.py:93} INFO -     response_proto = self._call_endpoint(GetExperimentByName, req_body)
[2026-05-19T11:05:05.548+0000] {subprocess.py:93} INFO -                      ^^^^^^^^^^^^^^^^^^^^^^^^^^^^^^^^^^^^^^^^^^^^^^^^^^
[2026-05-19T11:05:05.548+0000] {subprocess.py:93} INFO -   File "/home/***/.local/lib/python3.12/site-packages/mlflow/store/tracking/rest_store.py", line 243, in _call_endpoint
[2026-05-19T11:05:05.549+0000] {subprocess.py:93} INFO -     return call_endpoint(
[2026-05-19T11:05:05.549+0000] {subprocess.py:93} INFO -            ^^^^^^^^^^^^^^
[2026-05-19T11:05:05.550+0000] {subprocess.py:93} INFO -   File "/home/***/.local/lib/python3.12/site-packages/mlflow/utils/rest_utils.py", line 653, in call_endpoint
[2026-05-19T11:05:05.552+0000] {subprocess.py:93} INFO -     response = http_request(**call_kwargs)
[2026-05-19T11:05:05.552+0000] {subprocess.py:93} INFO -                ^^^^^^^^^^^^^^^^^^^^^^^^^^^
[2026-05-19T11:05:05.552+0000] {subprocess.py:93} INFO -   File "/home/***/.local/lib/python3.12/site-packages/mlflow/utils/rest_utils.py", line 305, in http_request
[2026-05-19T11:05:05.552+0000] {subprocess.py:93} INFO -     raise MlflowException(f"API request to {url} failed with exception {e}")
[2026-05-19T11:05:05.553+0000] {subprocess.py:93} INFO - mlflow.exceptions.MlflowException: API request to http://localhost:5000/api/2.0/mlflow/experiments/get-by-name failed with exception HTTPConnectionPool(host='localhost', port=5000): Max retries exceeded with url: /api/2.0/mlflow/experiments/get-by-name?experiment_name=cifar10_training (Caused by NewConnectionError('<urllib3.connection.HTTPConnection object at 0x75fb8fb74e00>: Failed to establish a new connection: [Errno 111] Connection refused'))
[2026-05-19T11:05:06.537+0000] {subprocess.py:97} INFO - Command exited with return code 1
[2026-05-19T11:05:06.537+0000] {taskinstance.py:441} INFO - ::group::Post task execution logs
[2026-05-19T11:05:06.545+0000] {taskinstance.py:2905} ERROR - Task failed with exception
Traceback (most recent call last):
  File "/home/airflow/.local/lib/python3.12/site-packages/airflow/models/taskinstance.py", line 465, in _execute_task
    result = _execute_callable(context=context, **execute_callable_kwargs)
             ^^^^^^^^^^^^^^^^^^^^^^^^^^^^^^^^^^^^^^^^^^^^^^^^^^^^^^^^^^^^^
  File "/home/airflow/.local/lib/python3.12/site-packages/airflow/models/taskinstance.py", line 432, in _execute_callable
    return execute_callable(context=context, **execute_callable_kwargs)
           ^^^^^^^^^^^^^^^^^^^^^^^^^^^^^^^^^^^^^^^^^^^^^^^^^^^^^^^^^^^^
  File "/home/airflow/.local/lib/python3.12/site-packages/airflow/models/baseoperator.py", line 401, in wrapper
    return func(self, *args, **kwargs)
           ^^^^^^^^^^^^^^^^^^^^^^^^^^^
  File "/home/airflow/.local/lib/python3.12/site-packages/airflow/operators/bash.py", line 243, in execute
    raise AirflowException(
airflow.exceptions.AirflowException: Bash command failed. The command returned a non-zero exit code 1.
[2026-05-19T11:05:06.549+0000] {taskinstance.py:1206} INFO - Marking task as FAILED. dag_id=cifar10_training_pipeline, task_id=train_cifar10_model, run_id=manual__2026-05-19T11:00:52.604091+00:00, execution_date=20260519T110052, start_date=20260519T110053, end_date=20260519T110506
[2026-05-19T11:05:06.561+0000] {standard_task_runner.py:110} ERROR - Failed to execute job 5 for task train_cifar10_model (Bash command failed. The command returned a non-zero exit code 1.; 126)
[2026-05-19T11:05:06.576+0000] {local_task_job_runner.py:243} INFO - Task exited with return code 1
[2026-05-19T11:05:06.590+0000] {taskinstance.py:3503} INFO - 0 downstream tasks scheduled from follow-on schedule check
[2026-05-19T11:05:06.592+0000] {local_task_job_runner.py:222} INFO - ::endgroup::
