[2026-06-01T11:09:47.023+0000] {local_task_job_runner.py:120} INFO - ::group::Pre task execution logs
[2026-06-01T11:09:47.051+0000] {taskinstance.py:2076} INFO - Dependencies all met for dep_context=non-requeueable deps ti=<TaskInstance: cifar10_training_pipeline.train_model scheduled__2026-05-31T00:00:00+00:00 [queued]>
[2026-06-01T11:09:47.061+0000] {taskinstance.py:2076} INFO - Dependencies all met for dep_context=requeueable deps ti=<TaskInstance: cifar10_training_pipeline.train_model scheduled__2026-05-31T00:00:00+00:00 [queued]>
[2026-06-01T11:09:47.061+0000] {taskinstance.py:2306} INFO - Starting attempt 1 of 1
[2026-06-01T11:09:47.078+0000] {taskinstance.py:2330} INFO - Executing <Task(BashOperator): train_model> on 2026-05-31 00:00:00+00:00
[2026-06-01T11:09:47.089+0000] {warnings.py:112} WARNING - /home/***/.local/lib/python3.12/site-packages/***/task/task_runner/standard_task_runner.py:62: DeprecationWarning: This process (pid=66) is multi-threaded, use of fork() may lead to deadlocks in the child.
  pid = os.fork()

[2026-06-01T11:09:47.092+0000] {standard_task_runner.py:64} INFO - Started process 68 to run task
[2026-06-01T11:09:47.094+0000] {standard_task_runner.py:90} INFO - Running: ['***', 'tasks', 'run', 'cifar10_training_pipeline', 'train_model', 'scheduled__2026-05-31T00:00:00+00:00', '--job-id', '38', '--raw', '--subdir', 'DAGS_FOLDER/cifar10_training_dag.py', '--cfg-path', '/tmp/tmpdidylwl6']
[2026-06-01T11:09:47.095+0000] {standard_task_runner.py:91} INFO - Job 38: Subtask train_model
[2026-06-01T11:09:47.147+0000] {task_command.py:426} INFO - Running <TaskInstance: cifar10_training_pipeline.train_model scheduled__2026-05-31T00:00:00+00:00 [running]> on host b9dcb14f88e9
[2026-06-01T11:09:47.255+0000] {taskinstance.py:2648} INFO - Exporting env vars: AIRFLOW_CTX_DAG_OWNER='jeevan' AIRFLOW_CTX_DAG_ID='cifar10_training_pipeline' AIRFLOW_CTX_TASK_ID='train_model' AIRFLOW_CTX_EXECUTION_DATE='2026-05-31T00:00:00+00:00' AIRFLOW_CTX_TRY_NUMBER='1' AIRFLOW_CTX_DAG_RUN_ID='scheduled__2026-05-31T00:00:00+00:00'
[2026-06-01T11:09:47.255+0000] {taskinstance.py:430} INFO - ::endgroup::
[2026-06-01T11:09:47.270+0000] {subprocess.py:63} INFO - Tmp dir root location: /tmp
[2026-06-01T11:09:47.271+0000] {subprocess.py:75} INFO - Running command: ['/usr/bin/bash', '-c', '\n        cd /opt/***/project &&         POSTGRES_HOST=host.docker.internal REDIS_HOST=host.docker.internal MLFLOW_TRACKING_URI=http://host.docker.internal:5000 EPOCHS=1 python -m app.training.train\n        ']
[2026-06-01T11:09:47.287+0000] {subprocess.py:86} INFO - Output:
[2026-06-01T11:09:57.202+0000] {subprocess.py:93} INFO - 2026/06/01 11:09:57 WARNING mlflow.utils.git_utils: Failed to import Git (the Git executable is probably not on your PATH), so Git SHA is not available. Error: Failed to initialize: Bad git executable.
[2026-06-01T11:09:57.203+0000] {subprocess.py:93} INFO - The git executable must be specified in one of the following ways:
[2026-06-01T11:09:57.203+0000] {subprocess.py:93} INFO -     - be included in your $PATH
[2026-06-01T11:09:57.203+0000] {subprocess.py:93} INFO -     - be set via $GIT_PYTHON_GIT_EXECUTABLE
[2026-06-01T11:09:57.203+0000] {subprocess.py:93} INFO -     - explicitly set via git.refresh(<full-path-to-git-executable>)
[2026-06-01T11:09:57.205+0000] {subprocess.py:93} INFO - 
[2026-06-01T11:09:57.206+0000] {subprocess.py:93} INFO - All git commands will error until this is rectified.
[2026-06-01T11:09:57.206+0000] {subprocess.py:93} INFO - 
[2026-06-01T11:09:57.206+0000] {subprocess.py:93} INFO - This initial message can be silenced or aggravated in the future by setting the
[2026-06-01T11:09:57.206+0000] {subprocess.py:93} INFO - $GIT_PYTHON_REFRESH environment variable. Use one of the following values:
[2026-06-01T11:09:57.207+0000] {subprocess.py:93} INFO -     - quiet|q|silence|s|silent|none|n|0: for no message or exception
[2026-06-01T11:09:57.207+0000] {subprocess.py:93} INFO -     - warn|w|warning|log|l|1: for a warning message (logging level CRITICAL, displayed by default)
[2026-06-01T11:09:57.207+0000] {subprocess.py:93} INFO -     - error|e|exception|raise|r|2: for a raised exception
[2026-06-01T11:09:57.207+0000] {subprocess.py:93} INFO - 
[2026-06-01T11:09:57.207+0000] {subprocess.py:93} INFO - Example:
[2026-06-01T11:09:57.207+0000] {subprocess.py:93} INFO -     export GIT_PYTHON_REFRESH=quiet
[2026-06-01T11:09:57.210+0000] {subprocess.py:93} INFO - 
[2026-06-01T11:11:55.387+0000] {subprocess.py:93} INFO - Schema applied from /opt/***/project/app/database/schema.sql
[2026-06-01T11:11:55.388+0000] {subprocess.py:93} INFO - Device: cpu | MLflow: http://host.docker.internal:5000 | epochs: 1
[2026-06-01T11:11:55.389+0000] {subprocess.py:93} INFO - Epoch [1/1] Loss: 1.5150 Acc: 56.89%
[2026-06-01T11:11:55.389+0000] {subprocess.py:93} INFO - (warning) MLflow artifact upload skipped: [Errno 13] Permission denied: '/home/ubuntu'
[2026-06-01T11:11:55.389+0000] {subprocess.py:93} INFO - Done. Model -> models/cifar10_cnn.pth
[2026-06-01T11:11:55.389+0000] {subprocess.py:93} INFO - Logged run b7b681c13f6f4bedb64d8f23e1292847 to experiments table + MLflow.
[2026-06-01T11:11:55.389+0000] {subprocess.py:93} INFO - 🏃 View run sassy-kite-601 at: http://host.docker.internal:5000/#/experiments/1/runs/b7b681c13f6f4bedb64d8f23e1292847
[2026-06-01T11:11:55.390+0000] {subprocess.py:93} INFO - 🧪 View experiment at: http://host.docker.internal:5000/#/experiments/1
[2026-06-01T11:11:56.837+0000] {subprocess.py:97} INFO - Command exited with return code 0
[2026-06-01T11:11:56.838+0000] {taskinstance.py:441} INFO - ::group::Post task execution logs
[2026-06-01T11:11:56.874+0000] {taskinstance.py:1206} INFO - Marking task as SUCCESS. dag_id=cifar10_training_pipeline, task_id=train_model, run_id=scheduled__2026-05-31T00:00:00+00:00, execution_date=20260531T000000, start_date=20260601T110947, end_date=20260601T111156
[2026-06-01T11:11:56.940+0000] {local_task_job_runner.py:243} INFO - Task exited with return code 0
[2026-06-01T11:11:56.977+0000] {taskinstance.py:3503} INFO - 1 downstream tasks scheduled from follow-on schedule check
[2026-06-01T11:11:56.980+0000] {local_task_job_runner.py:222} INFO - ::endgroup::
