[2026-06-06T15:37:31.816+0000] {local_task_job_runner.py:120} INFO - ::group::Pre task execution logs
[2026-06-06T15:37:31.832+0000] {taskinstance.py:2076} INFO - Dependencies all met for dep_context=non-requeueable deps ti=<TaskInstance: cifar10_training_pipeline.verify_model_artifact manual__2026-06-06T15:26:53.868330+00:00 [queued]>
[2026-06-06T15:37:31.837+0000] {taskinstance.py:2076} INFO - Dependencies all met for dep_context=requeueable deps ti=<TaskInstance: cifar10_training_pipeline.verify_model_artifact manual__2026-06-06T15:26:53.868330+00:00 [queued]>
[2026-06-06T15:37:31.838+0000] {taskinstance.py:2306} INFO - Starting attempt 1 of 1
[2026-06-06T15:37:31.847+0000] {taskinstance.py:2330} INFO - Executing <Task(BashOperator): verify_model_artifact> on 2026-06-06 15:26:53.868330+00:00
[2026-06-06T15:37:31.853+0000] {warnings.py:112} WARNING - /home/***/.local/lib/python3.12/site-packages/***/task/task_runner/standard_task_runner.py:62: DeprecationWarning: This process (pid=89) is multi-threaded, use of fork() may lead to deadlocks in the child.
  pid = os.fork()

[2026-06-06T15:37:31.854+0000] {standard_task_runner.py:64} INFO - Started process 90 to run task
[2026-06-06T15:37:31.855+0000] {standard_task_runner.py:90} INFO - Running: ['***', 'tasks', 'run', 'cifar10_training_pipeline', 'verify_model_artifact', 'manual__2026-06-06T15:26:53.868330+00:00', '--job-id', '74', '--raw', '--subdir', 'DAGS_FOLDER/cifar10_training_dag.py', '--cfg-path', '/tmp/tmprwhb2pr1']
[2026-06-06T15:37:31.855+0000] {standard_task_runner.py:91} INFO - Job 74: Subtask verify_model_artifact
[2026-06-06T15:37:31.884+0000] {task_command.py:426} INFO - Running <TaskInstance: cifar10_training_pipeline.verify_model_artifact manual__2026-06-06T15:26:53.868330+00:00 [running]> on host c01fc564bfa6
[2026-06-06T15:37:31.939+0000] {taskinstance.py:2648} INFO - Exporting env vars: AIRFLOW_CTX_DAG_OWNER='jeevan' AIRFLOW_CTX_DAG_ID='cifar10_training_pipeline' AIRFLOW_CTX_TASK_ID='verify_model_artifact' AIRFLOW_CTX_EXECUTION_DATE='2026-06-06T15:26:53.868330+00:00' AIRFLOW_CTX_TRY_NUMBER='1' AIRFLOW_CTX_DAG_RUN_ID='manual__2026-06-06T15:26:53.868330+00:00'
[2026-06-06T15:37:31.940+0000] {taskinstance.py:430} INFO - ::endgroup::
[2026-06-06T15:37:31.949+0000] {subprocess.py:63} INFO - Tmp dir root location: /tmp
[2026-06-06T15:37:31.949+0000] {subprocess.py:75} INFO - Running command: ['/usr/bin/bash', '-c', "\n        cd /opt/***/project &&         test -f models/cifar10_cnn.pth && echo 'Model artifact exists'\n        "]
[2026-06-06T15:37:31.957+0000] {subprocess.py:86} INFO - Output:
[2026-06-06T15:37:31.959+0000] {subprocess.py:93} INFO - Model artifact exists
[2026-06-06T15:37:31.959+0000] {subprocess.py:97} INFO - Command exited with return code 0
[2026-06-06T15:37:31.959+0000] {taskinstance.py:441} INFO - ::group::Post task execution logs
[2026-06-06T15:37:31.976+0000] {taskinstance.py:1206} INFO - Marking task as SUCCESS. dag_id=cifar10_training_pipeline, task_id=verify_model_artifact, run_id=manual__2026-06-06T15:26:53.868330+00:00, execution_date=20260606T152653, start_date=20260606T153731, end_date=20260606T153731
[2026-06-06T15:37:31.988+0000] {local_task_job_runner.py:243} INFO - Task exited with return code 0
[2026-06-06T15:37:32.002+0000] {taskinstance.py:3503} INFO - 1 downstream tasks scheduled from follow-on schedule check
[2026-06-06T15:37:32.003+0000] {local_task_job_runner.py:222} INFO - ::endgroup::
