[2026-06-01T11:08:52.613+0000] {processor.py:161} INFO - Started process (PID=25) to work on /opt/airflow/dags/cifar10_training_dag.py
[2026-06-01T11:08:52.613+0000] {processor.py:830} INFO - Processing file /opt/airflow/dags/cifar10_training_dag.py for tasks to queue
[2026-06-01T11:08:52.621+0000] {logging_mixin.py:188} INFO - [2026-06-01T11:08:52.621+0000] {dagbag.py:545} INFO - Filling up the DagBag from /opt/airflow/dags/cifar10_training_dag.py
[2026-06-01T11:08:52.664+0000] {processor.py:840} INFO - DAG(s) 'cifar10_training_pipeline' retrieved from /opt/airflow/dags/cifar10_training_dag.py
[2026-06-01T11:08:52.771+0000] {logging_mixin.py:188} INFO - [2026-06-01T11:08:52.771+0000] {dag.py:3089} INFO - Sync 1 DAGs
[2026-06-01T11:08:52.833+0000] {logging_mixin.py:188} INFO - [2026-06-01T11:08:52.833+0000] {dag.py:3947} INFO - Setting next_dagrun for cifar10_training_pipeline to 2026-06-01 00:00:00+00:00, run_after=2026-06-02 00:00:00+00:00
[2026-06-01T11:08:52.888+0000] {processor.py:183} INFO - Processing /opt/airflow/dags/cifar10_training_dag.py took 0.303 seconds
[2026-06-01T11:09:23.066+0000] {processor.py:161} INFO - Started process (PID=26) to work on /opt/airflow/dags/cifar10_training_dag.py
[2026-06-01T11:09:23.067+0000] {processor.py:830} INFO - Processing file /opt/airflow/dags/cifar10_training_dag.py for tasks to queue
[2026-06-01T11:09:23.073+0000] {logging_mixin.py:188} INFO - [2026-06-01T11:09:23.071+0000] {dagbag.py:545} INFO - Filling up the DagBag from /opt/airflow/dags/cifar10_training_dag.py
[2026-06-01T11:09:23.100+0000] {processor.py:840} INFO - DAG(s) 'cifar10_training_pipeline' retrieved from /opt/airflow/dags/cifar10_training_dag.py
[2026-06-01T11:09:23.632+0000] {logging_mixin.py:188} INFO - [2026-06-01T11:09:23.632+0000] {dag.py:3089} INFO - Sync 1 DAGs
[2026-06-01T11:09:23.659+0000] {logging_mixin.py:188} INFO - [2026-06-01T11:09:23.658+0000] {dag.py:3947} INFO - Setting next_dagrun for cifar10_training_pipeline to 2026-06-01 00:00:00+00:00, run_after=2026-06-02 00:00:00+00:00
[2026-06-01T11:09:23.685+0000] {processor.py:183} INFO - Processing /opt/airflow/dags/cifar10_training_dag.py took 0.634 seconds
[2026-06-01T11:09:53.889+0000] {processor.py:161} INFO - Started process (PID=40) to work on /opt/airflow/dags/cifar10_training_dag.py
[2026-06-01T11:09:53.890+0000] {processor.py:830} INFO - Processing file /opt/airflow/dags/cifar10_training_dag.py for tasks to queue
[2026-06-01T11:09:53.895+0000] {logging_mixin.py:188} INFO - [2026-06-01T11:09:53.895+0000] {dagbag.py:545} INFO - Filling up the DagBag from /opt/airflow/dags/cifar10_training_dag.py
[2026-06-01T11:09:53.917+0000] {processor.py:840} INFO - DAG(s) 'cifar10_training_pipeline' retrieved from /opt/airflow/dags/cifar10_training_dag.py
[2026-06-01T11:09:53.962+0000] {logging_mixin.py:188} INFO - [2026-06-01T11:09:53.961+0000] {dag.py:3089} INFO - Sync 1 DAGs
[2026-06-01T11:09:54.000+0000] {logging_mixin.py:188} INFO - [2026-06-01T11:09:53.999+0000] {dag.py:3947} INFO - Setting next_dagrun for cifar10_training_pipeline to 2026-06-01 00:00:00+00:00, run_after=2026-06-02 00:00:00+00:00
[2026-06-01T11:09:54.022+0000] {processor.py:183} INFO - Processing /opt/airflow/dags/cifar10_training_dag.py took 0.144 seconds
[2026-06-01T11:10:24.202+0000] {processor.py:161} INFO - Started process (PID=41) to work on /opt/airflow/dags/cifar10_training_dag.py
[2026-06-01T11:10:24.203+0000] {processor.py:830} INFO - Processing file /opt/airflow/dags/cifar10_training_dag.py for tasks to queue
[2026-06-01T11:10:24.207+0000] {logging_mixin.py:188} INFO - [2026-06-01T11:10:24.205+0000] {dagbag.py:545} INFO - Filling up the DagBag from /opt/airflow/dags/cifar10_training_dag.py
[2026-06-01T11:10:24.234+0000] {processor.py:840} INFO - DAG(s) 'cifar10_training_pipeline' retrieved from /opt/airflow/dags/cifar10_training_dag.py
[2026-06-01T11:10:24.296+0000] {logging_mixin.py:188} INFO - [2026-06-01T11:10:24.296+0000] {dag.py:3089} INFO - Sync 1 DAGs
[2026-06-01T11:10:24.342+0000] {logging_mixin.py:188} INFO - [2026-06-01T11:10:24.341+0000] {dag.py:3947} INFO - Setting next_dagrun for cifar10_training_pipeline to 2026-06-01 00:00:00+00:00, run_after=2026-06-02 00:00:00+00:00
[2026-06-01T11:10:24.374+0000] {processor.py:183} INFO - Processing /opt/airflow/dags/cifar10_training_dag.py took 0.186 seconds
[2026-06-01T11:10:54.558+0000] {processor.py:161} INFO - Started process (PID=42) to work on /opt/airflow/dags/cifar10_training_dag.py
[2026-06-01T11:10:54.559+0000] {processor.py:830} INFO - Processing file /opt/airflow/dags/cifar10_training_dag.py for tasks to queue
[2026-06-01T11:10:54.563+0000] {logging_mixin.py:188} INFO - [2026-06-01T11:10:54.562+0000] {dagbag.py:545} INFO - Filling up the DagBag from /opt/airflow/dags/cifar10_training_dag.py
[2026-06-01T11:10:54.580+0000] {processor.py:840} INFO - DAG(s) 'cifar10_training_pipeline' retrieved from /opt/airflow/dags/cifar10_training_dag.py
[2026-06-01T11:10:54.615+0000] {logging_mixin.py:188} INFO - [2026-06-01T11:10:54.615+0000] {dag.py:3089} INFO - Sync 1 DAGs
[2026-06-01T11:10:54.644+0000] {logging_mixin.py:188} INFO - [2026-06-01T11:10:54.644+0000] {dag.py:3947} INFO - Setting next_dagrun for cifar10_training_pipeline to 2026-06-01 00:00:00+00:00, run_after=2026-06-02 00:00:00+00:00
[2026-06-01T11:10:54.665+0000] {processor.py:183} INFO - Processing /opt/airflow/dags/cifar10_training_dag.py took 0.119 seconds
[2026-06-01T11:11:24.729+0000] {processor.py:161} INFO - Started process (PID=43) to work on /opt/airflow/dags/cifar10_training_dag.py
[2026-06-01T11:11:24.729+0000] {processor.py:830} INFO - Processing file /opt/airflow/dags/cifar10_training_dag.py for tasks to queue
[2026-06-01T11:11:24.733+0000] {logging_mixin.py:188} INFO - [2026-06-01T11:11:24.732+0000] {dagbag.py:545} INFO - Filling up the DagBag from /opt/airflow/dags/cifar10_training_dag.py
[2026-06-01T11:11:24.759+0000] {processor.py:840} INFO - DAG(s) 'cifar10_training_pipeline' retrieved from /opt/airflow/dags/cifar10_training_dag.py
[2026-06-01T11:11:24.830+0000] {logging_mixin.py:188} INFO - [2026-06-01T11:11:24.830+0000] {dag.py:3089} INFO - Sync 1 DAGs
[2026-06-01T11:11:24.880+0000] {logging_mixin.py:188} INFO - [2026-06-01T11:11:24.879+0000] {dag.py:3947} INFO - Setting next_dagrun for cifar10_training_pipeline to 2026-06-01 00:00:00+00:00, run_after=2026-06-02 00:00:00+00:00
[2026-06-01T11:11:24.915+0000] {processor.py:183} INFO - Processing /opt/airflow/dags/cifar10_training_dag.py took 0.197 seconds
[2026-06-01T11:11:54.994+0000] {processor.py:161} INFO - Started process (PID=44) to work on /opt/airflow/dags/cifar10_training_dag.py
[2026-06-01T11:11:54.996+0000] {processor.py:830} INFO - Processing file /opt/airflow/dags/cifar10_training_dag.py for tasks to queue
[2026-06-01T11:11:54.999+0000] {logging_mixin.py:188} INFO - [2026-06-01T11:11:54.999+0000] {dagbag.py:545} INFO - Filling up the DagBag from /opt/airflow/dags/cifar10_training_dag.py
[2026-06-01T11:11:55.031+0000] {processor.py:840} INFO - DAG(s) 'cifar10_training_pipeline' retrieved from /opt/airflow/dags/cifar10_training_dag.py
[2026-06-01T11:11:55.095+0000] {logging_mixin.py:188} INFO - [2026-06-01T11:11:55.095+0000] {dag.py:3089} INFO - Sync 1 DAGs
[2026-06-01T11:11:55.143+0000] {logging_mixin.py:188} INFO - [2026-06-01T11:11:55.141+0000] {dag.py:3947} INFO - Setting next_dagrun for cifar10_training_pipeline to 2026-06-01 00:00:00+00:00, run_after=2026-06-02 00:00:00+00:00
[2026-06-01T11:11:55.177+0000] {processor.py:183} INFO - Processing /opt/airflow/dags/cifar10_training_dag.py took 0.195 seconds
[2026-06-01T11:12:25.214+0000] {processor.py:161} INFO - Started process (PID=45) to work on /opt/airflow/dags/cifar10_training_dag.py
[2026-06-01T11:12:25.215+0000] {processor.py:830} INFO - Processing file /opt/airflow/dags/cifar10_training_dag.py for tasks to queue
[2026-06-01T11:12:25.217+0000] {logging_mixin.py:188} INFO - [2026-06-01T11:12:25.217+0000] {dagbag.py:545} INFO - Filling up the DagBag from /opt/airflow/dags/cifar10_training_dag.py
[2026-06-01T11:12:25.230+0000] {processor.py:840} INFO - DAG(s) 'cifar10_training_pipeline' retrieved from /opt/airflow/dags/cifar10_training_dag.py
[2026-06-01T11:12:25.263+0000] {logging_mixin.py:188} INFO - [2026-06-01T11:12:25.263+0000] {dag.py:3089} INFO - Sync 1 DAGs
[2026-06-01T11:12:25.291+0000] {logging_mixin.py:188} INFO - [2026-06-01T11:12:25.291+0000] {dag.py:3947} INFO - Setting next_dagrun for cifar10_training_pipeline to 2026-06-01 00:00:00+00:00, run_after=2026-06-02 00:00:00+00:00
[2026-06-01T11:12:25.312+0000] {processor.py:183} INFO - Processing /opt/airflow/dags/cifar10_training_dag.py took 0.105 seconds
[2026-06-01T11:12:55.423+0000] {processor.py:161} INFO - Started process (PID=46) to work on /opt/airflow/dags/cifar10_training_dag.py
[2026-06-01T11:12:55.424+0000] {processor.py:830} INFO - Processing file /opt/airflow/dags/cifar10_training_dag.py for tasks to queue
[2026-06-01T11:12:55.425+0000] {logging_mixin.py:188} INFO - [2026-06-01T11:12:55.425+0000] {dagbag.py:545} INFO - Filling up the DagBag from /opt/airflow/dags/cifar10_training_dag.py
[2026-06-01T11:12:55.435+0000] {processor.py:840} INFO - DAG(s) 'cifar10_training_pipeline' retrieved from /opt/airflow/dags/cifar10_training_dag.py
[2026-06-01T11:12:55.458+0000] {logging_mixin.py:188} INFO - [2026-06-01T11:12:55.458+0000] {dag.py:3089} INFO - Sync 1 DAGs
[2026-06-01T11:12:55.477+0000] {logging_mixin.py:188} INFO - [2026-06-01T11:12:55.477+0000] {dag.py:3947} INFO - Setting next_dagrun for cifar10_training_pipeline to 2026-06-01 00:00:00+00:00, run_after=2026-06-02 00:00:00+00:00
[2026-06-01T11:12:55.492+0000] {processor.py:183} INFO - Processing /opt/airflow/dags/cifar10_training_dag.py took 0.075 seconds
[2026-06-01T11:13:25.543+0000] {processor.py:161} INFO - Started process (PID=47) to work on /opt/airflow/dags/cifar10_training_dag.py
[2026-06-01T11:13:25.544+0000] {processor.py:830} INFO - Processing file /opt/airflow/dags/cifar10_training_dag.py for tasks to queue
[2026-06-01T11:13:25.546+0000] {logging_mixin.py:188} INFO - [2026-06-01T11:13:25.546+0000] {dagbag.py:545} INFO - Filling up the DagBag from /opt/airflow/dags/cifar10_training_dag.py
[2026-06-01T11:13:25.556+0000] {processor.py:840} INFO - DAG(s) 'cifar10_training_pipeline' retrieved from /opt/airflow/dags/cifar10_training_dag.py
[2026-06-01T11:13:25.582+0000] {logging_mixin.py:188} INFO - [2026-06-01T11:13:25.582+0000] {dag.py:3089} INFO - Sync 1 DAGs
[2026-06-01T11:13:25.603+0000] {logging_mixin.py:188} INFO - [2026-06-01T11:13:25.603+0000] {dag.py:3947} INFO - Setting next_dagrun for cifar10_training_pipeline to 2026-06-01 00:00:00+00:00, run_after=2026-06-02 00:00:00+00:00
[2026-06-01T11:13:25.619+0000] {processor.py:183} INFO - Processing /opt/airflow/dags/cifar10_training_dag.py took 0.082 seconds
[2026-06-01T11:13:55.786+0000] {processor.py:161} INFO - Started process (PID=48) to work on /opt/airflow/dags/cifar10_training_dag.py
[2026-06-01T11:13:55.790+0000] {processor.py:830} INFO - Processing file /opt/airflow/dags/cifar10_training_dag.py for tasks to queue
[2026-06-01T11:13:55.791+0000] {logging_mixin.py:188} INFO - [2026-06-01T11:13:55.791+0000] {dagbag.py:545} INFO - Filling up the DagBag from /opt/airflow/dags/cifar10_training_dag.py
[2026-06-01T11:13:55.827+0000] {processor.py:840} INFO - DAG(s) 'cifar10_training_pipeline' retrieved from /opt/airflow/dags/cifar10_training_dag.py
[2026-06-01T11:13:55.874+0000] {logging_mixin.py:188} INFO - [2026-06-01T11:13:55.874+0000] {dag.py:3089} INFO - Sync 1 DAGs
[2026-06-01T11:13:55.900+0000] {logging_mixin.py:188} INFO - [2026-06-01T11:13:55.900+0000] {dag.py:3947} INFO - Setting next_dagrun for cifar10_training_pipeline to 2026-06-01 00:00:00+00:00, run_after=2026-06-02 00:00:00+00:00
[2026-06-01T11:13:55.926+0000] {processor.py:183} INFO - Processing /opt/airflow/dags/cifar10_training_dag.py took 0.148 seconds
[2026-06-01T11:14:26.131+0000] {processor.py:161} INFO - Started process (PID=49) to work on /opt/airflow/dags/cifar10_training_dag.py
[2026-06-01T11:14:26.132+0000] {processor.py:830} INFO - Processing file /opt/airflow/dags/cifar10_training_dag.py for tasks to queue
[2026-06-01T11:14:26.135+0000] {logging_mixin.py:188} INFO - [2026-06-01T11:14:26.134+0000] {dagbag.py:545} INFO - Filling up the DagBag from /opt/airflow/dags/cifar10_training_dag.py
[2026-06-01T11:14:26.159+0000] {processor.py:840} INFO - DAG(s) 'cifar10_training_pipeline' retrieved from /opt/airflow/dags/cifar10_training_dag.py
[2026-06-01T11:14:26.223+0000] {logging_mixin.py:188} INFO - [2026-06-01T11:14:26.223+0000] {dag.py:3089} INFO - Sync 1 DAGs
[2026-06-01T11:14:26.254+0000] {logging_mixin.py:188} INFO - [2026-06-01T11:14:26.254+0000] {dag.py:3947} INFO - Setting next_dagrun for cifar10_training_pipeline to 2026-06-01 00:00:00+00:00, run_after=2026-06-02 00:00:00+00:00
[2026-06-01T11:14:26.304+0000] {processor.py:183} INFO - Processing /opt/airflow/dags/cifar10_training_dag.py took 0.198 seconds
[2026-06-01T11:14:56.497+0000] {processor.py:161} INFO - Started process (PID=50) to work on /opt/airflow/dags/cifar10_training_dag.py
[2026-06-01T11:14:56.499+0000] {processor.py:830} INFO - Processing file /opt/airflow/dags/cifar10_training_dag.py for tasks to queue
[2026-06-01T11:14:56.501+0000] {logging_mixin.py:188} INFO - [2026-06-01T11:14:56.500+0000] {dagbag.py:545} INFO - Filling up the DagBag from /opt/airflow/dags/cifar10_training_dag.py
[2026-06-01T11:14:56.515+0000] {processor.py:840} INFO - DAG(s) 'cifar10_training_pipeline' retrieved from /opt/airflow/dags/cifar10_training_dag.py
[2026-06-01T11:14:56.540+0000] {logging_mixin.py:188} INFO - [2026-06-01T11:14:56.540+0000] {dag.py:3089} INFO - Sync 1 DAGs
[2026-06-01T11:14:56.559+0000] {logging_mixin.py:188} INFO - [2026-06-01T11:14:56.559+0000] {dag.py:3947} INFO - Setting next_dagrun for cifar10_training_pipeline to 2026-06-01 00:00:00+00:00, run_after=2026-06-02 00:00:00+00:00
[2026-06-01T11:14:56.575+0000] {processor.py:183} INFO - Processing /opt/airflow/dags/cifar10_training_dag.py took 0.084 seconds
[2026-06-01T11:15:26.605+0000] {processor.py:161} INFO - Started process (PID=51) to work on /opt/airflow/dags/cifar10_training_dag.py
[2026-06-01T11:15:26.606+0000] {processor.py:830} INFO - Processing file /opt/airflow/dags/cifar10_training_dag.py for tasks to queue
[2026-06-01T11:15:26.607+0000] {logging_mixin.py:188} INFO - [2026-06-01T11:15:26.607+0000] {dagbag.py:545} INFO - Filling up the DagBag from /opt/airflow/dags/cifar10_training_dag.py
[2026-06-01T11:15:26.617+0000] {processor.py:840} INFO - DAG(s) 'cifar10_training_pipeline' retrieved from /opt/airflow/dags/cifar10_training_dag.py
[2026-06-01T11:15:26.642+0000] {logging_mixin.py:188} INFO - [2026-06-01T11:15:26.642+0000] {dag.py:3089} INFO - Sync 1 DAGs
[2026-06-01T11:15:26.664+0000] {logging_mixin.py:188} INFO - [2026-06-01T11:15:26.664+0000] {dag.py:3947} INFO - Setting next_dagrun for cifar10_training_pipeline to 2026-06-01 00:00:00+00:00, run_after=2026-06-02 00:00:00+00:00
[2026-06-01T11:15:26.679+0000] {processor.py:183} INFO - Processing /opt/airflow/dags/cifar10_training_dag.py took 0.079 seconds
[2026-06-01T11:15:56.781+0000] {processor.py:161} INFO - Started process (PID=52) to work on /opt/airflow/dags/cifar10_training_dag.py
[2026-06-01T11:15:56.782+0000] {processor.py:830} INFO - Processing file /opt/airflow/dags/cifar10_training_dag.py for tasks to queue
[2026-06-01T11:15:56.784+0000] {logging_mixin.py:188} INFO - [2026-06-01T11:15:56.783+0000] {dagbag.py:545} INFO - Filling up the DagBag from /opt/airflow/dags/cifar10_training_dag.py
[2026-06-01T11:15:56.793+0000] {processor.py:840} INFO - DAG(s) 'cifar10_training_pipeline' retrieved from /opt/airflow/dags/cifar10_training_dag.py
[2026-06-01T11:15:56.818+0000] {logging_mixin.py:188} INFO - [2026-06-01T11:15:56.818+0000] {dag.py:3089} INFO - Sync 1 DAGs
[2026-06-01T11:15:56.838+0000] {logging_mixin.py:188} INFO - [2026-06-01T11:15:56.838+0000] {dag.py:3947} INFO - Setting next_dagrun for cifar10_training_pipeline to 2026-06-01 00:00:00+00:00, run_after=2026-06-02 00:00:00+00:00
[2026-06-01T11:15:56.852+0000] {processor.py:183} INFO - Processing /opt/airflow/dags/cifar10_training_dag.py took 0.077 seconds
[2026-06-01T11:16:26.891+0000] {processor.py:161} INFO - Started process (PID=53) to work on /opt/airflow/dags/cifar10_training_dag.py
[2026-06-01T11:16:26.892+0000] {processor.py:830} INFO - Processing file /opt/airflow/dags/cifar10_training_dag.py for tasks to queue
[2026-06-01T11:16:26.893+0000] {logging_mixin.py:188} INFO - [2026-06-01T11:16:26.893+0000] {dagbag.py:545} INFO - Filling up the DagBag from /opt/airflow/dags/cifar10_training_dag.py
[2026-06-01T11:16:26.903+0000] {processor.py:840} INFO - DAG(s) 'cifar10_training_pipeline' retrieved from /opt/airflow/dags/cifar10_training_dag.py
[2026-06-01T11:16:26.929+0000] {logging_mixin.py:188} INFO - [2026-06-01T11:16:26.928+0000] {dag.py:3089} INFO - Sync 1 DAGs
[2026-06-01T11:16:26.949+0000] {logging_mixin.py:188} INFO - [2026-06-01T11:16:26.949+0000] {dag.py:3947} INFO - Setting next_dagrun for cifar10_training_pipeline to 2026-06-01 00:00:00+00:00, run_after=2026-06-02 00:00:00+00:00
[2026-06-01T11:16:26.964+0000] {processor.py:183} INFO - Processing /opt/airflow/dags/cifar10_training_dag.py took 0.078 seconds
[2026-06-01T11:16:57.064+0000] {processor.py:161} INFO - Started process (PID=54) to work on /opt/airflow/dags/cifar10_training_dag.py
[2026-06-01T11:16:57.065+0000] {processor.py:830} INFO - Processing file /opt/airflow/dags/cifar10_training_dag.py for tasks to queue
[2026-06-01T11:16:57.067+0000] {logging_mixin.py:188} INFO - [2026-06-01T11:16:57.066+0000] {dagbag.py:545} INFO - Filling up the DagBag from /opt/airflow/dags/cifar10_training_dag.py
[2026-06-01T11:16:57.077+0000] {processor.py:840} INFO - DAG(s) 'cifar10_training_pipeline' retrieved from /opt/airflow/dags/cifar10_training_dag.py
[2026-06-01T11:16:57.100+0000] {logging_mixin.py:188} INFO - [2026-06-01T11:16:57.100+0000] {dag.py:3089} INFO - Sync 1 DAGs
[2026-06-01T11:16:57.120+0000] {logging_mixin.py:188} INFO - [2026-06-01T11:16:57.119+0000] {dag.py:3947} INFO - Setting next_dagrun for cifar10_training_pipeline to 2026-06-01 00:00:00+00:00, run_after=2026-06-02 00:00:00+00:00
[2026-06-01T11:16:57.135+0000] {processor.py:183} INFO - Processing /opt/airflow/dags/cifar10_training_dag.py took 0.076 seconds
[2026-06-01T11:17:27.172+0000] {processor.py:161} INFO - Started process (PID=55) to work on /opt/airflow/dags/cifar10_training_dag.py
[2026-06-01T11:17:27.172+0000] {processor.py:830} INFO - Processing file /opt/airflow/dags/cifar10_training_dag.py for tasks to queue
[2026-06-01T11:17:27.174+0000] {logging_mixin.py:188} INFO - [2026-06-01T11:17:27.173+0000] {dagbag.py:545} INFO - Filling up the DagBag from /opt/airflow/dags/cifar10_training_dag.py
[2026-06-01T11:17:27.184+0000] {processor.py:840} INFO - DAG(s) 'cifar10_training_pipeline' retrieved from /opt/airflow/dags/cifar10_training_dag.py
[2026-06-01T11:17:27.208+0000] {logging_mixin.py:188} INFO - [2026-06-01T11:17:27.207+0000] {dag.py:3089} INFO - Sync 1 DAGs
[2026-06-01T11:17:27.227+0000] {logging_mixin.py:188} INFO - [2026-06-01T11:17:27.227+0000] {dag.py:3947} INFO - Setting next_dagrun for cifar10_training_pipeline to 2026-06-01 00:00:00+00:00, run_after=2026-06-02 00:00:00+00:00
[2026-06-01T11:17:27.242+0000] {processor.py:183} INFO - Processing /opt/airflow/dags/cifar10_training_dag.py took 0.075 seconds
[2026-06-01T11:17:57.367+0000] {processor.py:161} INFO - Started process (PID=56) to work on /opt/airflow/dags/cifar10_training_dag.py
[2026-06-01T11:17:57.368+0000] {processor.py:830} INFO - Processing file /opt/airflow/dags/cifar10_training_dag.py for tasks to queue
[2026-06-01T11:17:57.370+0000] {logging_mixin.py:188} INFO - [2026-06-01T11:17:57.370+0000] {dagbag.py:545} INFO - Filling up the DagBag from /opt/airflow/dags/cifar10_training_dag.py
[2026-06-01T11:17:57.384+0000] {processor.py:840} INFO - DAG(s) 'cifar10_training_pipeline' retrieved from /opt/airflow/dags/cifar10_training_dag.py
[2026-06-01T11:17:57.418+0000] {logging_mixin.py:188} INFO - [2026-06-01T11:17:57.417+0000] {dag.py:3089} INFO - Sync 1 DAGs
[2026-06-01T11:17:57.446+0000] {logging_mixin.py:188} INFO - [2026-06-01T11:17:57.446+0000] {dag.py:3947} INFO - Setting next_dagrun for cifar10_training_pipeline to 2026-06-01 00:00:00+00:00, run_after=2026-06-02 00:00:00+00:00
[2026-06-01T11:17:57.468+0000] {processor.py:183} INFO - Processing /opt/airflow/dags/cifar10_training_dag.py took 0.110 seconds
[2026-06-01T11:18:27.600+0000] {processor.py:161} INFO - Started process (PID=57) to work on /opt/airflow/dags/cifar10_training_dag.py
[2026-06-01T11:18:27.603+0000] {processor.py:830} INFO - Processing file /opt/airflow/dags/cifar10_training_dag.py for tasks to queue
[2026-06-01T11:18:27.608+0000] {logging_mixin.py:188} INFO - [2026-06-01T11:18:27.607+0000] {dagbag.py:545} INFO - Filling up the DagBag from /opt/airflow/dags/cifar10_training_dag.py
[2026-06-01T11:18:27.625+0000] {processor.py:840} INFO - DAG(s) 'cifar10_training_pipeline' retrieved from /opt/airflow/dags/cifar10_training_dag.py
[2026-06-01T11:18:27.657+0000] {logging_mixin.py:188} INFO - [2026-06-01T11:18:27.657+0000] {dag.py:3089} INFO - Sync 1 DAGs
[2026-06-01T11:18:27.683+0000] {logging_mixin.py:188} INFO - [2026-06-01T11:18:27.683+0000] {dag.py:3947} INFO - Setting next_dagrun for cifar10_training_pipeline to 2026-06-01 00:00:00+00:00, run_after=2026-06-02 00:00:00+00:00
[2026-06-01T11:18:27.701+0000] {processor.py:183} INFO - Processing /opt/airflow/dags/cifar10_training_dag.py took 0.113 seconds
[2026-06-01T11:18:57.853+0000] {processor.py:161} INFO - Started process (PID=58) to work on /opt/airflow/dags/cifar10_training_dag.py
[2026-06-01T11:18:57.855+0000] {processor.py:830} INFO - Processing file /opt/airflow/dags/cifar10_training_dag.py for tasks to queue
[2026-06-01T11:18:57.857+0000] {logging_mixin.py:188} INFO - [2026-06-01T11:18:57.857+0000] {dagbag.py:545} INFO - Filling up the DagBag from /opt/airflow/dags/cifar10_training_dag.py
[2026-06-01T11:18:57.871+0000] {processor.py:840} INFO - DAG(s) 'cifar10_training_pipeline' retrieved from /opt/airflow/dags/cifar10_training_dag.py
[2026-06-01T11:18:57.905+0000] {logging_mixin.py:188} INFO - [2026-06-01T11:18:57.905+0000] {dag.py:3089} INFO - Sync 1 DAGs
[2026-06-01T11:18:57.933+0000] {logging_mixin.py:188} INFO - [2026-06-01T11:18:57.933+0000] {dag.py:3947} INFO - Setting next_dagrun for cifar10_training_pipeline to 2026-06-01 00:00:00+00:00, run_after=2026-06-02 00:00:00+00:00
[2026-06-01T11:18:57.953+0000] {processor.py:183} INFO - Processing /opt/airflow/dags/cifar10_training_dag.py took 0.107 seconds
[2026-06-01T11:19:28.340+0000] {processor.py:161} INFO - Started process (PID=59) to work on /opt/airflow/dags/cifar10_training_dag.py
[2026-06-01T11:19:28.379+0000] {processor.py:830} INFO - Processing file /opt/airflow/dags/cifar10_training_dag.py for tasks to queue
[2026-06-01T11:19:28.389+0000] {logging_mixin.py:188} INFO - [2026-06-01T11:19:28.382+0000] {dagbag.py:545} INFO - Filling up the DagBag from /opt/airflow/dags/cifar10_training_dag.py
[2026-06-01T11:19:28.528+0000] {processor.py:840} INFO - DAG(s) 'cifar10_training_pipeline' retrieved from /opt/airflow/dags/cifar10_training_dag.py
[2026-06-01T11:19:28.585+0000] {logging_mixin.py:188} INFO - [2026-06-01T11:19:28.584+0000] {dag.py:3089} INFO - Sync 1 DAGs
[2026-06-01T11:19:28.618+0000] {logging_mixin.py:188} INFO - [2026-06-01T11:19:28.618+0000] {dag.py:3947} INFO - Setting next_dagrun for cifar10_training_pipeline to 2026-06-01 00:00:00+00:00, run_after=2026-06-02 00:00:00+00:00
[2026-06-01T11:19:28.697+0000] {processor.py:183} INFO - Processing /opt/airflow/dags/cifar10_training_dag.py took 0.365 seconds
[2026-06-01T11:19:58.787+0000] {processor.py:161} INFO - Started process (PID=60) to work on /opt/airflow/dags/cifar10_training_dag.py
[2026-06-01T11:19:58.788+0000] {processor.py:830} INFO - Processing file /opt/airflow/dags/cifar10_training_dag.py for tasks to queue
[2026-06-01T11:19:58.790+0000] {logging_mixin.py:188} INFO - [2026-06-01T11:19:58.790+0000] {dagbag.py:545} INFO - Filling up the DagBag from /opt/airflow/dags/cifar10_training_dag.py
[2026-06-01T11:19:58.800+0000] {processor.py:840} INFO - DAG(s) 'cifar10_training_pipeline' retrieved from /opt/airflow/dags/cifar10_training_dag.py
[2026-06-01T11:19:58.824+0000] {logging_mixin.py:188} INFO - [2026-06-01T11:19:58.824+0000] {dag.py:3089} INFO - Sync 1 DAGs
[2026-06-01T11:19:58.844+0000] {logging_mixin.py:188} INFO - [2026-06-01T11:19:58.843+0000] {dag.py:3947} INFO - Setting next_dagrun for cifar10_training_pipeline to 2026-06-01 00:00:00+00:00, run_after=2026-06-02 00:00:00+00:00
[2026-06-01T11:19:58.858+0000] {processor.py:183} INFO - Processing /opt/airflow/dags/cifar10_training_dag.py took 0.076 seconds
[2026-06-01T11:20:28.893+0000] {processor.py:161} INFO - Started process (PID=61) to work on /opt/airflow/dags/cifar10_training_dag.py
[2026-06-01T11:20:28.894+0000] {processor.py:830} INFO - Processing file /opt/airflow/dags/cifar10_training_dag.py for tasks to queue
[2026-06-01T11:20:28.895+0000] {logging_mixin.py:188} INFO - [2026-06-01T11:20:28.895+0000] {dagbag.py:545} INFO - Filling up the DagBag from /opt/airflow/dags/cifar10_training_dag.py
[2026-06-01T11:20:28.905+0000] {processor.py:840} INFO - DAG(s) 'cifar10_training_pipeline' retrieved from /opt/airflow/dags/cifar10_training_dag.py
[2026-06-01T11:20:28.930+0000] {logging_mixin.py:188} INFO - [2026-06-01T11:20:28.929+0000] {dag.py:3089} INFO - Sync 1 DAGs
[2026-06-01T11:20:28.950+0000] {logging_mixin.py:188} INFO - [2026-06-01T11:20:28.950+0000] {dag.py:3947} INFO - Setting next_dagrun for cifar10_training_pipeline to 2026-06-01 00:00:00+00:00, run_after=2026-06-02 00:00:00+00:00
[2026-06-01T11:20:28.965+0000] {processor.py:183} INFO - Processing /opt/airflow/dags/cifar10_training_dag.py took 0.077 seconds
[2026-06-01T11:20:59.083+0000] {processor.py:161} INFO - Started process (PID=62) to work on /opt/airflow/dags/cifar10_training_dag.py
[2026-06-01T11:20:59.084+0000] {processor.py:830} INFO - Processing file /opt/airflow/dags/cifar10_training_dag.py for tasks to queue
[2026-06-01T11:20:59.086+0000] {logging_mixin.py:188} INFO - [2026-06-01T11:20:59.085+0000] {dagbag.py:545} INFO - Filling up the DagBag from /opt/airflow/dags/cifar10_training_dag.py
[2026-06-01T11:20:59.105+0000] {processor.py:840} INFO - DAG(s) 'cifar10_training_pipeline' retrieved from /opt/airflow/dags/cifar10_training_dag.py
[2026-06-01T11:20:59.138+0000] {logging_mixin.py:188} INFO - [2026-06-01T11:20:59.138+0000] {dag.py:3089} INFO - Sync 1 DAGs
[2026-06-01T11:20:59.165+0000] {logging_mixin.py:188} INFO - [2026-06-01T11:20:59.164+0000] {dag.py:3947} INFO - Setting next_dagrun for cifar10_training_pipeline to 2026-06-01 00:00:00+00:00, run_after=2026-06-02 00:00:00+00:00
[2026-06-01T11:20:59.190+0000] {processor.py:183} INFO - Processing /opt/airflow/dags/cifar10_training_dag.py took 0.119 seconds
[2026-06-01T11:22:00.018+0000] {processor.py:161} INFO - Started process (PID=32) to work on /opt/airflow/dags/cifar10_training_dag.py
[2026-06-01T11:22:00.023+0000] {processor.py:830} INFO - Processing file /opt/airflow/dags/cifar10_training_dag.py for tasks to queue
[2026-06-01T11:22:00.028+0000] {logging_mixin.py:188} INFO - [2026-06-01T11:22:00.024+0000] {dagbag.py:545} INFO - Filling up the DagBag from /opt/airflow/dags/cifar10_training_dag.py
[2026-06-01T11:22:00.067+0000] {processor.py:840} INFO - DAG(s) 'cifar10_training_pipeline' retrieved from /opt/airflow/dags/cifar10_training_dag.py
[2026-06-01T11:22:00.146+0000] {logging_mixin.py:188} INFO - [2026-06-01T11:22:00.145+0000] {dag.py:3089} INFO - Sync 1 DAGs
[2026-06-01T11:22:00.232+0000] {logging_mixin.py:188} INFO - [2026-06-01T11:22:00.232+0000] {dag.py:3947} INFO - Setting next_dagrun for cifar10_training_pipeline to 2026-06-01 00:00:00+00:00, run_after=2026-06-02 00:00:00+00:00
[2026-06-01T11:22:00.288+0000] {processor.py:183} INFO - Processing /opt/airflow/dags/cifar10_training_dag.py took 0.292 seconds
[2026-06-01T11:22:30.465+0000] {processor.py:161} INFO - Started process (PID=33) to work on /opt/airflow/dags/cifar10_training_dag.py
[2026-06-01T11:22:30.465+0000] {processor.py:830} INFO - Processing file /opt/airflow/dags/cifar10_training_dag.py for tasks to queue
[2026-06-01T11:22:30.468+0000] {logging_mixin.py:188} INFO - [2026-06-01T11:22:30.468+0000] {dagbag.py:545} INFO - Filling up the DagBag from /opt/airflow/dags/cifar10_training_dag.py
[2026-06-01T11:22:30.482+0000] {processor.py:840} INFO - DAG(s) 'cifar10_training_pipeline' retrieved from /opt/airflow/dags/cifar10_training_dag.py
[2026-06-01T11:22:30.647+0000] {logging_mixin.py:188} INFO - [2026-06-01T11:22:30.647+0000] {dag.py:3089} INFO - Sync 1 DAGs
[2026-06-01T11:22:30.671+0000] {logging_mixin.py:188} INFO - [2026-06-01T11:22:30.671+0000] {dag.py:3947} INFO - Setting next_dagrun for cifar10_training_pipeline to 2026-06-01 00:00:00+00:00, run_after=2026-06-02 00:00:00+00:00
[2026-06-01T11:22:30.691+0000] {processor.py:183} INFO - Processing /opt/airflow/dags/cifar10_training_dag.py took 0.233 seconds
[2026-06-01T11:23:00.832+0000] {processor.py:161} INFO - Started process (PID=34) to work on /opt/airflow/dags/cifar10_training_dag.py
[2026-06-01T11:23:00.834+0000] {processor.py:830} INFO - Processing file /opt/airflow/dags/cifar10_training_dag.py for tasks to queue
[2026-06-01T11:23:00.837+0000] {logging_mixin.py:188} INFO - [2026-06-01T11:23:00.836+0000] {dagbag.py:545} INFO - Filling up the DagBag from /opt/airflow/dags/cifar10_training_dag.py
[2026-06-01T11:23:00.850+0000] {processor.py:840} INFO - DAG(s) 'cifar10_training_pipeline' retrieved from /opt/airflow/dags/cifar10_training_dag.py
[2026-06-01T11:23:00.890+0000] {logging_mixin.py:188} INFO - [2026-06-01T11:23:00.889+0000] {dag.py:3089} INFO - Sync 1 DAGs
[2026-06-01T11:23:00.925+0000] {logging_mixin.py:188} INFO - [2026-06-01T11:23:00.925+0000] {dag.py:3947} INFO - Setting next_dagrun for cifar10_training_pipeline to 2026-06-01 00:00:00+00:00, run_after=2026-06-02 00:00:00+00:00
[2026-06-01T11:23:00.950+0000] {processor.py:183} INFO - Processing /opt/airflow/dags/cifar10_training_dag.py took 0.126 seconds
[2026-06-01T11:23:30.990+0000] {processor.py:161} INFO - Started process (PID=35) to work on /opt/airflow/dags/cifar10_training_dag.py
[2026-06-01T11:23:30.991+0000] {processor.py:830} INFO - Processing file /opt/airflow/dags/cifar10_training_dag.py for tasks to queue
[2026-06-01T11:23:30.994+0000] {logging_mixin.py:188} INFO - [2026-06-01T11:23:30.994+0000] {dagbag.py:545} INFO - Filling up the DagBag from /opt/airflow/dags/cifar10_training_dag.py
[2026-06-01T11:23:31.011+0000] {processor.py:840} INFO - DAG(s) 'cifar10_training_pipeline' retrieved from /opt/airflow/dags/cifar10_training_dag.py
[2026-06-01T11:23:31.059+0000] {logging_mixin.py:188} INFO - [2026-06-01T11:23:31.059+0000] {dag.py:3089} INFO - Sync 1 DAGs
[2026-06-01T11:23:31.094+0000] {logging_mixin.py:188} INFO - [2026-06-01T11:23:31.094+0000] {dag.py:3947} INFO - Setting next_dagrun for cifar10_training_pipeline to 2026-06-01 00:00:00+00:00, run_after=2026-06-02 00:00:00+00:00
[2026-06-01T11:23:31.138+0000] {processor.py:183} INFO - Processing /opt/airflow/dags/cifar10_training_dag.py took 0.154 seconds
[2026-06-01T11:24:01.240+0000] {processor.py:161} INFO - Started process (PID=36) to work on /opt/airflow/dags/cifar10_training_dag.py
[2026-06-01T11:24:01.242+0000] {processor.py:830} INFO - Processing file /opt/airflow/dags/cifar10_training_dag.py for tasks to queue
[2026-06-01T11:24:01.243+0000] {logging_mixin.py:188} INFO - [2026-06-01T11:24:01.243+0000] {dagbag.py:545} INFO - Filling up the DagBag from /opt/airflow/dags/cifar10_training_dag.py
[2026-06-01T11:24:01.253+0000] {processor.py:840} INFO - DAG(s) 'cifar10_training_pipeline' retrieved from /opt/airflow/dags/cifar10_training_dag.py
[2026-06-01T11:24:01.277+0000] {logging_mixin.py:188} INFO - [2026-06-01T11:24:01.277+0000] {dag.py:3089} INFO - Sync 1 DAGs
[2026-06-01T11:24:01.305+0000] {logging_mixin.py:188} INFO - [2026-06-01T11:24:01.305+0000] {dag.py:3947} INFO - Setting next_dagrun for cifar10_training_pipeline to 2026-06-01 00:00:00+00:00, run_after=2026-06-02 00:00:00+00:00
[2026-06-01T11:24:01.327+0000] {processor.py:183} INFO - Processing /opt/airflow/dags/cifar10_training_dag.py took 0.094 seconds
[2026-06-01T11:24:31.368+0000] {processor.py:161} INFO - Started process (PID=37) to work on /opt/airflow/dags/cifar10_training_dag.py
[2026-06-01T11:24:31.369+0000] {processor.py:830} INFO - Processing file /opt/airflow/dags/cifar10_training_dag.py for tasks to queue
[2026-06-01T11:24:31.370+0000] {logging_mixin.py:188} INFO - [2026-06-01T11:24:31.370+0000] {dagbag.py:545} INFO - Filling up the DagBag from /opt/airflow/dags/cifar10_training_dag.py
[2026-06-01T11:24:31.380+0000] {processor.py:840} INFO - DAG(s) 'cifar10_training_pipeline' retrieved from /opt/airflow/dags/cifar10_training_dag.py
[2026-06-01T11:24:31.405+0000] {logging_mixin.py:188} INFO - [2026-06-01T11:24:31.405+0000] {dag.py:3089} INFO - Sync 1 DAGs
[2026-06-01T11:24:31.425+0000] {logging_mixin.py:188} INFO - [2026-06-01T11:24:31.425+0000] {dag.py:3947} INFO - Setting next_dagrun for cifar10_training_pipeline to 2026-06-01 00:00:00+00:00, run_after=2026-06-02 00:00:00+00:00
[2026-06-01T11:24:31.441+0000] {processor.py:183} INFO - Processing /opt/airflow/dags/cifar10_training_dag.py took 0.078 seconds
[2026-06-01T11:25:01.533+0000] {processor.py:161} INFO - Started process (PID=38) to work on /opt/airflow/dags/cifar10_training_dag.py
[2026-06-01T11:25:01.534+0000] {processor.py:830} INFO - Processing file /opt/airflow/dags/cifar10_training_dag.py for tasks to queue
[2026-06-01T11:25:01.536+0000] {logging_mixin.py:188} INFO - [2026-06-01T11:25:01.536+0000] {dagbag.py:545} INFO - Filling up the DagBag from /opt/airflow/dags/cifar10_training_dag.py
[2026-06-01T11:25:01.546+0000] {processor.py:840} INFO - DAG(s) 'cifar10_training_pipeline' retrieved from /opt/airflow/dags/cifar10_training_dag.py
[2026-06-01T11:25:01.570+0000] {logging_mixin.py:188} INFO - [2026-06-01T11:25:01.570+0000] {dag.py:3089} INFO - Sync 1 DAGs
[2026-06-01T11:25:01.590+0000] {logging_mixin.py:188} INFO - [2026-06-01T11:25:01.589+0000] {dag.py:3947} INFO - Setting next_dagrun for cifar10_training_pipeline to 2026-06-01 00:00:00+00:00, run_after=2026-06-02 00:00:00+00:00
[2026-06-01T11:25:01.605+0000] {processor.py:183} INFO - Processing /opt/airflow/dags/cifar10_training_dag.py took 0.078 seconds
[2026-06-01T11:25:31.641+0000] {processor.py:161} INFO - Started process (PID=39) to work on /opt/airflow/dags/cifar10_training_dag.py
[2026-06-01T11:25:31.642+0000] {processor.py:830} INFO - Processing file /opt/airflow/dags/cifar10_training_dag.py for tasks to queue
[2026-06-01T11:25:31.643+0000] {logging_mixin.py:188} INFO - [2026-06-01T11:25:31.643+0000] {dagbag.py:545} INFO - Filling up the DagBag from /opt/airflow/dags/cifar10_training_dag.py
[2026-06-01T11:25:31.652+0000] {processor.py:840} INFO - DAG(s) 'cifar10_training_pipeline' retrieved from /opt/airflow/dags/cifar10_training_dag.py
[2026-06-01T11:25:31.677+0000] {logging_mixin.py:188} INFO - [2026-06-01T11:25:31.677+0000] {dag.py:3089} INFO - Sync 1 DAGs
[2026-06-01T11:25:31.698+0000] {logging_mixin.py:188} INFO - [2026-06-01T11:25:31.697+0000] {dag.py:3947} INFO - Setting next_dagrun for cifar10_training_pipeline to 2026-06-01 00:00:00+00:00, run_after=2026-06-02 00:00:00+00:00
[2026-06-01T11:25:31.713+0000] {processor.py:183} INFO - Processing /opt/airflow/dags/cifar10_training_dag.py took 0.077 seconds
[2026-06-01T11:26:01.813+0000] {processor.py:161} INFO - Started process (PID=40) to work on /opt/airflow/dags/cifar10_training_dag.py
[2026-06-01T11:26:01.815+0000] {processor.py:830} INFO - Processing file /opt/airflow/dags/cifar10_training_dag.py for tasks to queue
[2026-06-01T11:26:01.816+0000] {logging_mixin.py:188} INFO - [2026-06-01T11:26:01.816+0000] {dagbag.py:545} INFO - Filling up the DagBag from /opt/airflow/dags/cifar10_training_dag.py
[2026-06-01T11:26:01.825+0000] {processor.py:840} INFO - DAG(s) 'cifar10_training_pipeline' retrieved from /opt/airflow/dags/cifar10_training_dag.py
[2026-06-01T11:26:01.849+0000] {logging_mixin.py:188} INFO - [2026-06-01T11:26:01.849+0000] {dag.py:3089} INFO - Sync 1 DAGs
[2026-06-01T11:26:01.868+0000] {logging_mixin.py:188} INFO - [2026-06-01T11:26:01.868+0000] {dag.py:3947} INFO - Setting next_dagrun for cifar10_training_pipeline to 2026-06-01 00:00:00+00:00, run_after=2026-06-02 00:00:00+00:00
[2026-06-01T11:26:01.884+0000] {processor.py:183} INFO - Processing /opt/airflow/dags/cifar10_training_dag.py took 0.077 seconds
[2026-06-01T11:26:31.922+0000] {processor.py:161} INFO - Started process (PID=41) to work on /opt/airflow/dags/cifar10_training_dag.py
[2026-06-01T11:26:31.922+0000] {processor.py:830} INFO - Processing file /opt/airflow/dags/cifar10_training_dag.py for tasks to queue
[2026-06-01T11:26:31.923+0000] {logging_mixin.py:188} INFO - [2026-06-01T11:26:31.923+0000] {dagbag.py:545} INFO - Filling up the DagBag from /opt/airflow/dags/cifar10_training_dag.py
[2026-06-01T11:26:31.933+0000] {processor.py:840} INFO - DAG(s) 'cifar10_training_pipeline' retrieved from /opt/airflow/dags/cifar10_training_dag.py
[2026-06-01T11:26:31.957+0000] {logging_mixin.py:188} INFO - [2026-06-01T11:26:31.957+0000] {dag.py:3089} INFO - Sync 1 DAGs
[2026-06-01T11:26:31.978+0000] {logging_mixin.py:188} INFO - [2026-06-01T11:26:31.978+0000] {dag.py:3947} INFO - Setting next_dagrun for cifar10_training_pipeline to 2026-06-01 00:00:00+00:00, run_after=2026-06-02 00:00:00+00:00
[2026-06-01T11:26:31.992+0000] {processor.py:183} INFO - Processing /opt/airflow/dags/cifar10_training_dag.py took 0.076 seconds
[2026-06-01T11:27:02.102+0000] {processor.py:161} INFO - Started process (PID=42) to work on /opt/airflow/dags/cifar10_training_dag.py
[2026-06-01T11:27:02.102+0000] {processor.py:830} INFO - Processing file /opt/airflow/dags/cifar10_training_dag.py for tasks to queue
[2026-06-01T11:27:02.104+0000] {logging_mixin.py:188} INFO - [2026-06-01T11:27:02.103+0000] {dagbag.py:545} INFO - Filling up the DagBag from /opt/airflow/dags/cifar10_training_dag.py
[2026-06-01T11:27:02.113+0000] {processor.py:840} INFO - DAG(s) 'cifar10_training_pipeline' retrieved from /opt/airflow/dags/cifar10_training_dag.py
[2026-06-01T11:27:02.136+0000] {logging_mixin.py:188} INFO - [2026-06-01T11:27:02.136+0000] {dag.py:3089} INFO - Sync 1 DAGs
[2026-06-01T11:27:02.154+0000] {logging_mixin.py:188} INFO - [2026-06-01T11:27:02.154+0000] {dag.py:3947} INFO - Setting next_dagrun for cifar10_training_pipeline to 2026-06-01 00:00:00+00:00, run_after=2026-06-02 00:00:00+00:00
[2026-06-01T11:27:02.169+0000] {processor.py:183} INFO - Processing /opt/airflow/dags/cifar10_training_dag.py took 0.073 seconds
[2026-06-01T11:27:32.231+0000] {processor.py:161} INFO - Started process (PID=43) to work on /opt/airflow/dags/cifar10_training_dag.py
[2026-06-01T11:27:32.232+0000] {processor.py:830} INFO - Processing file /opt/airflow/dags/cifar10_training_dag.py for tasks to queue
[2026-06-01T11:27:32.234+0000] {logging_mixin.py:188} INFO - [2026-06-01T11:27:32.234+0000] {dagbag.py:545} INFO - Filling up the DagBag from /opt/airflow/dags/cifar10_training_dag.py
[2026-06-01T11:27:32.249+0000] {processor.py:840} INFO - DAG(s) 'cifar10_training_pipeline' retrieved from /opt/airflow/dags/cifar10_training_dag.py
[2026-06-01T11:27:32.291+0000] {logging_mixin.py:188} INFO - [2026-06-01T11:27:32.290+0000] {dag.py:3089} INFO - Sync 1 DAGs
[2026-06-01T11:27:32.321+0000] {logging_mixin.py:188} INFO - [2026-06-01T11:27:32.321+0000] {dag.py:3947} INFO - Setting next_dagrun for cifar10_training_pipeline to 2026-06-01 00:00:00+00:00, run_after=2026-06-02 00:00:00+00:00
[2026-06-01T11:27:32.340+0000] {processor.py:183} INFO - Processing /opt/airflow/dags/cifar10_training_dag.py took 0.115 seconds
[2026-06-01T11:28:02.404+0000] {processor.py:161} INFO - Started process (PID=44) to work on /opt/airflow/dags/cifar10_training_dag.py
[2026-06-01T11:28:02.404+0000] {processor.py:830} INFO - Processing file /opt/airflow/dags/cifar10_training_dag.py for tasks to queue
[2026-06-01T11:28:02.406+0000] {logging_mixin.py:188} INFO - [2026-06-01T11:28:02.406+0000] {dagbag.py:545} INFO - Filling up the DagBag from /opt/airflow/dags/cifar10_training_dag.py
[2026-06-01T11:28:02.421+0000] {processor.py:840} INFO - DAG(s) 'cifar10_training_pipeline' retrieved from /opt/airflow/dags/cifar10_training_dag.py
[2026-06-01T11:28:02.468+0000] {logging_mixin.py:188} INFO - [2026-06-01T11:28:02.467+0000] {dag.py:3089} INFO - Sync 1 DAGs
[2026-06-01T11:28:02.500+0000] {logging_mixin.py:188} INFO - [2026-06-01T11:28:02.500+0000] {dag.py:3947} INFO - Setting next_dagrun for cifar10_training_pipeline to 2026-06-01 00:00:00+00:00, run_after=2026-06-02 00:00:00+00:00
[2026-06-01T11:28:02.520+0000] {processor.py:183} INFO - Processing /opt/airflow/dags/cifar10_training_dag.py took 0.123 seconds
[2026-06-01T11:28:32.610+0000] {processor.py:161} INFO - Started process (PID=45) to work on /opt/airflow/dags/cifar10_training_dag.py
[2026-06-01T11:28:32.612+0000] {processor.py:830} INFO - Processing file /opt/airflow/dags/cifar10_training_dag.py for tasks to queue
[2026-06-01T11:28:32.614+0000] {logging_mixin.py:188} INFO - [2026-06-01T11:28:32.614+0000] {dagbag.py:545} INFO - Filling up the DagBag from /opt/airflow/dags/cifar10_training_dag.py
[2026-06-01T11:28:32.631+0000] {processor.py:840} INFO - DAG(s) 'cifar10_training_pipeline' retrieved from /opt/airflow/dags/cifar10_training_dag.py
[2026-06-01T11:28:32.671+0000] {logging_mixin.py:188} INFO - [2026-06-01T11:28:32.671+0000] {dag.py:3089} INFO - Sync 1 DAGs
[2026-06-01T11:28:32.701+0000] {logging_mixin.py:188} INFO - [2026-06-01T11:28:32.700+0000] {dag.py:3947} INFO - Setting next_dagrun for cifar10_training_pipeline to 2026-06-01 00:00:00+00:00, run_after=2026-06-02 00:00:00+00:00
[2026-06-01T11:28:32.724+0000] {processor.py:183} INFO - Processing /opt/airflow/dags/cifar10_training_dag.py took 0.122 seconds
[2026-06-01T11:29:02.790+0000] {processor.py:161} INFO - Started process (PID=46) to work on /opt/airflow/dags/cifar10_training_dag.py
[2026-06-01T11:29:02.790+0000] {processor.py:830} INFO - Processing file /opt/airflow/dags/cifar10_training_dag.py for tasks to queue
[2026-06-01T11:29:02.792+0000] {logging_mixin.py:188} INFO - [2026-06-01T11:29:02.792+0000] {dagbag.py:545} INFO - Filling up the DagBag from /opt/airflow/dags/cifar10_training_dag.py
[2026-06-01T11:29:02.801+0000] {processor.py:840} INFO - DAG(s) 'cifar10_training_pipeline' retrieved from /opt/airflow/dags/cifar10_training_dag.py
[2026-06-01T11:29:02.825+0000] {logging_mixin.py:188} INFO - [2026-06-01T11:29:02.825+0000] {dag.py:3089} INFO - Sync 1 DAGs
[2026-06-01T11:29:02.844+0000] {logging_mixin.py:188} INFO - [2026-06-01T11:29:02.844+0000] {dag.py:3947} INFO - Setting next_dagrun for cifar10_training_pipeline to 2026-06-01 00:00:00+00:00, run_after=2026-06-02 00:00:00+00:00
[2026-06-01T11:29:02.860+0000] {processor.py:183} INFO - Processing /opt/airflow/dags/cifar10_training_dag.py took 0.075 seconds
[2026-06-01T11:29:32.960+0000] {processor.py:161} INFO - Started process (PID=47) to work on /opt/airflow/dags/cifar10_training_dag.py
[2026-06-01T11:29:32.961+0000] {processor.py:830} INFO - Processing file /opt/airflow/dags/cifar10_training_dag.py for tasks to queue
[2026-06-01T11:29:32.963+0000] {logging_mixin.py:188} INFO - [2026-06-01T11:29:32.963+0000] {dagbag.py:545} INFO - Filling up the DagBag from /opt/airflow/dags/cifar10_training_dag.py
[2026-06-01T11:29:32.972+0000] {processor.py:840} INFO - DAG(s) 'cifar10_training_pipeline' retrieved from /opt/airflow/dags/cifar10_training_dag.py
[2026-06-01T11:29:32.995+0000] {logging_mixin.py:188} INFO - [2026-06-01T11:29:32.995+0000] {dag.py:3089} INFO - Sync 1 DAGs
[2026-06-01T11:29:33.020+0000] {logging_mixin.py:188} INFO - [2026-06-01T11:29:33.020+0000] {dag.py:3947} INFO - Setting next_dagrun for cifar10_training_pipeline to 2026-06-01 00:00:00+00:00, run_after=2026-06-02 00:00:00+00:00
[2026-06-01T11:29:33.035+0000] {processor.py:183} INFO - Processing /opt/airflow/dags/cifar10_training_dag.py took 0.080 seconds
[2026-06-01T11:30:03.072+0000] {processor.py:161} INFO - Started process (PID=48) to work on /opt/airflow/dags/cifar10_training_dag.py
[2026-06-01T11:30:03.073+0000] {processor.py:830} INFO - Processing file /opt/airflow/dags/cifar10_training_dag.py for tasks to queue
[2026-06-01T11:30:03.074+0000] {logging_mixin.py:188} INFO - [2026-06-01T11:30:03.074+0000] {dagbag.py:545} INFO - Filling up the DagBag from /opt/airflow/dags/cifar10_training_dag.py
[2026-06-01T11:30:03.085+0000] {processor.py:840} INFO - DAG(s) 'cifar10_training_pipeline' retrieved from /opt/airflow/dags/cifar10_training_dag.py
[2026-06-01T11:30:03.113+0000] {logging_mixin.py:188} INFO - [2026-06-01T11:30:03.112+0000] {dag.py:3089} INFO - Sync 1 DAGs
[2026-06-01T11:30:03.132+0000] {logging_mixin.py:188} INFO - [2026-06-01T11:30:03.132+0000] {dag.py:3947} INFO - Setting next_dagrun for cifar10_training_pipeline to 2026-06-01 00:00:00+00:00, run_after=2026-06-02 00:00:00+00:00
[2026-06-01T11:30:03.147+0000] {processor.py:183} INFO - Processing /opt/airflow/dags/cifar10_training_dag.py took 0.080 seconds
[2026-06-01T11:30:33.236+0000] {processor.py:161} INFO - Started process (PID=49) to work on /opt/airflow/dags/cifar10_training_dag.py
[2026-06-01T11:30:33.237+0000] {processor.py:830} INFO - Processing file /opt/airflow/dags/cifar10_training_dag.py for tasks to queue
[2026-06-01T11:30:33.239+0000] {logging_mixin.py:188} INFO - [2026-06-01T11:30:33.238+0000] {dagbag.py:545} INFO - Filling up the DagBag from /opt/airflow/dags/cifar10_training_dag.py
[2026-06-01T11:30:33.248+0000] {processor.py:840} INFO - DAG(s) 'cifar10_training_pipeline' retrieved from /opt/airflow/dags/cifar10_training_dag.py
[2026-06-01T11:30:33.271+0000] {logging_mixin.py:188} INFO - [2026-06-01T11:30:33.271+0000] {dag.py:3089} INFO - Sync 1 DAGs
[2026-06-01T11:30:33.290+0000] {logging_mixin.py:188} INFO - [2026-06-01T11:30:33.290+0000] {dag.py:3947} INFO - Setting next_dagrun for cifar10_training_pipeline to 2026-06-01 00:00:00+00:00, run_after=2026-06-02 00:00:00+00:00
[2026-06-01T11:30:33.305+0000] {processor.py:183} INFO - Processing /opt/airflow/dags/cifar10_training_dag.py took 0.075 seconds
[2026-06-01T11:31:03.344+0000] {processor.py:161} INFO - Started process (PID=50) to work on /opt/airflow/dags/cifar10_training_dag.py
[2026-06-01T11:31:03.344+0000] {processor.py:830} INFO - Processing file /opt/airflow/dags/cifar10_training_dag.py for tasks to queue
[2026-06-01T11:31:03.346+0000] {logging_mixin.py:188} INFO - [2026-06-01T11:31:03.345+0000] {dagbag.py:545} INFO - Filling up the DagBag from /opt/airflow/dags/cifar10_training_dag.py
[2026-06-01T11:31:03.355+0000] {processor.py:840} INFO - DAG(s) 'cifar10_training_pipeline' retrieved from /opt/airflow/dags/cifar10_training_dag.py
[2026-06-01T11:31:03.379+0000] {logging_mixin.py:188} INFO - [2026-06-01T11:31:03.379+0000] {dag.py:3089} INFO - Sync 1 DAGs
[2026-06-01T11:31:03.398+0000] {logging_mixin.py:188} INFO - [2026-06-01T11:31:03.398+0000] {dag.py:3947} INFO - Setting next_dagrun for cifar10_training_pipeline to 2026-06-01 00:00:00+00:00, run_after=2026-06-02 00:00:00+00:00
[2026-06-01T11:31:03.413+0000] {processor.py:183} INFO - Processing /opt/airflow/dags/cifar10_training_dag.py took 0.074 seconds
[2026-06-01T11:31:33.516+0000] {processor.py:161} INFO - Started process (PID=51) to work on /opt/airflow/dags/cifar10_training_dag.py
[2026-06-01T11:31:33.517+0000] {processor.py:830} INFO - Processing file /opt/airflow/dags/cifar10_training_dag.py for tasks to queue
[2026-06-01T11:31:33.518+0000] {logging_mixin.py:188} INFO - [2026-06-01T11:31:33.518+0000] {dagbag.py:545} INFO - Filling up the DagBag from /opt/airflow/dags/cifar10_training_dag.py
[2026-06-01T11:31:33.527+0000] {processor.py:840} INFO - DAG(s) 'cifar10_training_pipeline' retrieved from /opt/airflow/dags/cifar10_training_dag.py
[2026-06-01T11:31:33.550+0000] {logging_mixin.py:188} INFO - [2026-06-01T11:31:33.550+0000] {dag.py:3089} INFO - Sync 1 DAGs
[2026-06-01T11:31:33.569+0000] {logging_mixin.py:188} INFO - [2026-06-01T11:31:33.569+0000] {dag.py:3947} INFO - Setting next_dagrun for cifar10_training_pipeline to 2026-06-01 00:00:00+00:00, run_after=2026-06-02 00:00:00+00:00
[2026-06-01T11:31:33.583+0000] {processor.py:183} INFO - Processing /opt/airflow/dags/cifar10_training_dag.py took 0.074 seconds
[2026-06-01T11:32:03.636+0000] {processor.py:161} INFO - Started process (PID=52) to work on /opt/airflow/dags/cifar10_training_dag.py
[2026-06-01T11:32:03.637+0000] {processor.py:830} INFO - Processing file /opt/airflow/dags/cifar10_training_dag.py for tasks to queue
[2026-06-01T11:32:03.638+0000] {logging_mixin.py:188} INFO - [2026-06-01T11:32:03.638+0000] {dagbag.py:545} INFO - Filling up the DagBag from /opt/airflow/dags/cifar10_training_dag.py
[2026-06-01T11:32:03.648+0000] {processor.py:840} INFO - DAG(s) 'cifar10_training_pipeline' retrieved from /opt/airflow/dags/cifar10_training_dag.py
[2026-06-01T11:32:03.672+0000] {logging_mixin.py:188} INFO - [2026-06-01T11:32:03.671+0000] {dag.py:3089} INFO - Sync 1 DAGs
[2026-06-01T11:32:03.691+0000] {logging_mixin.py:188} INFO - [2026-06-01T11:32:03.691+0000] {dag.py:3947} INFO - Setting next_dagrun for cifar10_training_pipeline to 2026-06-01 00:00:00+00:00, run_after=2026-06-02 00:00:00+00:00
[2026-06-01T11:32:03.707+0000] {processor.py:183} INFO - Processing /opt/airflow/dags/cifar10_training_dag.py took 0.075 seconds
[2026-06-01T11:32:21.756+0000] {processor.py:161} INFO - Started process (PID=53) to work on /opt/airflow/dags/cifar10_training_dag.py
[2026-06-01T11:32:21.757+0000] {processor.py:830} INFO - Processing file /opt/airflow/dags/cifar10_training_dag.py for tasks to queue
[2026-06-01T11:32:21.759+0000] {logging_mixin.py:188} INFO - [2026-06-01T11:32:21.759+0000] {dagbag.py:545} INFO - Filling up the DagBag from /opt/airflow/dags/cifar10_training_dag.py
[2026-06-01T11:32:21.769+0000] {processor.py:840} INFO - DAG(s) 'cifar10_training_pipeline' retrieved from /opt/airflow/dags/cifar10_training_dag.py
[2026-06-01T11:32:21.868+0000] {logging_mixin.py:188} INFO - [2026-06-01T11:32:21.867+0000] {dag.py:3089} INFO - Sync 1 DAGs
[2026-06-01T11:32:21.885+0000] {logging_mixin.py:188} INFO - [2026-06-01T11:32:21.885+0000] {dag.py:3947} INFO - Setting next_dagrun for cifar10_training_pipeline to 2026-06-01 00:00:00+00:00, run_after=2026-06-02 00:00:00+00:00
[2026-06-01T11:32:21.902+0000] {processor.py:183} INFO - Processing /opt/airflow/dags/cifar10_training_dag.py took 0.152 seconds
[2026-06-01T11:32:52.013+0000] {processor.py:161} INFO - Started process (PID=54) to work on /opt/airflow/dags/cifar10_training_dag.py
[2026-06-01T11:32:52.014+0000] {processor.py:830} INFO - Processing file /opt/airflow/dags/cifar10_training_dag.py for tasks to queue
[2026-06-01T11:32:52.015+0000] {logging_mixin.py:188} INFO - [2026-06-01T11:32:52.015+0000] {dagbag.py:545} INFO - Filling up the DagBag from /opt/airflow/dags/cifar10_training_dag.py
[2026-06-01T11:32:52.025+0000] {processor.py:840} INFO - DAG(s) 'cifar10_training_pipeline' retrieved from /opt/airflow/dags/cifar10_training_dag.py
[2026-06-01T11:32:52.049+0000] {logging_mixin.py:188} INFO - [2026-06-01T11:32:52.049+0000] {dag.py:3089} INFO - Sync 1 DAGs
[2026-06-01T11:32:52.069+0000] {logging_mixin.py:188} INFO - [2026-06-01T11:32:52.069+0000] {dag.py:3947} INFO - Setting next_dagrun for cifar10_training_pipeline to 2026-06-01 00:00:00+00:00, run_after=2026-06-02 00:00:00+00:00
[2026-06-01T11:32:52.084+0000] {processor.py:183} INFO - Processing /opt/airflow/dags/cifar10_training_dag.py took 0.076 seconds
[2026-06-01T11:33:22.160+0000] {processor.py:161} INFO - Started process (PID=55) to work on /opt/airflow/dags/cifar10_training_dag.py
[2026-06-01T11:33:22.164+0000] {processor.py:830} INFO - Processing file /opt/airflow/dags/cifar10_training_dag.py for tasks to queue
[2026-06-01T11:33:22.170+0000] {logging_mixin.py:188} INFO - [2026-06-01T11:33:22.165+0000] {dagbag.py:545} INFO - Filling up the DagBag from /opt/airflow/dags/cifar10_training_dag.py
[2026-06-01T11:33:22.184+0000] {processor.py:840} INFO - DAG(s) 'cifar10_training_pipeline' retrieved from /opt/airflow/dags/cifar10_training_dag.py
[2026-06-01T11:33:22.218+0000] {logging_mixin.py:188} INFO - [2026-06-01T11:33:22.217+0000] {dag.py:3089} INFO - Sync 1 DAGs
[2026-06-01T11:33:22.245+0000] {logging_mixin.py:188} INFO - [2026-06-01T11:33:22.245+0000] {dag.py:3947} INFO - Setting next_dagrun for cifar10_training_pipeline to 2026-06-01 00:00:00+00:00, run_after=2026-06-02 00:00:00+00:00
[2026-06-01T11:33:22.265+0000] {processor.py:183} INFO - Processing /opt/airflow/dags/cifar10_training_dag.py took 0.123 seconds
[2026-06-01T11:33:52.345+0000] {processor.py:161} INFO - Started process (PID=56) to work on /opt/airflow/dags/cifar10_training_dag.py
[2026-06-01T11:33:52.346+0000] {processor.py:830} INFO - Processing file /opt/airflow/dags/cifar10_training_dag.py for tasks to queue
[2026-06-01T11:33:52.348+0000] {logging_mixin.py:188} INFO - [2026-06-01T11:33:52.347+0000] {dagbag.py:545} INFO - Filling up the DagBag from /opt/airflow/dags/cifar10_training_dag.py
[2026-06-01T11:33:52.365+0000] {processor.py:840} INFO - DAG(s) 'cifar10_training_pipeline' retrieved from /opt/airflow/dags/cifar10_training_dag.py
[2026-06-01T11:33:52.409+0000] {logging_mixin.py:188} INFO - [2026-06-01T11:33:52.408+0000] {dag.py:3089} INFO - Sync 1 DAGs
[2026-06-01T11:33:52.438+0000] {logging_mixin.py:188} INFO - [2026-06-01T11:33:52.438+0000] {dag.py:3947} INFO - Setting next_dagrun for cifar10_training_pipeline to 2026-06-01 00:00:00+00:00, run_after=2026-06-02 00:00:00+00:00
[2026-06-01T11:33:52.459+0000] {processor.py:183} INFO - Processing /opt/airflow/dags/cifar10_training_dag.py took 0.123 seconds
[2026-06-01T11:34:22.549+0000] {processor.py:161} INFO - Started process (PID=57) to work on /opt/airflow/dags/cifar10_training_dag.py
[2026-06-01T11:34:22.551+0000] {processor.py:830} INFO - Processing file /opt/airflow/dags/cifar10_training_dag.py for tasks to queue
[2026-06-01T11:34:22.554+0000] {logging_mixin.py:188} INFO - [2026-06-01T11:34:22.553+0000] {dagbag.py:545} INFO - Filling up the DagBag from /opt/airflow/dags/cifar10_training_dag.py
[2026-06-01T11:34:22.570+0000] {processor.py:840} INFO - DAG(s) 'cifar10_training_pipeline' retrieved from /opt/airflow/dags/cifar10_training_dag.py
[2026-06-01T11:34:22.613+0000] {logging_mixin.py:188} INFO - [2026-06-01T11:34:22.612+0000] {dag.py:3089} INFO - Sync 1 DAGs
[2026-06-01T11:34:22.642+0000] {logging_mixin.py:188} INFO - [2026-06-01T11:34:22.642+0000] {dag.py:3947} INFO - Setting next_dagrun for cifar10_training_pipeline to 2026-06-01 00:00:00+00:00, run_after=2026-06-02 00:00:00+00:00
[2026-06-01T11:34:22.662+0000] {processor.py:183} INFO - Processing /opt/airflow/dags/cifar10_training_dag.py took 0.121 seconds
[2026-06-01T11:34:52.736+0000] {processor.py:161} INFO - Started process (PID=58) to work on /opt/airflow/dags/cifar10_training_dag.py
[2026-06-01T11:34:52.737+0000] {processor.py:830} INFO - Processing file /opt/airflow/dags/cifar10_training_dag.py for tasks to queue
[2026-06-01T11:34:52.741+0000] {logging_mixin.py:188} INFO - [2026-06-01T11:34:52.740+0000] {dagbag.py:545} INFO - Filling up the DagBag from /opt/airflow/dags/cifar10_training_dag.py
[2026-06-01T11:34:52.757+0000] {processor.py:840} INFO - DAG(s) 'cifar10_training_pipeline' retrieved from /opt/airflow/dags/cifar10_training_dag.py
[2026-06-01T11:34:52.800+0000] {logging_mixin.py:188} INFO - [2026-06-01T11:34:52.799+0000] {dag.py:3089} INFO - Sync 1 DAGs
[2026-06-01T11:34:52.829+0000] {logging_mixin.py:188} INFO - [2026-06-01T11:34:52.829+0000] {dag.py:3947} INFO - Setting next_dagrun for cifar10_training_pipeline to 2026-06-01 00:00:00+00:00, run_after=2026-06-02 00:00:00+00:00
[2026-06-01T11:34:52.850+0000] {processor.py:183} INFO - Processing /opt/airflow/dags/cifar10_training_dag.py took 0.121 seconds
[2026-06-01T11:35:22.932+0000] {processor.py:161} INFO - Started process (PID=59) to work on /opt/airflow/dags/cifar10_training_dag.py
[2026-06-01T11:35:22.933+0000] {processor.py:830} INFO - Processing file /opt/airflow/dags/cifar10_training_dag.py for tasks to queue
[2026-06-01T11:35:22.935+0000] {logging_mixin.py:188} INFO - [2026-06-01T11:35:22.935+0000] {dagbag.py:545} INFO - Filling up the DagBag from /opt/airflow/dags/cifar10_training_dag.py
[2026-06-01T11:35:22.950+0000] {processor.py:840} INFO - DAG(s) 'cifar10_training_pipeline' retrieved from /opt/airflow/dags/cifar10_training_dag.py
[2026-06-01T11:35:22.997+0000] {logging_mixin.py:188} INFO - [2026-06-01T11:35:22.996+0000] {dag.py:3089} INFO - Sync 1 DAGs
[2026-06-01T11:35:23.032+0000] {logging_mixin.py:188} INFO - [2026-06-01T11:35:23.031+0000] {dag.py:3947} INFO - Setting next_dagrun for cifar10_training_pipeline to 2026-06-01 00:00:00+00:00, run_after=2026-06-02 00:00:00+00:00
[2026-06-01T11:35:23.054+0000] {processor.py:183} INFO - Processing /opt/airflow/dags/cifar10_training_dag.py took 0.130 seconds
[2026-06-01T11:35:53.163+0000] {processor.py:161} INFO - Started process (PID=60) to work on /opt/airflow/dags/cifar10_training_dag.py
[2026-06-01T11:35:53.167+0000] {processor.py:830} INFO - Processing file /opt/airflow/dags/cifar10_training_dag.py for tasks to queue
[2026-06-01T11:35:53.169+0000] {logging_mixin.py:188} INFO - [2026-06-01T11:35:53.169+0000] {dagbag.py:545} INFO - Filling up the DagBag from /opt/airflow/dags/cifar10_training_dag.py
[2026-06-01T11:35:53.217+0000] {processor.py:840} INFO - DAG(s) 'cifar10_training_pipeline' retrieved from /opt/airflow/dags/cifar10_training_dag.py
[2026-06-01T11:35:53.324+0000] {logging_mixin.py:188} INFO - [2026-06-01T11:35:53.324+0000] {dag.py:3089} INFO - Sync 1 DAGs
[2026-06-01T11:35:53.390+0000] {logging_mixin.py:188} INFO - [2026-06-01T11:35:53.389+0000] {dag.py:3947} INFO - Setting next_dagrun for cifar10_training_pipeline to 2026-06-01 00:00:00+00:00, run_after=2026-06-02 00:00:00+00:00
[2026-06-01T11:35:53.412+0000] {processor.py:183} INFO - Processing /opt/airflow/dags/cifar10_training_dag.py took 0.268 seconds
[2026-06-01T11:36:23.562+0000] {processor.py:161} INFO - Started process (PID=61) to work on /opt/airflow/dags/cifar10_training_dag.py
[2026-06-01T11:36:23.564+0000] {processor.py:830} INFO - Processing file /opt/airflow/dags/cifar10_training_dag.py for tasks to queue
[2026-06-01T11:36:23.566+0000] {logging_mixin.py:188} INFO - [2026-06-01T11:36:23.566+0000] {dagbag.py:545} INFO - Filling up the DagBag from /opt/airflow/dags/cifar10_training_dag.py
[2026-06-01T11:36:23.582+0000] {processor.py:840} INFO - DAG(s) 'cifar10_training_pipeline' retrieved from /opt/airflow/dags/cifar10_training_dag.py
[2026-06-01T11:36:23.628+0000] {logging_mixin.py:188} INFO - [2026-06-01T11:36:23.628+0000] {dag.py:3089} INFO - Sync 1 DAGs
[2026-06-01T11:36:23.673+0000] {logging_mixin.py:188} INFO - [2026-06-01T11:36:23.673+0000] {dag.py:3947} INFO - Setting next_dagrun for cifar10_training_pipeline to 2026-06-01 00:00:00+00:00, run_after=2026-06-02 00:00:00+00:00
[2026-06-01T11:36:23.711+0000] {processor.py:183} INFO - Processing /opt/airflow/dags/cifar10_training_dag.py took 0.156 seconds
[2026-06-01T11:36:53.863+0000] {processor.py:161} INFO - Started process (PID=62) to work on /opt/airflow/dags/cifar10_training_dag.py
[2026-06-01T11:36:53.864+0000] {processor.py:830} INFO - Processing file /opt/airflow/dags/cifar10_training_dag.py for tasks to queue
[2026-06-01T11:36:53.866+0000] {logging_mixin.py:188} INFO - [2026-06-01T11:36:53.866+0000] {dagbag.py:545} INFO - Filling up the DagBag from /opt/airflow/dags/cifar10_training_dag.py
[2026-06-01T11:36:53.882+0000] {processor.py:840} INFO - DAG(s) 'cifar10_training_pipeline' retrieved from /opt/airflow/dags/cifar10_training_dag.py
[2026-06-01T11:36:53.952+0000] {logging_mixin.py:188} INFO - [2026-06-01T11:36:53.952+0000] {dag.py:3089} INFO - Sync 1 DAGs
[2026-06-01T11:36:53.995+0000] {logging_mixin.py:188} INFO - [2026-06-01T11:36:53.995+0000] {dag.py:3947} INFO - Setting next_dagrun for cifar10_training_pipeline to 2026-06-01 00:00:00+00:00, run_after=2026-06-02 00:00:00+00:00
[2026-06-01T11:36:54.019+0000] {processor.py:183} INFO - Processing /opt/airflow/dags/cifar10_training_dag.py took 0.166 seconds
[2026-06-01T11:37:24.183+0000] {processor.py:161} INFO - Started process (PID=63) to work on /opt/airflow/dags/cifar10_training_dag.py
[2026-06-01T11:37:24.186+0000] {processor.py:830} INFO - Processing file /opt/airflow/dags/cifar10_training_dag.py for tasks to queue
[2026-06-01T11:37:24.189+0000] {logging_mixin.py:188} INFO - [2026-06-01T11:37:24.187+0000] {dagbag.py:545} INFO - Filling up the DagBag from /opt/airflow/dags/cifar10_training_dag.py
[2026-06-01T11:37:24.213+0000] {processor.py:840} INFO - DAG(s) 'cifar10_training_pipeline' retrieved from /opt/airflow/dags/cifar10_training_dag.py
[2026-06-01T11:37:24.255+0000] {logging_mixin.py:188} INFO - [2026-06-01T11:37:24.255+0000] {dag.py:3089} INFO - Sync 1 DAGs
[2026-06-01T11:37:24.283+0000] {logging_mixin.py:188} INFO - [2026-06-01T11:37:24.283+0000] {dag.py:3947} INFO - Setting next_dagrun for cifar10_training_pipeline to 2026-06-01 00:00:00+00:00, run_after=2026-06-02 00:00:00+00:00
[2026-06-01T11:37:24.303+0000] {processor.py:183} INFO - Processing /opt/airflow/dags/cifar10_training_dag.py took 0.135 seconds
[2026-06-01T11:37:54.442+0000] {processor.py:161} INFO - Started process (PID=64) to work on /opt/airflow/dags/cifar10_training_dag.py
[2026-06-01T11:37:54.443+0000] {processor.py:830} INFO - Processing file /opt/airflow/dags/cifar10_training_dag.py for tasks to queue
[2026-06-01T11:37:54.445+0000] {logging_mixin.py:188} INFO - [2026-06-01T11:37:54.444+0000] {dagbag.py:545} INFO - Filling up the DagBag from /opt/airflow/dags/cifar10_training_dag.py
[2026-06-01T11:37:54.460+0000] {processor.py:840} INFO - DAG(s) 'cifar10_training_pipeline' retrieved from /opt/airflow/dags/cifar10_training_dag.py
[2026-06-01T11:37:54.500+0000] {logging_mixin.py:188} INFO - [2026-06-01T11:37:54.500+0000] {dag.py:3089} INFO - Sync 1 DAGs
[2026-06-01T11:37:54.533+0000] {logging_mixin.py:188} INFO - [2026-06-01T11:37:54.533+0000] {dag.py:3947} INFO - Setting next_dagrun for cifar10_training_pipeline to 2026-06-01 00:00:00+00:00, run_after=2026-06-02 00:00:00+00:00
[2026-06-01T11:37:54.570+0000] {processor.py:183} INFO - Processing /opt/airflow/dags/cifar10_training_dag.py took 0.136 seconds
[2026-06-01T11:38:24.711+0000] {processor.py:161} INFO - Started process (PID=65) to work on /opt/airflow/dags/cifar10_training_dag.py
[2026-06-01T11:38:24.713+0000] {processor.py:830} INFO - Processing file /opt/airflow/dags/cifar10_training_dag.py for tasks to queue
[2026-06-01T11:38:24.715+0000] {logging_mixin.py:188} INFO - [2026-06-01T11:38:24.715+0000] {dagbag.py:545} INFO - Filling up the DagBag from /opt/airflow/dags/cifar10_training_dag.py
[2026-06-01T11:38:24.734+0000] {processor.py:840} INFO - DAG(s) 'cifar10_training_pipeline' retrieved from /opt/airflow/dags/cifar10_training_dag.py
[2026-06-01T11:38:24.775+0000] {logging_mixin.py:188} INFO - [2026-06-01T11:38:24.775+0000] {dag.py:3089} INFO - Sync 1 DAGs
[2026-06-01T11:38:24.809+0000] {logging_mixin.py:188} INFO - [2026-06-01T11:38:24.808+0000] {dag.py:3947} INFO - Setting next_dagrun for cifar10_training_pipeline to 2026-06-01 00:00:00+00:00, run_after=2026-06-02 00:00:00+00:00
[2026-06-01T11:38:24.830+0000] {processor.py:183} INFO - Processing /opt/airflow/dags/cifar10_training_dag.py took 0.126 seconds
[2026-06-01T11:38:54.973+0000] {processor.py:161} INFO - Started process (PID=66) to work on /opt/airflow/dags/cifar10_training_dag.py
[2026-06-01T11:38:54.974+0000] {processor.py:830} INFO - Processing file /opt/airflow/dags/cifar10_training_dag.py for tasks to queue
[2026-06-01T11:38:54.976+0000] {logging_mixin.py:188} INFO - [2026-06-01T11:38:54.976+0000] {dagbag.py:545} INFO - Filling up the DagBag from /opt/airflow/dags/cifar10_training_dag.py
[2026-06-01T11:38:54.992+0000] {processor.py:840} INFO - DAG(s) 'cifar10_training_pipeline' retrieved from /opt/airflow/dags/cifar10_training_dag.py
[2026-06-01T11:38:55.037+0000] {logging_mixin.py:188} INFO - [2026-06-01T11:38:55.037+0000] {dag.py:3089} INFO - Sync 1 DAGs
[2026-06-01T11:38:55.070+0000] {logging_mixin.py:188} INFO - [2026-06-01T11:38:55.069+0000] {dag.py:3947} INFO - Setting next_dagrun for cifar10_training_pipeline to 2026-06-01 00:00:00+00:00, run_after=2026-06-02 00:00:00+00:00
[2026-06-01T11:38:55.090+0000] {processor.py:183} INFO - Processing /opt/airflow/dags/cifar10_training_dag.py took 0.125 seconds
[2026-06-01T11:39:25.230+0000] {processor.py:161} INFO - Started process (PID=67) to work on /opt/airflow/dags/cifar10_training_dag.py
[2026-06-01T11:39:25.231+0000] {processor.py:830} INFO - Processing file /opt/airflow/dags/cifar10_training_dag.py for tasks to queue
[2026-06-01T11:39:25.234+0000] {logging_mixin.py:188} INFO - [2026-06-01T11:39:25.234+0000] {dagbag.py:545} INFO - Filling up the DagBag from /opt/airflow/dags/cifar10_training_dag.py
[2026-06-01T11:39:25.251+0000] {processor.py:840} INFO - DAG(s) 'cifar10_training_pipeline' retrieved from /opt/airflow/dags/cifar10_training_dag.py
[2026-06-01T11:39:25.290+0000] {logging_mixin.py:188} INFO - [2026-06-01T11:39:25.290+0000] {dag.py:3089} INFO - Sync 1 DAGs
[2026-06-01T11:39:25.319+0000] {logging_mixin.py:188} INFO - [2026-06-01T11:39:25.319+0000] {dag.py:3947} INFO - Setting next_dagrun for cifar10_training_pipeline to 2026-06-01 00:00:00+00:00, run_after=2026-06-02 00:00:00+00:00
[2026-06-01T11:39:25.342+0000] {processor.py:183} INFO - Processing /opt/airflow/dags/cifar10_training_dag.py took 0.121 seconds
[2026-06-01T11:39:55.480+0000] {processor.py:161} INFO - Started process (PID=68) to work on /opt/airflow/dags/cifar10_training_dag.py
[2026-06-01T11:39:55.481+0000] {processor.py:830} INFO - Processing file /opt/airflow/dags/cifar10_training_dag.py for tasks to queue
[2026-06-01T11:39:55.483+0000] {logging_mixin.py:188} INFO - [2026-06-01T11:39:55.482+0000] {dagbag.py:545} INFO - Filling up the DagBag from /opt/airflow/dags/cifar10_training_dag.py
[2026-06-01T11:39:55.498+0000] {processor.py:840} INFO - DAG(s) 'cifar10_training_pipeline' retrieved from /opt/airflow/dags/cifar10_training_dag.py
[2026-06-01T11:39:55.539+0000] {logging_mixin.py:188} INFO - [2026-06-01T11:39:55.539+0000] {dag.py:3089} INFO - Sync 1 DAGs
[2026-06-01T11:39:55.571+0000] {logging_mixin.py:188} INFO - [2026-06-01T11:39:55.571+0000] {dag.py:3947} INFO - Setting next_dagrun for cifar10_training_pipeline to 2026-06-01 00:00:00+00:00, run_after=2026-06-02 00:00:00+00:00
[2026-06-01T11:39:55.592+0000] {processor.py:183} INFO - Processing /opt/airflow/dags/cifar10_training_dag.py took 0.120 seconds
[2026-06-01T11:40:25.731+0000] {processor.py:161} INFO - Started process (PID=69) to work on /opt/airflow/dags/cifar10_training_dag.py
[2026-06-01T11:40:25.732+0000] {processor.py:830} INFO - Processing file /opt/airflow/dags/cifar10_training_dag.py for tasks to queue
[2026-06-01T11:40:25.735+0000] {logging_mixin.py:188} INFO - [2026-06-01T11:40:25.734+0000] {dagbag.py:545} INFO - Filling up the DagBag from /opt/airflow/dags/cifar10_training_dag.py
[2026-06-01T11:40:25.752+0000] {processor.py:840} INFO - DAG(s) 'cifar10_training_pipeline' retrieved from /opt/airflow/dags/cifar10_training_dag.py
[2026-06-01T11:40:25.789+0000] {logging_mixin.py:188} INFO - [2026-06-01T11:40:25.789+0000] {dag.py:3089} INFO - Sync 1 DAGs
[2026-06-01T11:40:25.819+0000] {logging_mixin.py:188} INFO - [2026-06-01T11:40:25.819+0000] {dag.py:3947} INFO - Setting next_dagrun for cifar10_training_pipeline to 2026-06-01 00:00:00+00:00, run_after=2026-06-02 00:00:00+00:00
[2026-06-01T11:40:25.843+0000] {processor.py:183} INFO - Processing /opt/airflow/dags/cifar10_training_dag.py took 0.121 seconds
[2026-06-01T11:40:55.983+0000] {processor.py:161} INFO - Started process (PID=70) to work on /opt/airflow/dags/cifar10_training_dag.py
[2026-06-01T11:40:55.984+0000] {processor.py:830} INFO - Processing file /opt/airflow/dags/cifar10_training_dag.py for tasks to queue
[2026-06-01T11:40:55.986+0000] {logging_mixin.py:188} INFO - [2026-06-01T11:40:55.986+0000] {dagbag.py:545} INFO - Filling up the DagBag from /opt/airflow/dags/cifar10_training_dag.py
[2026-06-01T11:40:56.003+0000] {processor.py:840} INFO - DAG(s) 'cifar10_training_pipeline' retrieved from /opt/airflow/dags/cifar10_training_dag.py
[2026-06-01T11:40:56.044+0000] {logging_mixin.py:188} INFO - [2026-06-01T11:40:56.044+0000] {dag.py:3089} INFO - Sync 1 DAGs
[2026-06-01T11:40:56.074+0000] {logging_mixin.py:188} INFO - [2026-06-01T11:40:56.074+0000] {dag.py:3947} INFO - Setting next_dagrun for cifar10_training_pipeline to 2026-06-01 00:00:00+00:00, run_after=2026-06-02 00:00:00+00:00
[2026-06-01T11:40:56.098+0000] {processor.py:183} INFO - Processing /opt/airflow/dags/cifar10_training_dag.py took 0.123 seconds
[2026-06-01T11:41:26.243+0000] {processor.py:161} INFO - Started process (PID=71) to work on /opt/airflow/dags/cifar10_training_dag.py
[2026-06-01T11:41:26.245+0000] {processor.py:830} INFO - Processing file /opt/airflow/dags/cifar10_training_dag.py for tasks to queue
[2026-06-01T11:41:26.248+0000] {logging_mixin.py:188} INFO - [2026-06-01T11:41:26.247+0000] {dagbag.py:545} INFO - Filling up the DagBag from /opt/airflow/dags/cifar10_training_dag.py
[2026-06-01T11:41:26.263+0000] {processor.py:840} INFO - DAG(s) 'cifar10_training_pipeline' retrieved from /opt/airflow/dags/cifar10_training_dag.py
[2026-06-01T11:41:26.301+0000] {logging_mixin.py:188} INFO - [2026-06-01T11:41:26.300+0000] {dag.py:3089} INFO - Sync 1 DAGs
[2026-06-01T11:41:26.339+0000] {logging_mixin.py:188} INFO - [2026-06-01T11:41:26.338+0000] {dag.py:3947} INFO - Setting next_dagrun for cifar10_training_pipeline to 2026-06-01 00:00:00+00:00, run_after=2026-06-02 00:00:00+00:00
[2026-06-01T11:41:26.363+0000] {processor.py:183} INFO - Processing /opt/airflow/dags/cifar10_training_dag.py took 0.128 seconds
[2026-06-01T11:41:56.502+0000] {processor.py:161} INFO - Started process (PID=72) to work on /opt/airflow/dags/cifar10_training_dag.py
[2026-06-01T11:41:56.503+0000] {processor.py:830} INFO - Processing file /opt/airflow/dags/cifar10_training_dag.py for tasks to queue
[2026-06-01T11:41:56.505+0000] {logging_mixin.py:188} INFO - [2026-06-01T11:41:56.505+0000] {dagbag.py:545} INFO - Filling up the DagBag from /opt/airflow/dags/cifar10_training_dag.py
[2026-06-01T11:41:56.521+0000] {processor.py:840} INFO - DAG(s) 'cifar10_training_pipeline' retrieved from /opt/airflow/dags/cifar10_training_dag.py
[2026-06-01T11:41:56.564+0000] {logging_mixin.py:188} INFO - [2026-06-01T11:41:56.564+0000] {dag.py:3089} INFO - Sync 1 DAGs
[2026-06-01T11:41:56.594+0000] {logging_mixin.py:188} INFO - [2026-06-01T11:41:56.594+0000] {dag.py:3947} INFO - Setting next_dagrun for cifar10_training_pipeline to 2026-06-01 00:00:00+00:00, run_after=2026-06-02 00:00:00+00:00
[2026-06-01T11:41:56.615+0000] {processor.py:183} INFO - Processing /opt/airflow/dags/cifar10_training_dag.py took 0.120 seconds
[2026-06-01T11:42:26.647+0000] {processor.py:161} INFO - Started process (PID=73) to work on /opt/airflow/dags/cifar10_training_dag.py
[2026-06-01T11:42:26.649+0000] {processor.py:830} INFO - Processing file /opt/airflow/dags/cifar10_training_dag.py for tasks to queue
[2026-06-01T11:42:26.651+0000] {logging_mixin.py:188} INFO - [2026-06-01T11:42:26.650+0000] {dagbag.py:545} INFO - Filling up the DagBag from /opt/airflow/dags/cifar10_training_dag.py
[2026-06-01T11:42:26.666+0000] {processor.py:840} INFO - DAG(s) 'cifar10_training_pipeline' retrieved from /opt/airflow/dags/cifar10_training_dag.py
[2026-06-01T11:42:26.710+0000] {logging_mixin.py:188} INFO - [2026-06-01T11:42:26.709+0000] {dag.py:3089} INFO - Sync 1 DAGs
[2026-06-01T11:42:26.743+0000] {logging_mixin.py:188} INFO - [2026-06-01T11:42:26.742+0000] {dag.py:3947} INFO - Setting next_dagrun for cifar10_training_pipeline to 2026-06-01 00:00:00+00:00, run_after=2026-06-02 00:00:00+00:00
[2026-06-01T11:42:26.764+0000] {processor.py:183} INFO - Processing /opt/airflow/dags/cifar10_training_dag.py took 0.125 seconds
[2026-06-01T11:42:56.875+0000] {processor.py:161} INFO - Started process (PID=74) to work on /opt/airflow/dags/cifar10_training_dag.py
[2026-06-01T11:42:56.876+0000] {processor.py:830} INFO - Processing file /opt/airflow/dags/cifar10_training_dag.py for tasks to queue
[2026-06-01T11:42:56.881+0000] {logging_mixin.py:188} INFO - [2026-06-01T11:42:56.881+0000] {dagbag.py:545} INFO - Filling up the DagBag from /opt/airflow/dags/cifar10_training_dag.py
[2026-06-01T11:42:56.901+0000] {processor.py:840} INFO - DAG(s) 'cifar10_training_pipeline' retrieved from /opt/airflow/dags/cifar10_training_dag.py
[2026-06-01T11:42:56.938+0000] {logging_mixin.py:188} INFO - [2026-06-01T11:42:56.938+0000] {dag.py:3089} INFO - Sync 1 DAGs
[2026-06-01T11:42:56.967+0000] {logging_mixin.py:188} INFO - [2026-06-01T11:42:56.967+0000] {dag.py:3947} INFO - Setting next_dagrun for cifar10_training_pipeline to 2026-06-01 00:00:00+00:00, run_after=2026-06-02 00:00:00+00:00
[2026-06-01T11:42:56.987+0000] {processor.py:183} INFO - Processing /opt/airflow/dags/cifar10_training_dag.py took 0.121 seconds
[2026-06-01T11:43:27.033+0000] {processor.py:161} INFO - Started process (PID=75) to work on /opt/airflow/dags/cifar10_training_dag.py
[2026-06-01T11:43:27.034+0000] {processor.py:830} INFO - Processing file /opt/airflow/dags/cifar10_training_dag.py for tasks to queue
[2026-06-01T11:43:27.036+0000] {logging_mixin.py:188} INFO - [2026-06-01T11:43:27.036+0000] {dagbag.py:545} INFO - Filling up the DagBag from /opt/airflow/dags/cifar10_training_dag.py
[2026-06-01T11:43:27.052+0000] {processor.py:840} INFO - DAG(s) 'cifar10_training_pipeline' retrieved from /opt/airflow/dags/cifar10_training_dag.py
[2026-06-01T11:43:27.089+0000] {logging_mixin.py:188} INFO - [2026-06-01T11:43:27.088+0000] {dag.py:3089} INFO - Sync 1 DAGs
[2026-06-01T11:43:27.122+0000] {logging_mixin.py:188} INFO - [2026-06-01T11:43:27.122+0000] {dag.py:3947} INFO - Setting next_dagrun for cifar10_training_pipeline to 2026-06-01 00:00:00+00:00, run_after=2026-06-02 00:00:00+00:00
[2026-06-01T11:43:27.142+0000] {processor.py:183} INFO - Processing /opt/airflow/dags/cifar10_training_dag.py took 0.117 seconds
[2026-06-01T11:43:57.288+0000] {processor.py:161} INFO - Started process (PID=76) to work on /opt/airflow/dags/cifar10_training_dag.py
[2026-06-01T11:43:57.290+0000] {processor.py:830} INFO - Processing file /opt/airflow/dags/cifar10_training_dag.py for tasks to queue
[2026-06-01T11:43:57.295+0000] {logging_mixin.py:188} INFO - [2026-06-01T11:43:57.294+0000] {dagbag.py:545} INFO - Filling up the DagBag from /opt/airflow/dags/cifar10_training_dag.py
[2026-06-01T11:43:57.326+0000] {processor.py:840} INFO - DAG(s) 'cifar10_training_pipeline' retrieved from /opt/airflow/dags/cifar10_training_dag.py
[2026-06-01T11:43:57.369+0000] {logging_mixin.py:188} INFO - [2026-06-01T11:43:57.368+0000] {dag.py:3089} INFO - Sync 1 DAGs
[2026-06-01T11:43:57.400+0000] {logging_mixin.py:188} INFO - [2026-06-01T11:43:57.399+0000] {dag.py:3947} INFO - Setting next_dagrun for cifar10_training_pipeline to 2026-06-01 00:00:00+00:00, run_after=2026-06-02 00:00:00+00:00
[2026-06-01T11:43:57.427+0000] {processor.py:183} INFO - Processing /opt/airflow/dags/cifar10_training_dag.py took 0.159 seconds
[2026-06-01T11:44:27.603+0000] {processor.py:161} INFO - Started process (PID=77) to work on /opt/airflow/dags/cifar10_training_dag.py
[2026-06-01T11:44:27.607+0000] {processor.py:830} INFO - Processing file /opt/airflow/dags/cifar10_training_dag.py for tasks to queue
[2026-06-01T11:44:27.613+0000] {logging_mixin.py:188} INFO - [2026-06-01T11:44:27.612+0000] {dagbag.py:545} INFO - Filling up the DagBag from /opt/airflow/dags/cifar10_training_dag.py
[2026-06-01T11:44:27.641+0000] {processor.py:840} INFO - DAG(s) 'cifar10_training_pipeline' retrieved from /opt/airflow/dags/cifar10_training_dag.py
[2026-06-01T11:44:27.683+0000] {logging_mixin.py:188} INFO - [2026-06-01T11:44:27.682+0000] {dag.py:3089} INFO - Sync 1 DAGs
[2026-06-01T11:44:27.714+0000] {logging_mixin.py:188} INFO - [2026-06-01T11:44:27.713+0000] {dag.py:3947} INFO - Setting next_dagrun for cifar10_training_pipeline to 2026-06-01 00:00:00+00:00, run_after=2026-06-02 00:00:00+00:00
[2026-06-01T11:44:27.747+0000] {processor.py:183} INFO - Processing /opt/airflow/dags/cifar10_training_dag.py took 0.159 seconds
[2026-06-01T11:44:57.917+0000] {processor.py:161} INFO - Started process (PID=78) to work on /opt/airflow/dags/cifar10_training_dag.py
[2026-06-01T11:44:57.918+0000] {processor.py:830} INFO - Processing file /opt/airflow/dags/cifar10_training_dag.py for tasks to queue
[2026-06-01T11:44:57.925+0000] {logging_mixin.py:188} INFO - [2026-06-01T11:44:57.922+0000] {dagbag.py:545} INFO - Filling up the DagBag from /opt/airflow/dags/cifar10_training_dag.py
[2026-06-01T11:44:57.939+0000] {processor.py:840} INFO - DAG(s) 'cifar10_training_pipeline' retrieved from /opt/airflow/dags/cifar10_training_dag.py
[2026-06-01T11:44:57.978+0000] {logging_mixin.py:188} INFO - [2026-06-01T11:44:57.977+0000] {dag.py:3089} INFO - Sync 1 DAGs
[2026-06-01T11:44:58.012+0000] {logging_mixin.py:188} INFO - [2026-06-01T11:44:58.012+0000] {dag.py:3947} INFO - Setting next_dagrun for cifar10_training_pipeline to 2026-06-01 00:00:00+00:00, run_after=2026-06-02 00:00:00+00:00
[2026-06-01T11:44:58.044+0000] {processor.py:183} INFO - Processing /opt/airflow/dags/cifar10_training_dag.py took 0.142 seconds
[2026-06-01T11:45:28.200+0000] {processor.py:161} INFO - Started process (PID=79) to work on /opt/airflow/dags/cifar10_training_dag.py
[2026-06-01T11:45:28.202+0000] {processor.py:830} INFO - Processing file /opt/airflow/dags/cifar10_training_dag.py for tasks to queue
[2026-06-01T11:45:28.207+0000] {logging_mixin.py:188} INFO - [2026-06-01T11:45:28.207+0000] {dagbag.py:545} INFO - Filling up the DagBag from /opt/airflow/dags/cifar10_training_dag.py
[2026-06-01T11:45:28.225+0000] {processor.py:840} INFO - DAG(s) 'cifar10_training_pipeline' retrieved from /opt/airflow/dags/cifar10_training_dag.py
[2026-06-01T11:45:28.262+0000] {logging_mixin.py:188} INFO - [2026-06-01T11:45:28.262+0000] {dag.py:3089} INFO - Sync 1 DAGs
[2026-06-01T11:45:28.295+0000] {logging_mixin.py:188} INFO - [2026-06-01T11:45:28.295+0000] {dag.py:3947} INFO - Setting next_dagrun for cifar10_training_pipeline to 2026-06-01 00:00:00+00:00, run_after=2026-06-02 00:00:00+00:00
[2026-06-01T11:45:28.327+0000] {processor.py:183} INFO - Processing /opt/airflow/dags/cifar10_training_dag.py took 0.135 seconds
[2026-06-01T11:45:58.465+0000] {processor.py:161} INFO - Started process (PID=80) to work on /opt/airflow/dags/cifar10_training_dag.py
[2026-06-01T11:45:58.466+0000] {processor.py:830} INFO - Processing file /opt/airflow/dags/cifar10_training_dag.py for tasks to queue
[2026-06-01T11:45:58.469+0000] {logging_mixin.py:188} INFO - [2026-06-01T11:45:58.468+0000] {dagbag.py:545} INFO - Filling up the DagBag from /opt/airflow/dags/cifar10_training_dag.py
[2026-06-01T11:45:58.483+0000] {processor.py:840} INFO - DAG(s) 'cifar10_training_pipeline' retrieved from /opt/airflow/dags/cifar10_training_dag.py
[2026-06-01T11:45:58.522+0000] {logging_mixin.py:188} INFO - [2026-06-01T11:45:58.521+0000] {dag.py:3089} INFO - Sync 1 DAGs
[2026-06-01T11:45:58.564+0000] {logging_mixin.py:188} INFO - [2026-06-01T11:45:58.564+0000] {dag.py:3947} INFO - Setting next_dagrun for cifar10_training_pipeline to 2026-06-01 00:00:00+00:00, run_after=2026-06-02 00:00:00+00:00
[2026-06-01T11:45:58.590+0000] {processor.py:183} INFO - Processing /opt/airflow/dags/cifar10_training_dag.py took 0.133 seconds
[2026-06-01T11:46:28.717+0000] {processor.py:161} INFO - Started process (PID=81) to work on /opt/airflow/dags/cifar10_training_dag.py
[2026-06-01T11:46:28.718+0000] {processor.py:830} INFO - Processing file /opt/airflow/dags/cifar10_training_dag.py for tasks to queue
[2026-06-01T11:46:28.720+0000] {logging_mixin.py:188} INFO - [2026-06-01T11:46:28.720+0000] {dagbag.py:545} INFO - Filling up the DagBag from /opt/airflow/dags/cifar10_training_dag.py
[2026-06-01T11:46:28.729+0000] {processor.py:840} INFO - DAG(s) 'cifar10_training_pipeline' retrieved from /opt/airflow/dags/cifar10_training_dag.py
[2026-06-01T11:46:28.754+0000] {logging_mixin.py:188} INFO - [2026-06-01T11:46:28.754+0000] {dag.py:3089} INFO - Sync 1 DAGs
[2026-06-01T11:46:28.773+0000] {logging_mixin.py:188} INFO - [2026-06-01T11:46:28.773+0000] {dag.py:3947} INFO - Setting next_dagrun for cifar10_training_pipeline to 2026-06-01 00:00:00+00:00, run_after=2026-06-02 00:00:00+00:00
[2026-06-01T11:46:28.791+0000] {processor.py:183} INFO - Processing /opt/airflow/dags/cifar10_training_dag.py took 0.080 seconds
[2026-06-01T11:46:58.814+0000] {processor.py:161} INFO - Started process (PID=82) to work on /opt/airflow/dags/cifar10_training_dag.py
[2026-06-01T11:46:58.815+0000] {processor.py:830} INFO - Processing file /opt/airflow/dags/cifar10_training_dag.py for tasks to queue
[2026-06-01T11:46:58.817+0000] {logging_mixin.py:188} INFO - [2026-06-01T11:46:58.817+0000] {dagbag.py:545} INFO - Filling up the DagBag from /opt/airflow/dags/cifar10_training_dag.py
[2026-06-01T11:46:58.826+0000] {processor.py:840} INFO - DAG(s) 'cifar10_training_pipeline' retrieved from /opt/airflow/dags/cifar10_training_dag.py
[2026-06-01T11:46:58.850+0000] {logging_mixin.py:188} INFO - [2026-06-01T11:46:58.850+0000] {dag.py:3089} INFO - Sync 1 DAGs
[2026-06-01T11:46:58.869+0000] {logging_mixin.py:188} INFO - [2026-06-01T11:46:58.869+0000] {dag.py:3947} INFO - Setting next_dagrun for cifar10_training_pipeline to 2026-06-01 00:00:00+00:00, run_after=2026-06-02 00:00:00+00:00
[2026-06-01T11:46:58.885+0000] {processor.py:183} INFO - Processing /opt/airflow/dags/cifar10_training_dag.py took 0.076 seconds
[2026-06-01T11:47:29.014+0000] {processor.py:161} INFO - Started process (PID=83) to work on /opt/airflow/dags/cifar10_training_dag.py
[2026-06-01T11:47:29.015+0000] {processor.py:830} INFO - Processing file /opt/airflow/dags/cifar10_training_dag.py for tasks to queue
[2026-06-01T11:47:29.017+0000] {logging_mixin.py:188} INFO - [2026-06-01T11:47:29.017+0000] {dagbag.py:545} INFO - Filling up the DagBag from /opt/airflow/dags/cifar10_training_dag.py
[2026-06-01T11:47:29.026+0000] {processor.py:840} INFO - DAG(s) 'cifar10_training_pipeline' retrieved from /opt/airflow/dags/cifar10_training_dag.py
[2026-06-01T11:47:29.050+0000] {logging_mixin.py:188} INFO - [2026-06-01T11:47:29.049+0000] {dag.py:3089} INFO - Sync 1 DAGs
[2026-06-01T11:47:29.069+0000] {logging_mixin.py:188} INFO - [2026-06-01T11:47:29.069+0000] {dag.py:3947} INFO - Setting next_dagrun for cifar10_training_pipeline to 2026-06-01 00:00:00+00:00, run_after=2026-06-02 00:00:00+00:00
[2026-06-01T11:47:29.084+0000] {processor.py:183} INFO - Processing /opt/airflow/dags/cifar10_training_dag.py took 0.075 seconds
