[2026-05-19T16:10:16.191+0000] {local_task_job_runner.py:120} INFO - ::group::Pre task execution logs
[2026-05-19T16:10:16.214+0000] {taskinstance.py:2076} INFO - Dependencies all met for dep_context=non-requeueable deps ti=<TaskInstance: cifar10_training_pipeline.prepare_dataset manual__2026-05-19T16:10:11.691907+00:00 [queued]>
[2026-05-19T16:10:16.221+0000] {taskinstance.py:2076} INFO - Dependencies all met for dep_context=requeueable deps ti=<TaskInstance: cifar10_training_pipeline.prepare_dataset manual__2026-05-19T16:10:11.691907+00:00 [queued]>
[2026-05-19T16:10:16.221+0000] {taskinstance.py:2306} INFO - Starting attempt 1 of 1
[2026-05-19T16:10:16.233+0000] {taskinstance.py:2330} INFO - Executing <Task(BashOperator): prepare_dataset> on 2026-05-19 16:10:11.691907+00:00
[2026-05-19T16:10:16.239+0000] {warnings.py:112} WARNING - /home/***/.local/lib/python3.12/site-packages/***/task/task_runner/standard_task_runner.py:62: DeprecationWarning: This process (pid=171) is multi-threaded, use of fork() may lead to deadlocks in the child.
  pid = os.fork()

[2026-05-19T16:10:16.240+0000] {standard_task_runner.py:64} INFO - Started process 172 to run task
[2026-05-19T16:10:16.241+0000] {standard_task_runner.py:90} INFO - Running: ['***', 'tasks', 'run', 'cifar10_training_pipeline', 'prepare_dataset', 'manual__2026-05-19T16:10:11.691907+00:00', '--job-id', '24', '--raw', '--subdir', 'DAGS_FOLDER/cifar10_training_dag.py', '--cfg-path', '/tmp/tmpk4b93ips']
[2026-05-19T16:10:16.242+0000] {standard_task_runner.py:91} INFO - Job 24: Subtask prepare_dataset
[2026-05-19T16:10:16.274+0000] {task_command.py:426} INFO - Running <TaskInstance: cifar10_training_pipeline.prepare_dataset manual__2026-05-19T16:10:11.691907+00:00 [running]> on host 3b73f61fe421
[2026-05-19T16:10:16.331+0000] {taskinstance.py:2648} INFO - Exporting env vars: AIRFLOW_CTX_DAG_OWNER='jeevan' AIRFLOW_CTX_DAG_ID='cifar10_training_pipeline' AIRFLOW_CTX_TASK_ID='prepare_dataset' AIRFLOW_CTX_EXECUTION_DATE='2026-05-19T16:10:11.691907+00:00' AIRFLOW_CTX_TRY_NUMBER='1' AIRFLOW_CTX_DAG_RUN_ID='manual__2026-05-19T16:10:11.691907+00:00'
[2026-05-19T16:10:16.332+0000] {taskinstance.py:430} INFO - ::endgroup::
[2026-05-19T16:10:16.342+0000] {subprocess.py:63} INFO - Tmp dir root location: /tmp
[2026-05-19T16:10:16.343+0000] {subprocess.py:75} INFO - Running command: ['/usr/bin/bash', '-c', '\n        cd /opt/***/project &&         python -c "from app.training.dataset import get_dataloaders; get_dataloaders(batch_size=64); print(\'Dataset ready\')"\n        ']
[2026-05-19T16:10:16.352+0000] {subprocess.py:86} INFO - Output:
[2026-05-19T16:10:20.394+0000] {subprocess.py:93} INFO - Dataset ready
[2026-05-19T16:10:20.993+0000] {subprocess.py:97} INFO - Command exited with return code 0
[2026-05-19T16:10:20.994+0000] {taskinstance.py:441} INFO - ::group::Post task execution logs
[2026-05-19T16:10:21.016+0000] {taskinstance.py:1206} INFO - Marking task as SUCCESS. dag_id=cifar10_training_pipeline, task_id=prepare_dataset, run_id=manual__2026-05-19T16:10:11.691907+00:00, execution_date=20260519T161011, start_date=20260519T161016, end_date=20260519T161021
[2026-05-19T16:10:21.033+0000] {local_task_job_runner.py:243} INFO - Task exited with return code 0
[2026-05-19T16:10:21.051+0000] {taskinstance.py:3503} INFO - 1 downstream tasks scheduled from follow-on schedule check
[2026-05-19T16:10:21.053+0000] {local_task_job_runner.py:222} INFO - ::endgroup::
