[2026-06-06T15:15:31.168+0000] {local_task_job_runner.py:120} INFO - ::group::Pre task execution logs
[2026-06-06T15:15:31.183+0000] {taskinstance.py:2076} INFO - Dependencies all met for dep_context=non-requeueable deps ti=<TaskInstance: cifar10_training_pipeline.ingest_data scheduled__2026-06-05T00:00:00+00:00 [queued]>
[2026-06-06T15:15:31.189+0000] {taskinstance.py:2076} INFO - Dependencies all met for dep_context=requeueable deps ti=<TaskInstance: cifar10_training_pipeline.ingest_data scheduled__2026-06-05T00:00:00+00:00 [queued]>
[2026-06-06T15:15:31.189+0000] {taskinstance.py:2306} INFO - Starting attempt 1 of 1
[2026-06-06T15:15:31.199+0000] {taskinstance.py:2330} INFO - Executing <Task(BashOperator): ingest_data> on 2026-06-05 00:00:00+00:00
[2026-06-06T15:15:31.204+0000] {warnings.py:112} WARNING - /home/***/.local/lib/python3.12/site-packages/***/task/task_runner/standard_task_runner.py:62: DeprecationWarning: This process (pid=51) is multi-threaded, use of fork() may lead to deadlocks in the child.
  pid = os.fork()

[2026-06-06T15:15:31.205+0000] {standard_task_runner.py:64} INFO - Started process 52 to run task
[2026-06-06T15:15:31.206+0000] {standard_task_runner.py:90} INFO - Running: ['***', 'tasks', 'run', 'cifar10_training_pipeline', 'ingest_data', 'scheduled__2026-06-05T00:00:00+00:00', '--job-id', '69', '--raw', '--subdir', 'DAGS_FOLDER/cifar10_training_dag.py', '--cfg-path', '/tmp/tmp1vumljeh']
[2026-06-06T15:15:31.207+0000] {standard_task_runner.py:91} INFO - Job 69: Subtask ingest_data
[2026-06-06T15:15:31.235+0000] {task_command.py:426} INFO - Running <TaskInstance: cifar10_training_pipeline.ingest_data scheduled__2026-06-05T00:00:00+00:00 [running]> on host c01fc564bfa6
[2026-06-06T15:15:31.291+0000] {taskinstance.py:2648} INFO - Exporting env vars: AIRFLOW_CTX_DAG_OWNER='jeevan' AIRFLOW_CTX_DAG_ID='cifar10_training_pipeline' AIRFLOW_CTX_TASK_ID='ingest_data' AIRFLOW_CTX_EXECUTION_DATE='2026-06-05T00:00:00+00:00' AIRFLOW_CTX_TRY_NUMBER='1' AIRFLOW_CTX_DAG_RUN_ID='scheduled__2026-06-05T00:00:00+00:00'
[2026-06-06T15:15:31.291+0000] {taskinstance.py:430} INFO - ::endgroup::
[2026-06-06T15:15:31.301+0000] {subprocess.py:63} INFO - Tmp dir root location: /tmp
[2026-06-06T15:15:31.301+0000] {subprocess.py:75} INFO - Running command: ['/usr/bin/bash', '-c', '\n        cd /opt/***/project &&         POSTGRES_HOST=host.docker.internal REDIS_HOST=host.docker.internal MLFLOW_TRACKING_URI=http://host.docker.internal:5000 python -m app.ingestion.ingest\n        ']
[2026-06-06T15:15:31.309+0000] {subprocess.py:86} INFO - Output:
[2026-06-06T15:15:53.231+0000] {subprocess.py:93} INFO - Schema applied from /opt/***/project/app/database/schema.sql
[2026-06-06T15:15:53.232+0000] {subprocess.py:93} INFO - Ingested 50000 images for split='train'
[2026-06-06T15:15:53.232+0000] {subprocess.py:93} INFO - Ingested 10000 images for split='test'
[2026-06-06T15:15:53.672+0000] {subprocess.py:97} INFO - Command exited with return code 0
[2026-06-06T15:15:53.672+0000] {taskinstance.py:441} INFO - ::group::Post task execution logs
[2026-06-06T15:15:53.691+0000] {taskinstance.py:1206} INFO - Marking task as SUCCESS. dag_id=cifar10_training_pipeline, task_id=ingest_data, run_id=scheduled__2026-06-05T00:00:00+00:00, execution_date=20260605T000000, start_date=20260606T151531, end_date=20260606T151553
[2026-06-06T15:15:53.719+0000] {local_task_job_runner.py:243} INFO - Task exited with return code 0
[2026-06-06T15:15:53.735+0000] {taskinstance.py:3503} INFO - 1 downstream tasks scheduled from follow-on schedule check
[2026-06-06T15:15:53.736+0000] {local_task_job_runner.py:222} INFO - ::endgroup::
