[2026-06-07T00:10:35.237+0000] {local_task_job_runner.py:120} INFO - ::group::Pre task execution logs
[2026-06-07T00:10:35.253+0000] {taskinstance.py:2076} INFO - Dependencies all met for dep_context=non-requeueable deps ti=<TaskInstance: cifar10_training_pipeline.pipeline_complete scheduled__2026-06-06T00:00:00+00:00 [queued]>
[2026-06-07T00:10:35.259+0000] {taskinstance.py:2076} INFO - Dependencies all met for dep_context=requeueable deps ti=<TaskInstance: cifar10_training_pipeline.pipeline_complete scheduled__2026-06-06T00:00:00+00:00 [queued]>
[2026-06-07T00:10:35.259+0000] {taskinstance.py:2306} INFO - Starting attempt 1 of 1
[2026-06-07T00:10:35.270+0000] {taskinstance.py:2330} INFO - Executing <Task(BashOperator): pipeline_complete> on 2026-06-06 00:00:00+00:00
[2026-06-07T00:10:35.275+0000] {warnings.py:112} WARNING - /home/***/.local/lib/python3.12/site-packages/***/task/task_runner/standard_task_runner.py:62: DeprecationWarning: This process (pid=123) is multi-threaded, use of fork() may lead to deadlocks in the child.
  pid = os.fork()

[2026-06-07T00:10:35.276+0000] {standard_task_runner.py:64} INFO - Started process 124 to run task
[2026-06-07T00:10:35.277+0000] {standard_task_runner.py:90} INFO - Running: ['***', 'tasks', 'run', 'cifar10_training_pipeline', 'pipeline_complete', 'scheduled__2026-06-06T00:00:00+00:00', '--job-id', '80', '--raw', '--subdir', 'DAGS_FOLDER/cifar10_training_dag.py', '--cfg-path', '/tmp/tmpcc98q3zw']
[2026-06-07T00:10:35.278+0000] {standard_task_runner.py:91} INFO - Job 80: Subtask pipeline_complete
[2026-06-07T00:10:35.306+0000] {task_command.py:426} INFO - Running <TaskInstance: cifar10_training_pipeline.pipeline_complete scheduled__2026-06-06T00:00:00+00:00 [running]> on host c01fc564bfa6
[2026-06-07T00:10:35.361+0000] {taskinstance.py:2648} INFO - Exporting env vars: AIRFLOW_CTX_DAG_OWNER='jeevan' AIRFLOW_CTX_DAG_ID='cifar10_training_pipeline' AIRFLOW_CTX_TASK_ID='pipeline_complete' AIRFLOW_CTX_EXECUTION_DATE='2026-06-06T00:00:00+00:00' AIRFLOW_CTX_TRY_NUMBER='1' AIRFLOW_CTX_DAG_RUN_ID='scheduled__2026-06-06T00:00:00+00:00'
[2026-06-07T00:10:35.362+0000] {taskinstance.py:430} INFO - ::endgroup::
[2026-06-07T00:10:35.371+0000] {subprocess.py:63} INFO - Tmp dir root location: /tmp
[2026-06-07T00:10:35.371+0000] {subprocess.py:75} INFO - Running command: ['/usr/bin/bash', '-c', "echo 'CIFAR-10 MLOps training pipeline completed successfully'"]
[2026-06-07T00:10:35.379+0000] {subprocess.py:86} INFO - Output:
[2026-06-07T00:10:35.381+0000] {subprocess.py:93} INFO - CIFAR-10 MLOps training pipeline completed successfully
[2026-06-07T00:10:35.381+0000] {subprocess.py:97} INFO - Command exited with return code 0
[2026-06-07T00:10:35.381+0000] {taskinstance.py:441} INFO - ::group::Post task execution logs
[2026-06-07T00:10:35.397+0000] {taskinstance.py:1206} INFO - Marking task as SUCCESS. dag_id=cifar10_training_pipeline, task_id=pipeline_complete, run_id=scheduled__2026-06-06T00:00:00+00:00, execution_date=20260606T000000, start_date=20260607T001035, end_date=20260607T001035
[2026-06-07T00:10:35.410+0000] {local_task_job_runner.py:243} INFO - Task exited with return code 0
[2026-06-07T00:10:35.420+0000] {taskinstance.py:3503} INFO - 0 downstream tasks scheduled from follow-on schedule check
[2026-06-07T00:10:35.422+0000] {local_task_job_runner.py:222} INFO - ::endgroup::
