[2026-05-20T01:53:35.495+0000] {local_task_job_runner.py:120} INFO - ::group::Pre task execution logs
[2026-05-20T01:53:35.515+0000] {taskinstance.py:2076} INFO - Dependencies all met for dep_context=non-requeueable deps ti=<TaskInstance: cifar10_training_pipeline.prepare_dataset scheduled__2026-05-19T00:00:00+00:00 [queued]>
[2026-05-20T01:53:35.522+0000] {taskinstance.py:2076} INFO - Dependencies all met for dep_context=requeueable deps ti=<TaskInstance: cifar10_training_pipeline.prepare_dataset scheduled__2026-05-19T00:00:00+00:00 [queued]>
[2026-05-20T01:53:35.522+0000] {taskinstance.py:2306} INFO - Starting attempt 1 of 1
[2026-05-20T01:53:35.534+0000] {taskinstance.py:2330} INFO - Executing <Task(BashOperator): prepare_dataset> on 2026-05-19 00:00:00+00:00
[2026-05-20T01:53:35.540+0000] {warnings.py:112} WARNING - /home/***/.local/lib/python3.12/site-packages/***/task/task_runner/standard_task_runner.py:62: DeprecationWarning: This process (pid=52) is multi-threaded, use of fork() may lead to deadlocks in the child.
  pid = os.fork()

[2026-05-20T01:53:35.542+0000] {standard_task_runner.py:64} INFO - Started process 53 to run task
[2026-05-20T01:53:35.542+0000] {standard_task_runner.py:90} INFO - Running: ['***', 'tasks', 'run', 'cifar10_training_pipeline', 'prepare_dataset', 'scheduled__2026-05-19T00:00:00+00:00', '--job-id', '30', '--raw', '--subdir', 'DAGS_FOLDER/cifar10_training_dag.py', '--cfg-path', '/tmp/tmpni_kzy7n']
[2026-05-20T01:53:35.543+0000] {standard_task_runner.py:91} INFO - Job 30: Subtask prepare_dataset
[2026-05-20T01:53:35.581+0000] {task_command.py:426} INFO - Running <TaskInstance: cifar10_training_pipeline.prepare_dataset scheduled__2026-05-19T00:00:00+00:00 [running]> on host 3b73f61fe421
[2026-05-20T01:53:35.652+0000] {taskinstance.py:2648} INFO - Exporting env vars: AIRFLOW_CTX_DAG_OWNER='jeevan' AIRFLOW_CTX_DAG_ID='cifar10_training_pipeline' AIRFLOW_CTX_TASK_ID='prepare_dataset' AIRFLOW_CTX_EXECUTION_DATE='2026-05-19T00:00:00+00:00' AIRFLOW_CTX_TRY_NUMBER='1' AIRFLOW_CTX_DAG_RUN_ID='scheduled__2026-05-19T00:00:00+00:00'
[2026-05-20T01:53:35.653+0000] {taskinstance.py:430} INFO - ::endgroup::
[2026-05-20T01:53:35.664+0000] {subprocess.py:63} INFO - Tmp dir root location: /tmp
[2026-05-20T01:53:35.664+0000] {subprocess.py:75} INFO - Running command: ['/usr/bin/bash', '-c', '\n        cd /opt/***/project &&         python -c "from app.training.dataset import get_dataloaders; get_dataloaders(batch_size=64); print(\'Dataset ready\')"\n        ']
[2026-05-20T01:53:35.674+0000] {subprocess.py:86} INFO - Output:
[2026-05-20T01:53:42.470+0000] {subprocess.py:93} INFO - Dataset ready
[2026-05-20T01:53:43.191+0000] {subprocess.py:97} INFO - Command exited with return code 0
[2026-05-20T01:53:43.191+0000] {taskinstance.py:441} INFO - ::group::Post task execution logs
[2026-05-20T01:53:43.212+0000] {taskinstance.py:1206} INFO - Marking task as SUCCESS. dag_id=cifar10_training_pipeline, task_id=prepare_dataset, run_id=scheduled__2026-05-19T00:00:00+00:00, execution_date=20260519T000000, start_date=20260520T015335, end_date=20260520T015343
[2026-05-20T01:53:43.256+0000] {local_task_job_runner.py:243} INFO - Task exited with return code 0
[2026-05-20T01:53:43.275+0000] {taskinstance.py:3503} INFO - 1 downstream tasks scheduled from follow-on schedule check
[2026-05-20T01:53:43.277+0000] {local_task_job_runner.py:222} INFO - ::endgroup::
