[2026-06-01T11:10:31.775+0000] {local_task_job_runner.py:120} INFO - ::group::Pre task execution logs
[2026-06-01T11:10:31.805+0000] {taskinstance.py:2076} INFO - Dependencies all met for dep_context=non-requeueable deps ti=<TaskInstance: cifar10_training_pipeline.train_model manual__2026-06-01T11:09:42+00:00 [queued]>
[2026-06-01T11:10:31.816+0000] {taskinstance.py:2076} INFO - Dependencies all met for dep_context=requeueable deps ti=<TaskInstance: cifar10_training_pipeline.train_model manual__2026-06-01T11:09:42+00:00 [queued]>
[2026-06-01T11:10:31.816+0000] {taskinstance.py:2306} INFO - Starting attempt 1 of 1
[2026-06-01T11:10:31.837+0000] {taskinstance.py:2330} INFO - Executing <Task(BashOperator): train_model> on 2026-06-01 11:09:42+00:00
[2026-06-01T11:10:31.849+0000] {warnings.py:112} WARNING - /home/***/.local/lib/python3.12/site-packages/***/task/task_runner/standard_task_runner.py:62: DeprecationWarning: This process (pid=88) is multi-threaded, use of fork() may lead to deadlocks in the child.
  pid = os.fork()

[2026-06-01T11:10:31.853+0000] {standard_task_runner.py:64} INFO - Started process 89 to run task
[2026-06-01T11:10:31.855+0000] {standard_task_runner.py:90} INFO - Running: ['***', 'tasks', 'run', 'cifar10_training_pipeline', 'train_model', 'manual__2026-06-01T11:09:42+00:00', '--job-id', '40', '--raw', '--subdir', 'DAGS_FOLDER/cifar10_training_dag.py', '--cfg-path', '/tmp/tmpkd_86dnk']
[2026-06-01T11:10:31.857+0000] {standard_task_runner.py:91} INFO - Job 40: Subtask train_model
[2026-06-01T11:10:31.914+0000] {task_command.py:426} INFO - Running <TaskInstance: cifar10_training_pipeline.train_model manual__2026-06-01T11:09:42+00:00 [running]> on host b9dcb14f88e9
[2026-06-01T11:10:32.041+0000] {taskinstance.py:2648} INFO - Exporting env vars: AIRFLOW_CTX_DAG_OWNER='jeevan' AIRFLOW_CTX_DAG_ID='cifar10_training_pipeline' AIRFLOW_CTX_TASK_ID='train_model' AIRFLOW_CTX_EXECUTION_DATE='2026-06-01T11:09:42+00:00' AIRFLOW_CTX_TRY_NUMBER='1' AIRFLOW_CTX_DAG_RUN_ID='manual__2026-06-01T11:09:42+00:00'
[2026-06-01T11:10:32.042+0000] {taskinstance.py:430} INFO - ::endgroup::
[2026-06-01T11:10:32.062+0000] {subprocess.py:63} INFO - Tmp dir root location: /tmp
[2026-06-01T11:10:32.063+0000] {subprocess.py:75} INFO - Running command: ['/usr/bin/bash', '-c', '\n        cd /opt/***/project &&         POSTGRES_HOST=host.docker.internal REDIS_HOST=host.docker.internal MLFLOW_TRACKING_URI=http://host.docker.internal:5000 EPOCHS=1 python -m app.training.train\n        ']
[2026-06-01T11:10:32.083+0000] {subprocess.py:86} INFO - Output:
[2026-06-01T11:10:42.109+0000] {subprocess.py:93} INFO - 2026/06/01 11:10:42 WARNING mlflow.utils.git_utils: Failed to import Git (the Git executable is probably not on your PATH), so Git SHA is not available. Error: Failed to initialize: Bad git executable.
[2026-06-01T11:10:42.110+0000] {subprocess.py:93} INFO - The git executable must be specified in one of the following ways:
[2026-06-01T11:10:42.110+0000] {subprocess.py:93} INFO -     - be included in your $PATH
[2026-06-01T11:10:42.110+0000] {subprocess.py:93} INFO -     - be set via $GIT_PYTHON_GIT_EXECUTABLE
[2026-06-01T11:10:42.113+0000] {subprocess.py:93} INFO -     - explicitly set via git.refresh(<full-path-to-git-executable>)
[2026-06-01T11:10:42.113+0000] {subprocess.py:93} INFO - 
[2026-06-01T11:10:42.113+0000] {subprocess.py:93} INFO - All git commands will error until this is rectified.
[2026-06-01T11:10:42.113+0000] {subprocess.py:93} INFO - 
[2026-06-01T11:10:42.113+0000] {subprocess.py:93} INFO - This initial message can be silenced or aggravated in the future by setting the
[2026-06-01T11:10:42.114+0000] {subprocess.py:93} INFO - $GIT_PYTHON_REFRESH environment variable. Use one of the following values:
[2026-06-01T11:10:42.114+0000] {subprocess.py:93} INFO -     - quiet|q|silence|s|silent|none|n|0: for no message or exception
[2026-06-01T11:10:42.114+0000] {subprocess.py:93} INFO -     - warn|w|warning|log|l|1: for a warning message (logging level CRITICAL, displayed by default)
[2026-06-01T11:10:42.114+0000] {subprocess.py:93} INFO -     - error|e|exception|raise|r|2: for a raised exception
[2026-06-01T11:10:42.114+0000] {subprocess.py:93} INFO - 
[2026-06-01T11:10:42.117+0000] {subprocess.py:93} INFO - Example:
[2026-06-01T11:10:42.117+0000] {subprocess.py:93} INFO -     export GIT_PYTHON_REFRESH=quiet
[2026-06-01T11:10:42.117+0000] {subprocess.py:93} INFO - 
[2026-06-01T11:12:24.594+0000] {subprocess.py:93} INFO - Schema applied from /opt/***/project/app/database/schema.sql
[2026-06-01T11:12:24.596+0000] {subprocess.py:93} INFO - Device: cpu | MLflow: http://host.docker.internal:5000 | epochs: 1
[2026-06-01T11:12:24.596+0000] {subprocess.py:93} INFO - Epoch [1/1] Loss: 1.5372 Acc: 48.97%
[2026-06-01T11:12:24.596+0000] {subprocess.py:93} INFO - (warning) MLflow artifact upload skipped: [Errno 13] Permission denied: '/home/ubuntu'
[2026-06-01T11:12:24.596+0000] {subprocess.py:93} INFO - Done. Model -> models/cifar10_cnn.pth
[2026-06-01T11:12:24.597+0000] {subprocess.py:93} INFO - Logged run 3e917ab4c3144c4da6c7f101d379b073 to experiments table + MLflow.
[2026-06-01T11:12:24.597+0000] {subprocess.py:93} INFO - 🏃 View run sneaky-mouse-922 at: http://host.docker.internal:5000/#/experiments/1/runs/3e917ab4c3144c4da6c7f101d379b073
[2026-06-01T11:12:24.597+0000] {subprocess.py:93} INFO - 🧪 View experiment at: http://host.docker.internal:5000/#/experiments/1
[2026-06-01T11:12:25.585+0000] {subprocess.py:97} INFO - Command exited with return code 0
[2026-06-01T11:12:25.586+0000] {taskinstance.py:441} INFO - ::group::Post task execution logs
[2026-06-01T11:12:25.607+0000] {taskinstance.py:1206} INFO - Marking task as SUCCESS. dag_id=cifar10_training_pipeline, task_id=train_model, run_id=manual__2026-06-01T11:09:42+00:00, execution_date=20260601T110942, start_date=20260601T111031, end_date=20260601T111225
[2026-06-01T11:12:25.642+0000] {local_task_job_runner.py:243} INFO - Task exited with return code 0
[2026-06-01T11:12:25.661+0000] {taskinstance.py:3503} INFO - 1 downstream tasks scheduled from follow-on schedule check
[2026-06-01T11:12:25.663+0000] {local_task_job_runner.py:222} INFO - ::endgroup::
