[2026-06-06T15:15:54.308+0000] {local_task_job_runner.py:120} INFO - ::group::Pre task execution logs
[2026-06-06T15:15:54.324+0000] {taskinstance.py:2076} INFO - Dependencies all met for dep_context=non-requeueable deps ti=<TaskInstance: cifar10_training_pipeline.train_model scheduled__2026-06-05T00:00:00+00:00 [queued]>
[2026-06-06T15:15:54.330+0000] {taskinstance.py:2076} INFO - Dependencies all met for dep_context=requeueable deps ti=<TaskInstance: cifar10_training_pipeline.train_model scheduled__2026-06-05T00:00:00+00:00 [queued]>
[2026-06-06T15:15:54.330+0000] {taskinstance.py:2306} INFO - Starting attempt 1 of 1
[2026-06-06T15:15:54.340+0000] {taskinstance.py:2330} INFO - Executing <Task(BashOperator): train_model> on 2026-06-05 00:00:00+00:00
[2026-06-06T15:15:54.346+0000] {warnings.py:112} WARNING - /home/***/.local/lib/python3.12/site-packages/***/task/task_runner/standard_task_runner.py:62: DeprecationWarning: This process (pid=56) is multi-threaded, use of fork() may lead to deadlocks in the child.
  pid = os.fork()

[2026-06-06T15:15:54.347+0000] {standard_task_runner.py:64} INFO - Started process 57 to run task
[2026-06-06T15:15:54.347+0000] {standard_task_runner.py:90} INFO - Running: ['***', 'tasks', 'run', 'cifar10_training_pipeline', 'train_model', 'scheduled__2026-06-05T00:00:00+00:00', '--job-id', '70', '--raw', '--subdir', 'DAGS_FOLDER/cifar10_training_dag.py', '--cfg-path', '/tmp/tmpym5mseqd']
[2026-06-06T15:15:54.348+0000] {standard_task_runner.py:91} INFO - Job 70: Subtask train_model
[2026-06-06T15:15:54.378+0000] {task_command.py:426} INFO - Running <TaskInstance: cifar10_training_pipeline.train_model scheduled__2026-06-05T00:00:00+00:00 [running]> on host c01fc564bfa6
[2026-06-06T15:15:54.433+0000] {taskinstance.py:2648} INFO - Exporting env vars: AIRFLOW_CTX_DAG_OWNER='jeevan' AIRFLOW_CTX_DAG_ID='cifar10_training_pipeline' AIRFLOW_CTX_TASK_ID='train_model' AIRFLOW_CTX_EXECUTION_DATE='2026-06-05T00:00:00+00:00' AIRFLOW_CTX_TRY_NUMBER='1' AIRFLOW_CTX_DAG_RUN_ID='scheduled__2026-06-05T00:00:00+00:00'
[2026-06-06T15:15:54.434+0000] {taskinstance.py:430} INFO - ::endgroup::
[2026-06-06T15:15:54.442+0000] {subprocess.py:63} INFO - Tmp dir root location: /tmp
[2026-06-06T15:15:54.443+0000] {subprocess.py:75} INFO - Running command: ['/usr/bin/bash', '-c', '\n        cd /opt/***/project &&         POSTGRES_HOST=host.docker.internal REDIS_HOST=host.docker.internal MLFLOW_TRACKING_URI=http://host.docker.internal:5000 EPOCHS=10 python -m app.training.train\n        ']
[2026-06-06T15:15:54.451+0000] {subprocess.py:86} INFO - Output:
[2026-06-06T15:20:05.064+0000] {subprocess.py:93} INFO - Traceback (most recent call last):
[2026-06-06T15:20:05.064+0000] {subprocess.py:93} INFO -   File "/home/***/.local/lib/python3.12/site-packages/urllib3/connection.py", line 203, in _new_conn
[2026-06-06T15:20:05.065+0000] {subprocess.py:93} INFO -     sock = connection.create_connection(
[2026-06-06T15:20:05.065+0000] {subprocess.py:93} INFO -            ^^^^^^^^^^^^^^^^^^^^^^^^^^^^^
[2026-06-06T15:20:05.065+0000] {subprocess.py:93} INFO -   File "/home/***/.local/lib/python3.12/site-packages/urllib3/util/connection.py", line 85, in create_connection
[2026-06-06T15:20:05.066+0000] {subprocess.py:93} INFO -     raise err
[2026-06-06T15:20:05.066+0000] {subprocess.py:93} INFO -   File "/home/***/.local/lib/python3.12/site-packages/urllib3/util/connection.py", line 73, in create_connection
[2026-06-06T15:20:05.066+0000] {subprocess.py:93} INFO -     sock.connect(sa)
[2026-06-06T15:20:05.066+0000] {subprocess.py:93} INFO - ConnectionRefusedError: [Errno 111] Connection refused
[2026-06-06T15:20:05.066+0000] {subprocess.py:93} INFO - 
[2026-06-06T15:20:05.066+0000] {subprocess.py:93} INFO - The above exception was the direct cause of the following exception:
[2026-06-06T15:20:05.066+0000] {subprocess.py:93} INFO - 
[2026-06-06T15:20:05.066+0000] {subprocess.py:93} INFO - Traceback (most recent call last):
[2026-06-06T15:20:05.066+0000] {subprocess.py:93} INFO -   File "/home/***/.local/lib/python3.12/site-packages/urllib3/connectionpool.py", line 791, in urlopen
[2026-06-06T15:20:05.067+0000] {subprocess.py:93} INFO -     response = self._make_request(
[2026-06-06T15:20:05.068+0000] {subprocess.py:93} INFO -                ^^^^^^^^^^^^^^^^^^^
[2026-06-06T15:20:05.068+0000] {subprocess.py:93} INFO -   File "/home/***/.local/lib/python3.12/site-packages/urllib3/connectionpool.py", line 497, in _make_request
[2026-06-06T15:20:05.068+0000] {subprocess.py:93} INFO -     conn.request(
[2026-06-06T15:20:05.068+0000] {subprocess.py:93} INFO -   File "/home/***/.local/lib/python3.12/site-packages/urllib3/connection.py", line 395, in request
[2026-06-06T15:20:05.068+0000] {subprocess.py:93} INFO -     self.endheaders()
[2026-06-06T15:20:05.068+0000] {subprocess.py:93} INFO -   File "/usr/local/lib/python3.12/http/client.py", line 1331, in endheaders
[2026-06-06T15:20:05.068+0000] {subprocess.py:93} INFO -     self._send_output(message_body, encode_chunked=encode_chunked)
[2026-06-06T15:20:05.068+0000] {subprocess.py:93} INFO -   File "/usr/local/lib/python3.12/http/client.py", line 1091, in _send_output
[2026-06-06T15:20:05.068+0000] {subprocess.py:93} INFO -     self.send(msg)
[2026-06-06T15:20:05.069+0000] {subprocess.py:93} INFO -   File "/usr/local/lib/python3.12/http/client.py", line 1035, in send
[2026-06-06T15:20:05.069+0000] {subprocess.py:93} INFO -     self.connect()
[2026-06-06T15:20:05.069+0000] {subprocess.py:93} INFO -   File "/home/***/.local/lib/python3.12/site-packages/urllib3/connection.py", line 243, in connect
[2026-06-06T15:20:05.069+0000] {subprocess.py:93} INFO -     self.sock = self._new_conn()
[2026-06-06T15:20:05.069+0000] {subprocess.py:93} INFO -                 ^^^^^^^^^^^^^^^^
[2026-06-06T15:20:05.069+0000] {subprocess.py:93} INFO -   File "/home/***/.local/lib/python3.12/site-packages/urllib3/connection.py", line 218, in _new_conn
[2026-06-06T15:20:05.069+0000] {subprocess.py:93} INFO -     raise NewConnectionError(
[2026-06-06T15:20:05.069+0000] {subprocess.py:93} INFO - urllib3.exceptions.NewConnectionError: <urllib3.connection.HTTPConnection object at 0x7781fe60d910>: Failed to establish a new connection: [Errno 111] Connection refused
[2026-06-06T15:20:05.069+0000] {subprocess.py:93} INFO - 
[2026-06-06T15:20:05.070+0000] {subprocess.py:93} INFO - The above exception was the direct cause of the following exception:
[2026-06-06T15:20:05.070+0000] {subprocess.py:93} INFO - 
[2026-06-06T15:20:05.070+0000] {subprocess.py:93} INFO - Traceback (most recent call last):
[2026-06-06T15:20:05.070+0000] {subprocess.py:93} INFO -   File "/home/***/.local/lib/python3.12/site-packages/requests/adapters.py", line 667, in send
[2026-06-06T15:20:05.071+0000] {subprocess.py:93} INFO -     resp = conn.urlopen(
[2026-06-06T15:20:05.071+0000] {subprocess.py:93} INFO -            ^^^^^^^^^^^^^
[2026-06-06T15:20:05.071+0000] {subprocess.py:93} INFO -   File "/home/***/.local/lib/python3.12/site-packages/urllib3/connectionpool.py", line 875, in urlopen
[2026-06-06T15:20:05.071+0000] {subprocess.py:93} INFO -     return self.urlopen(
[2026-06-06T15:20:05.071+0000] {subprocess.py:93} INFO -            ^^^^^^^^^^^^^
[2026-06-06T15:20:05.072+0000] {subprocess.py:93} INFO -   File "/home/***/.local/lib/python3.12/site-packages/urllib3/connectionpool.py", line 875, in urlopen
[2026-06-06T15:20:05.072+0000] {subprocess.py:93} INFO -     return self.urlopen(
[2026-06-06T15:20:05.072+0000] {subprocess.py:93} INFO -            ^^^^^^^^^^^^^
[2026-06-06T15:20:05.072+0000] {subprocess.py:93} INFO -   File "/home/***/.local/lib/python3.12/site-packages/urllib3/connectionpool.py", line 875, in urlopen
[2026-06-06T15:20:05.072+0000] {subprocess.py:93} INFO -     return self.urlopen(
[2026-06-06T15:20:05.072+0000] {subprocess.py:93} INFO -            ^^^^^^^^^^^^^
[2026-06-06T15:20:05.072+0000] {subprocess.py:93} INFO -   [Previous line repeated 4 more times]
[2026-06-06T15:20:05.072+0000] {subprocess.py:93} INFO -   File "/home/***/.local/lib/python3.12/site-packages/urllib3/connectionpool.py", line 845, in urlopen
[2026-06-06T15:20:05.072+0000] {subprocess.py:93} INFO -     retries = retries.increment(
[2026-06-06T15:20:05.072+0000] {subprocess.py:93} INFO -               ^^^^^^^^^^^^^^^^^^
[2026-06-06T15:20:05.072+0000] {subprocess.py:93} INFO -   File "/home/***/.local/lib/python3.12/site-packages/urllib3/util/retry.py", line 515, in increment
[2026-06-06T15:20:05.074+0000] {subprocess.py:93} INFO -     raise MaxRetryError(_pool, url, reason) from reason  # type: ignore[arg-type]
[2026-06-06T15:20:05.074+0000] {subprocess.py:93} INFO -     ^^^^^^^^^^^^^^^^^^^^^^^^^^^^^^^^^^^^^^^^^^^^^^^^^^^
[2026-06-06T15:20:05.074+0000] {subprocess.py:93} INFO - urllib3.exceptions.MaxRetryError: HTTPConnectionPool(host='host.docker.internal', port=5000): Max retries exceeded with url: /api/2.0/mlflow/experiments/get-by-name?experiment_name=cifar10_training (Caused by NewConnectionError('<urllib3.connection.HTTPConnection object at 0x7781fe60d910>: Failed to establish a new connection: [Errno 111] Connection refused'))
[2026-06-06T15:20:05.074+0000] {subprocess.py:93} INFO - 
[2026-06-06T15:20:05.074+0000] {subprocess.py:93} INFO - During handling of the above exception, another exception occurred:
[2026-06-06T15:20:05.074+0000] {subprocess.py:93} INFO - 
[2026-06-06T15:20:05.075+0000] {subprocess.py:93} INFO - Traceback (most recent call last):
[2026-06-06T15:20:05.075+0000] {subprocess.py:93} INFO -   File "/home/***/.local/lib/python3.12/site-packages/mlflow/utils/rest_utils.py", line 292, in http_request
[2026-06-06T15:20:05.075+0000] {subprocess.py:93} INFO -     return _get_http_response_with_retries(
[2026-06-06T15:20:05.075+0000] {subprocess.py:93} INFO -            ^^^^^^^^^^^^^^^^^^^^^^^^^^^^^^^^
[2026-06-06T15:20:05.075+0000] {subprocess.py:93} INFO -   File "/home/***/.local/lib/python3.12/site-packages/mlflow/utils/request_utils.py", line 282, in _get_http_response_with_retries
[2026-06-06T15:20:05.076+0000] {subprocess.py:93} INFO -     return session.request(method, url, allow_redirects=allow_redirects, **kwargs)
[2026-06-06T15:20:05.076+0000] {subprocess.py:93} INFO -            ^^^^^^^^^^^^^^^^^^^^^^^^^^^^^^^^^^^^^^^^^^^^^^^^^^^^^^^^^^^^^^^^^^^^^^^
[2026-06-06T15:20:05.076+0000] {subprocess.py:93} INFO -   File "/home/***/.local/lib/python3.12/site-packages/requests/sessions.py", line 589, in request
[2026-06-06T15:20:05.078+0000] {subprocess.py:93} INFO -     resp = self.send(prep, **send_kwargs)
[2026-06-06T15:20:05.078+0000] {subprocess.py:93} INFO -            ^^^^^^^^^^^^^^^^^^^^^^^^^^^^^^
[2026-06-06T15:20:05.079+0000] {subprocess.py:93} INFO -   File "/home/***/.local/lib/python3.12/site-packages/requests/sessions.py", line 703, in send
[2026-06-06T15:20:05.079+0000] {subprocess.py:93} INFO -     r = adapter.send(request, **kwargs)
[2026-06-06T15:20:05.079+0000] {subprocess.py:93} INFO -         ^^^^^^^^^^^^^^^^^^^^^^^^^^^^^^^
[2026-06-06T15:20:05.079+0000] {subprocess.py:93} INFO -   File "/home/***/.local/lib/python3.12/site-packages/requests/adapters.py", line 700, in send
[2026-06-06T15:20:05.079+0000] {subprocess.py:93} INFO -     raise ConnectionError(e, request=request)
[2026-06-06T15:20:05.079+0000] {subprocess.py:93} INFO - requests.exceptions.ConnectionError: HTTPConnectionPool(host='host.docker.internal', port=5000): Max retries exceeded with url: /api/2.0/mlflow/experiments/get-by-name?experiment_name=cifar10_training (Caused by NewConnectionError('<urllib3.connection.HTTPConnection object at 0x7781fe60d910>: Failed to establish a new connection: [Errno 111] Connection refused'))
[2026-06-06T15:20:05.079+0000] {subprocess.py:93} INFO - 
[2026-06-06T15:20:05.079+0000] {subprocess.py:93} INFO - During handling of the above exception, another exception occurred:
[2026-06-06T15:20:05.079+0000] {subprocess.py:93} INFO - 
[2026-06-06T15:20:05.079+0000] {subprocess.py:93} INFO - Traceback (most recent call last):
[2026-06-06T15:20:05.079+0000] {subprocess.py:93} INFO -   File "<frozen runpy>", line 198, in _run_module_as_main
[2026-06-06T15:20:05.079+0000] {subprocess.py:93} INFO -   File "<frozen runpy>", line 88, in _run_code
[2026-06-06T15:20:05.080+0000] {subprocess.py:93} INFO -   File "/opt/***/project/app/training/train.py", line 25, in <module>
[2026-06-06T15:20:05.080+0000] {subprocess.py:93} INFO -     mlflow.set_experiment("cifar10_training")
[2026-06-06T15:20:05.080+0000] {subprocess.py:93} INFO -   File "/home/***/.local/lib/python3.12/site-packages/mlflow/tracking/fluent.py", line 209, in set_experiment
[2026-06-06T15:20:05.080+0000] {subprocess.py:93} INFO -     experiment = client.get_experiment_by_name(experiment_name)
[2026-06-06T15:20:05.080+0000] {subprocess.py:93} INFO -                  ^^^^^^^^^^^^^^^^^^^^^^^^^^^^^^^^^^^^^^^^^^^^^^
[2026-06-06T15:20:05.080+0000] {subprocess.py:93} INFO -   File "/home/***/.local/lib/python3.12/site-packages/mlflow/tracking/_tracking_service/client.py", line 283, in get_experiment_by_name
[2026-06-06T15:20:05.080+0000] {subprocess.py:93} INFO -     return self.store.get_experiment_by_name(name)
[2026-06-06T15:20:05.081+0000] {subprocess.py:93} INFO -            ^^^^^^^^^^^^^^^^^^^^^^^^^^^^^^^^^^^^^^^
[2026-06-06T15:20:05.081+0000] {subprocess.py:93} INFO -   File "/home/***/.local/lib/python3.12/site-packages/mlflow/store/tracking/rest_store.py", line 1120, in get_experiment_by_name
[2026-06-06T15:20:05.082+0000] {subprocess.py:93} INFO -     response_proto = self._call_endpoint(GetExperimentByName, req_body)
[2026-06-06T15:20:05.083+0000] {subprocess.py:93} INFO -                      ^^^^^^^^^^^^^^^^^^^^^^^^^^^^^^^^^^^^^^^^^^^^^^^^^^
[2026-06-06T15:20:05.083+0000] {subprocess.py:93} INFO -   File "/home/***/.local/lib/python3.12/site-packages/mlflow/store/tracking/rest_store.py", line 243, in _call_endpoint
[2026-06-06T15:20:05.083+0000] {subprocess.py:93} INFO -     return call_endpoint(
[2026-06-06T15:20:05.083+0000] {subprocess.py:93} INFO -            ^^^^^^^^^^^^^^
[2026-06-06T15:20:05.083+0000] {subprocess.py:93} INFO -   File "/home/***/.local/lib/python3.12/site-packages/mlflow/utils/rest_utils.py", line 665, in call_endpoint
[2026-06-06T15:20:05.083+0000] {subprocess.py:93} INFO -     response = http_request(**call_kwargs)
[2026-06-06T15:20:05.083+0000] {subprocess.py:93} INFO -                ^^^^^^^^^^^^^^^^^^^^^^^^^^^
[2026-06-06T15:20:05.083+0000] {subprocess.py:93} INFO -   File "/home/***/.local/lib/python3.12/site-packages/mlflow/utils/rest_utils.py", line 315, in http_request
[2026-06-06T15:20:05.084+0000] {subprocess.py:93} INFO -     raise MlflowException(f"API request to {url} failed with exception {e}")
[2026-06-06T15:20:05.084+0000] {subprocess.py:93} INFO - mlflow.exceptions.MlflowException: API request to http://host.docker.internal:5000/api/2.0/mlflow/experiments/get-by-name failed with exception HTTPConnectionPool(host='host.docker.internal', port=5000): Max retries exceeded with url: /api/2.0/mlflow/experiments/get-by-name?experiment_name=cifar10_training (Caused by NewConnectionError('<urllib3.connection.HTTPConnection object at 0x7781fe60d910>: Failed to establish a new connection: [Errno 111] Connection refused'))
[2026-06-06T15:20:05.816+0000] {subprocess.py:97} INFO - Command exited with return code 1
[2026-06-06T15:20:05.817+0000] {taskinstance.py:441} INFO - ::group::Post task execution logs
[2026-06-06T15:20:05.825+0000] {taskinstance.py:2905} ERROR - Task failed with exception
Traceback (most recent call last):
  File "/home/airflow/.local/lib/python3.12/site-packages/airflow/models/taskinstance.py", line 465, in _execute_task
    result = _execute_callable(context=context, **execute_callable_kwargs)
             ^^^^^^^^^^^^^^^^^^^^^^^^^^^^^^^^^^^^^^^^^^^^^^^^^^^^^^^^^^^^^
  File "/home/airflow/.local/lib/python3.12/site-packages/airflow/models/taskinstance.py", line 432, in _execute_callable
    return execute_callable(context=context, **execute_callable_kwargs)
           ^^^^^^^^^^^^^^^^^^^^^^^^^^^^^^^^^^^^^^^^^^^^^^^^^^^^^^^^^^^^
  File "/home/airflow/.local/lib/python3.12/site-packages/airflow/models/baseoperator.py", line 401, in wrapper
    return func(self, *args, **kwargs)
           ^^^^^^^^^^^^^^^^^^^^^^^^^^^
  File "/home/airflow/.local/lib/python3.12/site-packages/airflow/operators/bash.py", line 243, in execute
    raise AirflowException(
airflow.exceptions.AirflowException: Bash command failed. The command returned a non-zero exit code 1.
[2026-06-06T15:20:05.831+0000] {taskinstance.py:1206} INFO - Marking task as FAILED. dag_id=cifar10_training_pipeline, task_id=train_model, run_id=scheduled__2026-06-05T00:00:00+00:00, execution_date=20260605T000000, start_date=20260606T151554, end_date=20260606T152005
[2026-06-06T15:20:05.845+0000] {standard_task_runner.py:110} ERROR - Failed to execute job 70 for task train_model (Bash command failed. The command returned a non-zero exit code 1.; 57)
[2026-06-06T15:20:05.889+0000] {local_task_job_runner.py:243} INFO - Task exited with return code 1
[2026-06-06T15:20:05.904+0000] {taskinstance.py:3503} INFO - 0 downstream tasks scheduled from follow-on schedule check
[2026-06-06T15:20:05.907+0000] {local_task_job_runner.py:222} INFO - ::endgroup::
