[2026-06-04T02:06:13.693+0000] {local_task_job_runner.py:120} INFO - ::group::Pre task execution logs
[2026-06-04T02:06:13.717+0000] {taskinstance.py:2076} INFO - Dependencies all met for dep_context=non-requeueable deps ti=<TaskInstance: cifar10_training_pipeline.check_environment scheduled__2026-06-03T00:00:00+00:00 [queued]>
[2026-06-04T02:06:13.726+0000] {taskinstance.py:2076} INFO - Dependencies all met for dep_context=requeueable deps ti=<TaskInstance: cifar10_training_pipeline.check_environment scheduled__2026-06-03T00:00:00+00:00 [queued]>
[2026-06-04T02:06:13.727+0000] {taskinstance.py:2306} INFO - Starting attempt 1 of 1
[2026-06-04T02:06:13.741+0000] {taskinstance.py:2330} INFO - Executing <Task(BashOperator): check_environment> on 2026-06-03 00:00:00+00:00
[2026-06-04T02:06:13.749+0000] {warnings.py:112} WARNING - /home/***/.local/lib/python3.12/site-packages/***/task/task_runner/standard_task_runner.py:62: DeprecationWarning: This process (pid=42) is multi-threaded, use of fork() may lead to deadlocks in the child.
  pid = os.fork()

[2026-06-04T02:06:13.750+0000] {standard_task_runner.py:64} INFO - Started process 43 to run task
[2026-06-04T02:06:13.751+0000] {standard_task_runner.py:90} INFO - Running: ['***', 'tasks', 'run', 'cifar10_training_pipeline', 'check_environment', 'scheduled__2026-06-03T00:00:00+00:00', '--job-id', '62', '--raw', '--subdir', 'DAGS_FOLDER/cifar10_training_dag.py', '--cfg-path', '/tmp/tmpu4_tj2b0']
[2026-06-04T02:06:13.753+0000] {standard_task_runner.py:91} INFO - Job 62: Subtask check_environment
[2026-06-04T02:06:13.797+0000] {task_command.py:426} INFO - Running <TaskInstance: cifar10_training_pipeline.check_environment scheduled__2026-06-03T00:00:00+00:00 [running]> on host c01fc564bfa6
[2026-06-04T02:06:13.897+0000] {taskinstance.py:2648} INFO - Exporting env vars: AIRFLOW_CTX_DAG_OWNER='jeevan' AIRFLOW_CTX_DAG_ID='cifar10_training_pipeline' AIRFLOW_CTX_TASK_ID='check_environment' AIRFLOW_CTX_EXECUTION_DATE='2026-06-03T00:00:00+00:00' AIRFLOW_CTX_TRY_NUMBER='1' AIRFLOW_CTX_DAG_RUN_ID='scheduled__2026-06-03T00:00:00+00:00'
[2026-06-04T02:06:13.898+0000] {taskinstance.py:430} INFO - ::endgroup::
[2026-06-04T02:06:13.923+0000] {subprocess.py:63} INFO - Tmp dir root location: /tmp
[2026-06-04T02:06:13.923+0000] {subprocess.py:75} INFO - Running command: ['/usr/bin/bash', '-c', '\n        cd /opt/***/project &&         python -c "import torch, mlflow; print(\'Environment OK\')" &&         POSTGRES_HOST=host.docker.internal REDIS_HOST=host.docker.internal MLFLOW_TRACKING_URI=http://host.docker.internal:5000 python -c "from app.database.db import engine; from sqlalchemy import text; c=engine.connect(); c.execute(text(\'SELECT 1\')); c.close(); print(\'Store reachable\')"\n        ']
[2026-06-04T02:06:13.935+0000] {subprocess.py:86} INFO - Output:
[2026-06-04T02:06:19.831+0000] {subprocess.py:93} INFO - Environment OK
[2026-06-04T02:06:21.005+0000] {subprocess.py:93} INFO - Store reachable
[2026-06-04T02:06:21.046+0000] {subprocess.py:97} INFO - Command exited with return code 0
[2026-06-04T02:06:21.046+0000] {taskinstance.py:441} INFO - ::group::Post task execution logs
[2026-06-04T02:06:21.068+0000] {taskinstance.py:1206} INFO - Marking task as SUCCESS. dag_id=cifar10_training_pipeline, task_id=check_environment, run_id=scheduled__2026-06-03T00:00:00+00:00, execution_date=20260603T000000, start_date=20260604T020613, end_date=20260604T020621
[2026-06-04T02:06:21.107+0000] {local_task_job_runner.py:243} INFO - Task exited with return code 0
[2026-06-04T02:06:21.126+0000] {taskinstance.py:3503} INFO - 1 downstream tasks scheduled from follow-on schedule check
[2026-06-04T02:06:21.128+0000] {local_task_job_runner.py:222} INFO - ::endgroup::
