[2026-06-04T02:06:50.366+0000] {local_task_job_runner.py:120} INFO - ::group::Pre task execution logs
[2026-06-04T02:06:50.385+0000] {taskinstance.py:2076} INFO - Dependencies all met for dep_context=non-requeueable deps ti=<TaskInstance: cifar10_training_pipeline.train_model scheduled__2026-06-03T00:00:00+00:00 [queued]>
[2026-06-04T02:06:50.392+0000] {taskinstance.py:2076} INFO - Dependencies all met for dep_context=requeueable deps ti=<TaskInstance: cifar10_training_pipeline.train_model scheduled__2026-06-03T00:00:00+00:00 [queued]>
[2026-06-04T02:06:50.393+0000] {taskinstance.py:2306} INFO - Starting attempt 1 of 1
[2026-06-04T02:06:50.404+0000] {taskinstance.py:2330} INFO - Executing <Task(BashOperator): train_model> on 2026-06-03 00:00:00+00:00
[2026-06-04T02:06:50.411+0000] {warnings.py:112} WARNING - /home/***/.local/lib/python3.12/site-packages/***/task/task_runner/standard_task_runner.py:62: DeprecationWarning: This process (pid=56) is multi-threaded, use of fork() may lead to deadlocks in the child.
  pid = os.fork()

[2026-06-04T02:06:50.412+0000] {standard_task_runner.py:64} INFO - Started process 57 to run task
[2026-06-04T02:06:50.413+0000] {standard_task_runner.py:90} INFO - Running: ['***', 'tasks', 'run', 'cifar10_training_pipeline', 'train_model', 'scheduled__2026-06-03T00:00:00+00:00', '--job-id', '64', '--raw', '--subdir', 'DAGS_FOLDER/cifar10_training_dag.py', '--cfg-path', '/tmp/tmpummtdzf2']
[2026-06-04T02:06:50.414+0000] {standard_task_runner.py:91} INFO - Job 64: Subtask train_model
[2026-06-04T02:06:50.449+0000] {task_command.py:426} INFO - Running <TaskInstance: cifar10_training_pipeline.train_model scheduled__2026-06-03T00:00:00+00:00 [running]> on host c01fc564bfa6
[2026-06-04T02:06:50.518+0000] {taskinstance.py:2648} INFO - Exporting env vars: AIRFLOW_CTX_DAG_OWNER='jeevan' AIRFLOW_CTX_DAG_ID='cifar10_training_pipeline' AIRFLOW_CTX_TASK_ID='train_model' AIRFLOW_CTX_EXECUTION_DATE='2026-06-03T00:00:00+00:00' AIRFLOW_CTX_TRY_NUMBER='1' AIRFLOW_CTX_DAG_RUN_ID='scheduled__2026-06-03T00:00:00+00:00'
[2026-06-04T02:06:50.519+0000] {taskinstance.py:430} INFO - ::endgroup::
[2026-06-04T02:06:50.530+0000] {subprocess.py:63} INFO - Tmp dir root location: /tmp
[2026-06-04T02:06:50.530+0000] {subprocess.py:75} INFO - Running command: ['/usr/bin/bash', '-c', '\n        cd /opt/***/project &&         POSTGRES_HOST=host.docker.internal REDIS_HOST=host.docker.internal MLFLOW_TRACKING_URI=http://host.docker.internal:5000 EPOCHS=10 python -m app.training.train\n        ']
[2026-06-04T02:06:50.540+0000] {subprocess.py:86} INFO - Output:
[2026-06-04T02:06:55.847+0000] {subprocess.py:93} INFO - 2026/06/04 02:06:55 WARNING mlflow.utils.git_utils: Failed to import Git (the Git executable is probably not on your PATH), so Git SHA is not available. Error: Failed to initialize: Bad git executable.
[2026-06-04T02:06:55.847+0000] {subprocess.py:93} INFO - The git executable must be specified in one of the following ways:
[2026-06-04T02:06:55.847+0000] {subprocess.py:93} INFO -     - be included in your $PATH
[2026-06-04T02:06:55.847+0000] {subprocess.py:93} INFO -     - be set via $GIT_PYTHON_GIT_EXECUTABLE
[2026-06-04T02:06:55.848+0000] {subprocess.py:93} INFO -     - explicitly set via git.refresh(<full-path-to-git-executable>)
[2026-06-04T02:06:55.848+0000] {subprocess.py:93} INFO - 
[2026-06-04T02:06:55.848+0000] {subprocess.py:93} INFO - All git commands will error until this is rectified.
[2026-06-04T02:06:55.848+0000] {subprocess.py:93} INFO - 
[2026-06-04T02:06:55.848+0000] {subprocess.py:93} INFO - This initial message can be silenced or aggravated in the future by setting the
[2026-06-04T02:06:55.848+0000] {subprocess.py:93} INFO - $GIT_PYTHON_REFRESH environment variable. Use one of the following values:
[2026-06-04T02:06:55.851+0000] {subprocess.py:93} INFO -     - quiet|q|silence|s|silent|none|n|0: for no message or exception
[2026-06-04T02:06:55.851+0000] {subprocess.py:93} INFO -     - warn|w|warning|log|l|1: for a warning message (logging level CRITICAL, displayed by default)
[2026-06-04T02:06:55.851+0000] {subprocess.py:93} INFO -     - error|e|exception|raise|r|2: for a raised exception
[2026-06-04T02:06:55.851+0000] {subprocess.py:93} INFO - 
[2026-06-04T02:06:55.854+0000] {subprocess.py:93} INFO - Example:
[2026-06-04T02:06:55.854+0000] {subprocess.py:93} INFO -     export GIT_PYTHON_REFRESH=quiet
[2026-06-04T02:06:55.854+0000] {subprocess.py:93} INFO - 
[2026-06-04T02:19:30.495+0000] {subprocess.py:93} INFO - Schema applied from /opt/***/project/app/database/schema.sql
[2026-06-04T02:19:30.495+0000] {subprocess.py:93} INFO - Device: cpu | MLflow: http://host.docker.internal:5000 | epochs: 10
[2026-06-04T02:19:30.496+0000] {subprocess.py:93} INFO - Epoch [1/10] Loss: 1.5312 Acc: 52.73%
[2026-06-04T02:19:30.496+0000] {subprocess.py:93} INFO - Epoch [2/10] Loss: 1.2087 Acc: 63.34%
[2026-06-04T02:19:30.496+0000] {subprocess.py:93} INFO - Epoch [3/10] Loss: 1.0755 Acc: 68.62%
[2026-06-04T02:19:30.496+0000] {subprocess.py:93} INFO - Epoch [4/10] Loss: 1.0057 Acc: 70.64%
[2026-06-04T02:19:30.496+0000] {subprocess.py:93} INFO - Epoch [5/10] Loss: 0.9340 Acc: 71.42%
[2026-06-04T02:19:30.496+0000] {subprocess.py:93} INFO - Epoch [6/10] Loss: 0.8989 Acc: 74.95%
[2026-06-04T02:19:30.496+0000] {subprocess.py:93} INFO - Epoch [7/10] Loss: 0.8606 Acc: 74.79%
[2026-06-04T02:19:30.497+0000] {subprocess.py:93} INFO - Epoch [8/10] Loss: 0.8300 Acc: 76.16%
[2026-06-04T02:19:30.497+0000] {subprocess.py:93} INFO - Epoch [9/10] Loss: 0.7951 Acc: 76.38%
[2026-06-04T02:19:30.497+0000] {subprocess.py:93} INFO - Epoch [10/10] Loss: 0.7752 Acc: 76.07%
[2026-06-04T02:19:30.497+0000] {subprocess.py:93} INFO - (warning) MLflow artifact upload skipped: [Errno 13] Permission denied: '/home/ubuntu'
[2026-06-04T02:19:30.497+0000] {subprocess.py:93} INFO - Done. Model -> models/cifar10_cnn.pth
[2026-06-04T02:19:30.497+0000] {subprocess.py:93} INFO - Logged run 02e8a79bbff14cb79e8d4c88669118b1 to experiments table + MLflow.
[2026-06-04T02:19:30.497+0000] {subprocess.py:93} INFO - 🏃 View run puzzled-slug-60 at: http://host.docker.internal:5000/#/experiments/1/runs/02e8a79bbff14cb79e8d4c88669118b1
[2026-06-04T02:19:30.498+0000] {subprocess.py:93} INFO - 🧪 View experiment at: http://host.docker.internal:5000/#/experiments/1
[2026-06-04T02:19:31.461+0000] {subprocess.py:97} INFO - Command exited with return code 0
[2026-06-04T02:19:31.462+0000] {taskinstance.py:441} INFO - ::group::Post task execution logs
[2026-06-04T02:19:31.484+0000] {taskinstance.py:1206} INFO - Marking task as SUCCESS. dag_id=cifar10_training_pipeline, task_id=train_model, run_id=scheduled__2026-06-03T00:00:00+00:00, execution_date=20260603T000000, start_date=20260604T020650, end_date=20260604T021931
[2026-06-04T02:19:31.528+0000] {local_task_job_runner.py:243} INFO - Task exited with return code 0
[2026-06-04T02:19:31.548+0000] {taskinstance.py:3503} INFO - 1 downstream tasks scheduled from follow-on schedule check
[2026-06-04T02:19:31.549+0000] {local_task_job_runner.py:222} INFO - ::endgroup::
